2024-12-14 17:47:19 INFO  BaseTest:19 - Test canAssertThatXlsContainsText is started!
2024-12-14 17:47:20 INFO  WebDriverRun:35 - ChromeDriver has been launched.
2024-12-14 17:47:20 INFO  BaseTest:21 - Tests automation is started
2024-12-14 17:53:05 INFO  BaseTest:19 - Test canAssertThatXlsContainsText is started!
2024-12-14 17:53:07 INFO  WebDriverRun:35 - ChromeDriver has been launched.
2024-12-14 17:53:07 INFO  BaseTest:21 - Tests automation is started
2024-12-14 17:55:02 INFO  BaseTest:19 - Test canAssertThatXlsContainsText is started!
2024-12-14 17:55:03 INFO  WebDriverRun:35 - ChromeDriver has been launched.
2024-12-14 17:55:03 INFO  BaseTest:21 - Tests automation is started
2024-12-14 18:02:02 INFO  BaseTest:19 - Test canAssertThatXlsContainsText is started!
2024-12-14 18:02:04 INFO  WebDriverRun:35 - ChromeDriver has been launched.
2024-12-14 18:02:04 INFO  BaseTest:21 - Tests automation is started
2024-12-14 18:02:22 INFO  BaseTest:19 - Test canAssertThatXlsContainsText is started!
2024-12-14 18:02:23 INFO  WebDriverRun:35 - ChromeDriver has been launched.
2024-12-14 18:02:23 INFO  BaseTest:21 - Tests automation is started
2024-12-14 18:03:35 INFO  BaseTest:19 - Test canAssertThatXlsContainsText is started!
2024-12-14 18:03:37 INFO  WebDriverRun:35 - ChromeDriver has been launched.
2024-12-14 18:03:37 INFO  BaseTest:21 - Tests automation is started
2024-12-14 18:03:40 INFO  BaseTest:27 - Tests automation is ended
2024-12-14 18:03:40 INFO  WebDriverRun:46 - WebDriver has been closed successfully.
2024-12-14 18:03:40 INFO  BaseTest:33 - Test canAssertThatXlsContainsText is PASSED
2024-12-14 18:22:53 INFO  BaseTest:19 - Test canFindAndVerifyCoursePage is started!
2024-12-14 18:22:55 INFO  WebDriverRun:35 - ChromeDriver has been launched.
2024-12-14 18:22:55 INFO  BaseTest:21 - Tests automation is started
2024-12-14 18:23:10 INFO  BaseTest:27 - Tests automation is ended
2024-12-14 18:23:10 INFO  WebDriverRun:46 - WebDriver has been closed successfully.
2024-12-14 18:23:10 INFO  BaseTest:33 - Test canFindAndVerifyCoursePage is PASSED
2024-12-14 18:24:11 INFO  BaseTest:19 - Test canFindAndVerifyCoursePage is started!
2024-12-14 18:24:13 INFO  WebDriverRun:35 - ChromeDriver has been launched.
2024-12-14 18:24:16 INFO  BaseTest:24 - Tests automation is ended
2024-12-14 18:24:16 INFO  WebDriverRun:46 - WebDriver has been closed successfully.
2024-12-14 18:24:16 INFO  BaseTest:30 - Test canFindAndVerifyCoursePage is PASSED
2024-12-14 22:24:10 INFO  BaseTest:19 - Test canFindAndVerifyCoursePage is started!
2024-12-14 22:24:12 INFO  WebDriverRun:35 - ChromeDriver has been launched.
2024-12-14 22:24:20 INFO  BaseTest:24 - Tests automation is ended
2024-12-14 22:24:21 INFO  WebDriverRun:46 - WebDriver has been closed successfully.
2024-12-14 22:24:21 ERROR BaseTest:33 - Test canFindAndVerifyCoursePage is FAILED
org.openqa.selenium.TimeoutException: Expected condition failed: waiting for com.otus.testframework.framework.framework.utils.AdditionalConditions$$Lambda$630/0x00000070012d1000@63e5e5b4 (tried for 5 second(s) with 500 milliseconds interval)
Build info: version: '4.27.0', revision: 'd6e718d134'
System info: os.name: 'Mac OS X', os.arch: 'aarch64', os.version: '13.1', java.version: '17.0.13'
Driver info: org.openqa.selenium.chrome.ChromeDriver
Capabilities {acceptInsecureCerts: false, browserName: chrome, browserVersion: 117.0.5938.132, chrome: {chromedriverVersion: 117.0.5938.149 (e3344ddefa1..., userDataDir: /var/folders/jd/bk58j_5x68v...}, fedcm:accounts: true, goog:chromeOptions: {debuggerAddress: localhost:55902}, networkConnectionEnabled: false, pageLoadStrategy: normal, platformName: mac, proxy: Proxy(), se:cdp: ws://localhost:55902/devtoo..., se:cdpVersion: 117.0.5938.132, setWindowRect: true, strictFileInteractability: false, timeouts: {implicit: 0, pageLoad: 300000, script: 30000}, unhandledPromptBehavior: dismiss and notify, webauthn:extension:credBlob: true, webauthn:extension:largeBlob: true, webauthn:extension:minPinLength: true, webauthn:extension:prf: true, webauthn:virtualAuthenticators: true}
Session ID: ed9413efc573f7c0ee7c7412bb5513d1
	at org.openqa.selenium.support.ui.WebDriverWait.timeoutException(WebDriverWait.java:84)
	at org.openqa.selenium.support.ui.FluentWait.until(FluentWait.java:228)
	at com.otus.testframework.framework.framework.pages.AbstractWebPage.shortWaitUntil(AbstractWebPage.java:50)
	at com.otus.testframework.framework.framework.pages.CoursesPage.clickSearchField(CoursesPage.java:27)
	at homework.FirstHomeWorkTest.canFindAndVerifyCoursePage(FirstHomeWorkTest.java:14)
	at java.base/jdk.internal.reflect.NativeMethodAccessorImpl.invoke0(Native Method)
	at java.base/jdk.internal.reflect.NativeMethodAccessorImpl.invoke(NativeMethodAccessorImpl.java:77)
	at java.base/jdk.internal.reflect.DelegatingMethodAccessorImpl.invoke(DelegatingMethodAccessorImpl.java:43)
	at java.base/java.lang.reflect.Method.invoke(Method.java:569)
	at org.testng.internal.invokers.MethodInvocationHelper.invokeMethod(MethodInvocationHelper.java:139)
	at org.testng.internal.invokers.TestInvoker.invokeMethod(TestInvoker.java:664)
	at org.testng.internal.invokers.TestInvoker.invokeTestMethod(TestInvoker.java:227)
	at org.testng.internal.invokers.MethodRunner.runInSequence(MethodRunner.java:50)
	at org.testng.internal.invokers.TestInvoker$MethodInvocationAgent.invoke(TestInvoker.java:957)
	at org.testng.internal.invokers.TestInvoker.invokeTestMethods(TestInvoker.java:200)
	at org.testng.internal.invokers.TestMethodWorker.invokeTestMethods(TestMethodWorker.java:148)
	at org.testng.internal.invokers.TestMethodWorker.run(TestMethodWorker.java:128)
	at java.base/java.util.ArrayList.forEach(ArrayList.java:1511)
	at org.testng.TestRunner.privateRun(TestRunner.java:848)
	at org.testng.TestRunner.run(TestRunner.java:621)
	at org.testng.SuiteRunner.runTest(SuiteRunner.java:443)
	at org.testng.SuiteRunner.runSequentially(SuiteRunner.java:437)
	at org.testng.SuiteRunner.privateRun(SuiteRunner.java:397)
	at org.testng.SuiteRunner.run(SuiteRunner.java:336)
	at org.testng.SuiteRunnerWorker.runSuite(SuiteRunnerWorker.java:52)
	at org.testng.SuiteRunnerWorker.run(SuiteRunnerWorker.java:95)
	at org.testng.TestNG.runSuitesSequentially(TestNG.java:1280)
	at org.testng.TestNG.runSuitesLocally(TestNG.java:1200)
	at org.testng.TestNG.runSuites(TestNG.java:1114)
	at org.testng.TestNG.run(TestNG.java:1082)
	at com.intellij.rt.testng.IDEARemoteTestNG.run(IDEARemoteTestNG.java:66)
	at com.intellij.rt.testng.RemoteTestNGStarter.main(RemoteTestNGStarter.java:109)
2024-12-14 22:25:11 INFO  BaseTest:19 - Test canFindAndVerifyCoursePage is started!
2024-12-14 22:25:12 INFO  WebDriverRun:35 - ChromeDriver has been launched.
2024-12-14 22:32:59 INFO  BaseTest:24 - Tests automation is ended
2024-12-14 22:33:00 INFO  WebDriverRun:46 - WebDriver has been closed successfully.
2024-12-14 22:33:00 ERROR BaseTest:33 - Test canFindAndVerifyCoursePage is FAILED
org.openqa.selenium.TimeoutException: Expected condition failed: waiting for com.otus.testframework.framework.framework.utils.AdditionalConditions$$Lambda$612/0x0000007001274eb8@21fdfefc (tried for 5 second(s) with 500 milliseconds interval)
Build info: version: '4.27.0', revision: 'd6e718d134'
System info: os.name: 'Mac OS X', os.arch: 'aarch64', os.version: '13.1', java.version: '17.0.13'
Driver info: org.openqa.selenium.chrome.ChromeDriver
Capabilities {acceptInsecureCerts: false, browserName: chrome, browserVersion: 117.0.5938.132, chrome: {chromedriverVersion: 117.0.5938.149 (e3344ddefa1..., userDataDir: /var/folders/jd/bk58j_5x68v...}, fedcm:accounts: true, goog:chromeOptions: {debuggerAddress: localhost:55987}, networkConnectionEnabled: false, pageLoadStrategy: normal, platformName: mac, proxy: Proxy(), se:cdp: ws://localhost:55987/devtoo..., se:cdpVersion: 117.0.5938.132, setWindowRect: true, strictFileInteractability: false, timeouts: {implicit: 0, pageLoad: 300000, script: 30000}, unhandledPromptBehavior: dismiss and notify, webauthn:extension:credBlob: true, webauthn:extension:largeBlob: true, webauthn:extension:minPinLength: true, webauthn:extension:prf: true, webauthn:virtualAuthenticators: true}
Session ID: fcacafe5a40b0ee3b07c13988d679b3f
	at org.openqa.selenium.support.ui.WebDriverWait.timeoutException(WebDriverWait.java:84)
	at org.openqa.selenium.support.ui.FluentWait.until(FluentWait.java:228)
	at com.otus.testframework.framework.framework.pages.AbstractWebPage.shortWaitUntil(AbstractWebPage.java:50)
	at com.otus.testframework.framework.framework.pages.CoursesPage.clickSearchField(CoursesPage.java:27)
	at homework.FirstHomeWorkTest.canFindAndVerifyCoursePage(FirstHomeWorkTest.java:14)
	at java.base/jdk.internal.reflect.NativeMethodAccessorImpl.invoke0(Native Method)
	at java.base/jdk.internal.reflect.NativeMethodAccessorImpl.invoke(NativeMethodAccessorImpl.java:77)
	at java.base/jdk.internal.reflect.DelegatingMethodAccessorImpl.invoke(DelegatingMethodAccessorImpl.java:43)
	at java.base/java.lang.reflect.Method.invoke(Method.java:569)
	at org.testng.internal.invokers.MethodInvocationHelper.invokeMethod(MethodInvocationHelper.java:139)
	at org.testng.internal.invokers.TestInvoker.invokeMethod(TestInvoker.java:664)
	at org.testng.internal.invokers.TestInvoker.invokeTestMethod(TestInvoker.java:227)
	at org.testng.internal.invokers.MethodRunner.runInSequence(MethodRunner.java:50)
	at org.testng.internal.invokers.TestInvoker$MethodInvocationAgent.invoke(TestInvoker.java:957)
	at org.testng.internal.invokers.TestInvoker.invokeTestMethods(TestInvoker.java:200)
	at org.testng.internal.invokers.TestMethodWorker.invokeTestMethods(TestMethodWorker.java:148)
	at org.testng.internal.invokers.TestMethodWorker.run(TestMethodWorker.java:128)
	at java.base/java.util.ArrayList.forEach(ArrayList.java:1511)
	at org.testng.TestRunner.privateRun(TestRunner.java:848)
	at org.testng.TestRunner.run(TestRunner.java:621)
	at org.testng.SuiteRunner.runTest(SuiteRunner.java:443)
	at org.testng.SuiteRunner.runSequentially(SuiteRunner.java:437)
	at org.testng.SuiteRunner.privateRun(SuiteRunner.java:397)
	at org.testng.SuiteRunner.run(SuiteRunner.java:336)
	at org.testng.SuiteRunnerWorker.runSuite(SuiteRunnerWorker.java:52)
	at org.testng.SuiteRunnerWorker.run(SuiteRunnerWorker.java:95)
	at org.testng.TestNG.runSuitesSequentially(TestNG.java:1280)
	at org.testng.TestNG.runSuitesLocally(TestNG.java:1200)
	at org.testng.TestNG.runSuites(TestNG.java:1114)
	at org.testng.TestNG.run(TestNG.java:1082)
	at com.intellij.rt.testng.IDEARemoteTestNG.run(IDEARemoteTestNG.java:66)
	at com.intellij.rt.testng.RemoteTestNGStarter.main(RemoteTestNGStarter.java:109)
2024-12-14 22:33:05 INFO  BaseTest:19 - Test canFindAndVerifyCoursePage is started!
2024-12-14 22:33:07 INFO  WebDriverRun:35 - ChromeDriver has been launched.
2024-12-14 22:33:10 INFO  BaseTest:24 - Tests automation is ended
2024-12-14 22:33:10 INFO  WebDriverRun:46 - WebDriver has been closed successfully.
2024-12-14 22:33:10 INFO  BaseTest:30 - Test canFindAndVerifyCoursePage is PASSED
2024-12-14 22:34:08 INFO  BaseTest:19 - Test canFindAndVerifyCoursePage is started!
2024-12-14 22:34:09 INFO  WebDriverRun:35 - ChromeDriver has been launched.
2024-12-14 22:38:29 INFO  BaseTest:24 - Tests automation is ended
2024-12-14 22:38:48 INFO  BaseTest:19 - Test canFindAndVerifyCoursePage is started!
2024-12-14 22:38:49 INFO  WebDriverRun:35 - ChromeDriver has been launched.
2024-12-14 22:54:28 INFO  BaseTest:24 - Tests automation is ended
2024-12-14 22:54:32 INFO  BaseTest:19 - Test canFindAndVerifyCoursePage is started!
2024-12-14 22:54:34 INFO  WebDriverRun:35 - ChromeDriver has been launched.
2024-12-14 22:54:47 INFO  BaseTest:24 - Tests automation is ended
2024-12-14 22:54:47 INFO  WebDriverRun:46 - WebDriver has been closed successfully.
2024-12-14 22:54:47 ERROR BaseTest:33 - Test canFindAndVerifyCoursePage is FAILED
org.openqa.selenium.TimeoutException: Expected condition failed: waiting for com.otus.testframework.framework.framework.utils.AdditionalConditions$$Lambda$612/0x0000000301270eb8@61942c1 (tried for 10 second(s) with 500 milliseconds interval)
Build info: version: '4.27.0', revision: 'd6e718d134'
System info: os.name: 'Mac OS X', os.arch: 'aarch64', os.version: '13.1', java.version: '17.0.13'
Driver info: org.openqa.selenium.chrome.ChromeDriver
Capabilities {acceptInsecureCerts: false, browserName: chrome, browserVersion: 117.0.5938.132, chrome: {chromedriverVersion: 117.0.5938.149 (e3344ddefa1..., userDataDir: /var/folders/jd/bk58j_5x68v...}, fedcm:accounts: true, goog:chromeOptions: {debuggerAddress: localhost:64884}, networkConnectionEnabled: false, pageLoadStrategy: normal, platformName: mac, proxy: Proxy(), se:cdp: ws://localhost:64884/devtoo..., se:cdpVersion: 117.0.5938.132, setWindowRect: true, strictFileInteractability: false, timeouts: {implicit: 0, pageLoad: 300000, script: 30000}, unhandledPromptBehavior: dismiss and notify, webauthn:extension:credBlob: true, webauthn:extension:largeBlob: true, webauthn:extension:minPinLength: true, webauthn:extension:prf: true, webauthn:virtualAuthenticators: true}
Session ID: 23e0ea0d6d1d36f37089306e1e7dd13b
	at org.openqa.selenium.support.ui.WebDriverWait.timeoutException(WebDriverWait.java:84)
	at org.openqa.selenium.support.ui.FluentWait.until(FluentWait.java:228)
	at com.otus.testframework.framework.framework.pages.AbstractWebPage.shortWaitUntil(AbstractWebPage.java:51)
	at com.otus.testframework.framework.framework.pages.CoursesPage.enterTextInSearchField(CoursesPage.java:33)
	at homework.FirstHomeWorkTest.canFindAndVerifyCoursePage(FirstHomeWorkTest.java:16)
	at java.base/jdk.internal.reflect.NativeMethodAccessorImpl.invoke0(Native Method)
	at java.base/jdk.internal.reflect.NativeMethodAccessorImpl.invoke(NativeMethodAccessorImpl.java:77)
	at java.base/jdk.internal.reflect.DelegatingMethodAccessorImpl.invoke(DelegatingMethodAccessorImpl.java:43)
	at java.base/java.lang.reflect.Method.invoke(Method.java:569)
	at org.testng.internal.invokers.MethodInvocationHelper.invokeMethod(MethodInvocationHelper.java:139)
	at org.testng.internal.invokers.TestInvoker.invokeMethod(TestInvoker.java:664)
	at org.testng.internal.invokers.TestInvoker.invokeTestMethod(TestInvoker.java:227)
	at org.testng.internal.invokers.MethodRunner.runInSequence(MethodRunner.java:50)
	at org.testng.internal.invokers.TestInvoker$MethodInvocationAgent.invoke(TestInvoker.java:957)
	at org.testng.internal.invokers.TestInvoker.invokeTestMethods(TestInvoker.java:200)
	at org.testng.internal.invokers.TestMethodWorker.invokeTestMethods(TestMethodWorker.java:148)
	at org.testng.internal.invokers.TestMethodWorker.run(TestMethodWorker.java:128)
	at java.base/java.util.ArrayList.forEach(ArrayList.java:1511)
	at org.testng.TestRunner.privateRun(TestRunner.java:848)
	at org.testng.TestRunner.run(TestRunner.java:621)
	at org.testng.SuiteRunner.runTest(SuiteRunner.java:443)
	at org.testng.SuiteRunner.runSequentially(SuiteRunner.java:437)
	at org.testng.SuiteRunner.privateRun(SuiteRunner.java:397)
	at org.testng.SuiteRunner.run(SuiteRunner.java:336)
	at org.testng.SuiteRunnerWorker.runSuite(SuiteRunnerWorker.java:52)
	at org.testng.SuiteRunnerWorker.run(SuiteRunnerWorker.java:95)
	at org.testng.TestNG.runSuitesSequentially(TestNG.java:1280)
	at org.testng.TestNG.runSuitesLocally(TestNG.java:1200)
	at org.testng.TestNG.runSuites(TestNG.java:1114)
	at org.testng.TestNG.run(TestNG.java:1082)
	at com.intellij.rt.testng.IDEARemoteTestNG.run(IDEARemoteTestNG.java:66)
	at com.intellij.rt.testng.RemoteTestNGStarter.main(RemoteTestNGStarter.java:109)
2024-12-14 22:55:47 INFO  BaseTest:19 - Test canFindAndVerifyCoursePage is started!
2024-12-14 22:55:48 INFO  WebDriverRun:35 - ChromeDriver has been launched.
2024-12-14 22:56:02 INFO  BaseTest:24 - Tests automation is ended
2024-12-14 22:56:02 INFO  WebDriverRun:46 - WebDriver has been closed successfully.
2024-12-14 22:56:02 ERROR BaseTest:33 - Test canFindAndVerifyCoursePage is FAILED
org.openqa.selenium.TimeoutException: Expected condition failed: waiting for com.otus.testframework.framework.framework.utils.AdditionalConditions$$Lambda$612/0x000000e001269608@7e0b9178 (tried for 10 second(s) with 500 milliseconds interval)
Build info: version: '4.27.0', revision: 'd6e718d134'
System info: os.name: 'Mac OS X', os.arch: 'aarch64', os.version: '13.1', java.version: '17.0.13'
Driver info: org.openqa.selenium.chrome.ChromeDriver
Capabilities {acceptInsecureCerts: false, browserName: chrome, browserVersion: 117.0.5938.132, chrome: {chromedriverVersion: 117.0.5938.149 (e3344ddefa1..., userDataDir: /var/folders/jd/bk58j_5x68v...}, fedcm:accounts: true, goog:chromeOptions: {debuggerAddress: localhost:65260}, networkConnectionEnabled: false, pageLoadStrategy: normal, platformName: mac, proxy: Proxy(), se:cdp: ws://localhost:65260/devtoo..., se:cdpVersion: 117.0.5938.132, setWindowRect: true, strictFileInteractability: false, timeouts: {implicit: 0, pageLoad: 300000, script: 30000}, unhandledPromptBehavior: dismiss and notify, webauthn:extension:credBlob: true, webauthn:extension:largeBlob: true, webauthn:extension:minPinLength: true, webauthn:extension:prf: true, webauthn:virtualAuthenticators: true}
Session ID: 178890a24dbb83155eeac404cd1a1a03
	at org.openqa.selenium.support.ui.WebDriverWait.timeoutException(WebDriverWait.java:84)
	at org.openqa.selenium.support.ui.FluentWait.until(FluentWait.java:228)
	at com.otus.testframework.framework.framework.pages.AbstractWebPage.shortWaitUntil(AbstractWebPage.java:51)
	at com.otus.testframework.framework.framework.pages.CoursesPage.clickSearchField(CoursesPage.java:28)
	at com.otus.testframework.framework.framework.pages.CoursesPage.enterTextInSearchField(CoursesPage.java:33)
	at homework.FirstHomeWorkTest.canFindAndVerifyCoursePage(FirstHomeWorkTest.java:16)
	at java.base/jdk.internal.reflect.NativeMethodAccessorImpl.invoke0(Native Method)
	at java.base/jdk.internal.reflect.NativeMethodAccessorImpl.invoke(NativeMethodAccessorImpl.java:77)
	at java.base/jdk.internal.reflect.DelegatingMethodAccessorImpl.invoke(DelegatingMethodAccessorImpl.java:43)
	at java.base/java.lang.reflect.Method.invoke(Method.java:569)
	at org.testng.internal.invokers.MethodInvocationHelper.invokeMethod(MethodInvocationHelper.java:139)
	at org.testng.internal.invokers.TestInvoker.invokeMethod(TestInvoker.java:664)
	at org.testng.internal.invokers.TestInvoker.invokeTestMethod(TestInvoker.java:227)
	at org.testng.internal.invokers.MethodRunner.runInSequence(MethodRunner.java:50)
	at org.testng.internal.invokers.TestInvoker$MethodInvocationAgent.invoke(TestInvoker.java:957)
	at org.testng.internal.invokers.TestInvoker.invokeTestMethods(TestInvoker.java:200)
	at org.testng.internal.invokers.TestMethodWorker.invokeTestMethods(TestMethodWorker.java:148)
	at org.testng.internal.invokers.TestMethodWorker.run(TestMethodWorker.java:128)
	at java.base/java.util.ArrayList.forEach(ArrayList.java:1511)
	at org.testng.TestRunner.privateRun(TestRunner.java:848)
	at org.testng.TestRunner.run(TestRunner.java:621)
	at org.testng.SuiteRunner.runTest(SuiteRunner.java:443)
	at org.testng.SuiteRunner.runSequentially(SuiteRunner.java:437)
	at org.testng.SuiteRunner.privateRun(SuiteRunner.java:397)
	at org.testng.SuiteRunner.run(SuiteRunner.java:336)
	at org.testng.SuiteRunnerWorker.runSuite(SuiteRunnerWorker.java:52)
	at org.testng.SuiteRunnerWorker.run(SuiteRunnerWorker.java:95)
	at org.testng.TestNG.runSuitesSequentially(TestNG.java:1280)
	at org.testng.TestNG.runSuitesLocally(TestNG.java:1200)
	at org.testng.TestNG.runSuites(TestNG.java:1114)
	at org.testng.TestNG.run(TestNG.java:1082)
	at com.intellij.rt.testng.IDEARemoteTestNG.run(IDEARemoteTestNG.java:66)
	at com.intellij.rt.testng.RemoteTestNGStarter.main(RemoteTestNGStarter.java:109)
2024-12-14 22:56:22 INFO  BaseTest:19 - Test canFindAndVerifyCoursePage is started!
2024-12-14 22:56:24 INFO  WebDriverRun:35 - ChromeDriver has been launched.
2024-12-14 22:56:26 INFO  BaseTest:24 - Tests automation is ended
2024-12-14 22:56:26 INFO  WebDriverRun:46 - WebDriver has been closed successfully.
2024-12-14 22:56:26 ERROR BaseTest:33 - Test canFindAndVerifyCoursePage is FAILED
org.openqa.selenium.ElementNotInteractableException: element not interactable
  (Session info: chrome=117.0.5938.132)
Build info: version: '4.27.0', revision: 'd6e718d134'
System info: os.name: 'Mac OS X', os.arch: 'aarch64', os.version: '13.1', java.version: '17.0.13'
Driver info: org.openqa.selenium.chrome.ChromeDriver
Command: [a0025db4607a8cb12aca5b95ad104f75, clickElement {id=8B9C77B4826B1DA6D1878C2734DBE844_element_4}]
Capabilities {acceptInsecureCerts: false, browserName: chrome, browserVersion: 117.0.5938.132, chrome: {chromedriverVersion: 117.0.5938.149 (e3344ddefa1..., userDataDir: /var/folders/jd/bk58j_5x68v...}, fedcm:accounts: true, goog:chromeOptions: {debuggerAddress: localhost:65463}, networkConnectionEnabled: false, pageLoadStrategy: normal, platformName: mac, proxy: Proxy(), se:cdp: ws://localhost:65463/devtoo..., se:cdpVersion: 117.0.5938.132, setWindowRect: true, strictFileInteractability: false, timeouts: {implicit: 0, pageLoad: 300000, script: 30000}, unhandledPromptBehavior: dismiss and notify, webauthn:extension:credBlob: true, webauthn:extension:largeBlob: true, webauthn:extension:minPinLength: true, webauthn:extension:prf: true, webauthn:virtualAuthenticators: true}
Element: [[ChromeDriver: chrome on mac (a0025db4607a8cb12aca5b95ad104f75)] -> xpath: //input[@type='search']]
Session ID: a0025db4607a8cb12aca5b95ad104f75
	at java.base/jdk.internal.reflect.NativeConstructorAccessorImpl.newInstance0(Native Method)
	at java.base/jdk.internal.reflect.NativeConstructorAccessorImpl.newInstance(NativeConstructorAccessorImpl.java:77)
	at java.base/jdk.internal.reflect.DelegatingConstructorAccessorImpl.newInstance(DelegatingConstructorAccessorImpl.java:45)
	at java.base/java.lang.reflect.Constructor.newInstanceWithCaller(Constructor.java:500)
	at java.base/java.lang.reflect.Constructor.newInstance(Constructor.java:481)
	at org.openqa.selenium.remote.ErrorCodec.decode(ErrorCodec.java:167)
	at org.openqa.selenium.remote.codec.w3c.W3CHttpResponseCodec.decode(W3CHttpResponseCodec.java:138)
	at org.openqa.selenium.remote.codec.w3c.W3CHttpResponseCodec.decode(W3CHttpResponseCodec.java:50)
	at org.openqa.selenium.remote.HttpCommandExecutor.execute(HttpCommandExecutor.java:190)
	at org.openqa.selenium.remote.service.DriverCommandExecutor.invokeExecute(DriverCommandExecutor.java:216)
	at org.openqa.selenium.remote.service.DriverCommandExecutor.execute(DriverCommandExecutor.java:174)
	at org.openqa.selenium.remote.RemoteWebDriver.execute(RemoteWebDriver.java:545)
	at org.openqa.selenium.remote.RemoteWebElement.execute(RemoteWebElement.java:223)
	at org.openqa.selenium.remote.RemoteWebElement.click(RemoteWebElement.java:76)
	at java.base/jdk.internal.reflect.NativeMethodAccessorImpl.invoke0(Native Method)
	at java.base/jdk.internal.reflect.NativeMethodAccessorImpl.invoke(NativeMethodAccessorImpl.java:77)
	at java.base/jdk.internal.reflect.DelegatingMethodAccessorImpl.invoke(DelegatingMethodAccessorImpl.java:43)
	at java.base/java.lang.reflect.Method.invoke(Method.java:569)
	at org.openqa.selenium.support.pagefactory.internal.LocatingElementHandler.invoke(LocatingElementHandler.java:51)
	at jdk.proxy2/jdk.proxy2.$Proxy18.click(Unknown Source)
	at com.otus.testframework.framework.framework.pages.CoursesPage.clickSearchField(CoursesPage.java:29)
	at com.otus.testframework.framework.framework.pages.CoursesPage.enterTextInSearchField(CoursesPage.java:33)
	at homework.FirstHomeWorkTest.canFindAndVerifyCoursePage(FirstHomeWorkTest.java:16)
	at java.base/jdk.internal.reflect.NativeMethodAccessorImpl.invoke0(Native Method)
	at java.base/jdk.internal.reflect.NativeMethodAccessorImpl.invoke(NativeMethodAccessorImpl.java:77)
	at java.base/jdk.internal.reflect.DelegatingMethodAccessorImpl.invoke(DelegatingMethodAccessorImpl.java:43)
	at java.base/java.lang.reflect.Method.invoke(Method.java:569)
	at org.testng.internal.invokers.MethodInvocationHelper.invokeMethod(MethodInvocationHelper.java:139)
	at org.testng.internal.invokers.TestInvoker.invokeMethod(TestInvoker.java:664)
	at org.testng.internal.invokers.TestInvoker.invokeTestMethod(TestInvoker.java:227)
	at org.testng.internal.invokers.MethodRunner.runInSequence(MethodRunner.java:50)
	at org.testng.internal.invokers.TestInvoker$MethodInvocationAgent.invoke(TestInvoker.java:957)
	at org.testng.internal.invokers.TestInvoker.invokeTestMethods(TestInvoker.java:200)
	at org.testng.internal.invokers.TestMethodWorker.invokeTestMethods(TestMethodWorker.java:148)
	at org.testng.internal.invokers.TestMethodWorker.run(TestMethodWorker.java:128)
	at java.base/java.util.ArrayList.forEach(ArrayList.java:1511)
	at org.testng.TestRunner.privateRun(TestRunner.java:848)
	at org.testng.TestRunner.run(TestRunner.java:621)
	at org.testng.SuiteRunner.runTest(SuiteRunner.java:443)
	at org.testng.SuiteRunner.runSequentially(SuiteRunner.java:437)
	at org.testng.SuiteRunner.privateRun(SuiteRunner.java:397)
	at org.testng.SuiteRunner.run(SuiteRunner.java:336)
	at org.testng.SuiteRunnerWorker.runSuite(SuiteRunnerWorker.java:52)
	at org.testng.SuiteRunnerWorker.run(SuiteRunnerWorker.java:95)
	at org.testng.TestNG.runSuitesSequentially(TestNG.java:1280)
	at org.testng.TestNG.runSuitesLocally(TestNG.java:1200)
	at org.testng.TestNG.runSuites(TestNG.java:1114)
	at org.testng.TestNG.run(TestNG.java:1082)
	at com.intellij.rt.testng.IDEARemoteTestNG.run(IDEARemoteTestNG.java:66)
	at com.intellij.rt.testng.RemoteTestNGStarter.main(RemoteTestNGStarter.java:109)
2024-12-14 22:56:40 INFO  BaseTest:19 - Test canFindAndVerifyCoursePage is started!
2024-12-14 22:56:41 INFO  WebDriverRun:35 - ChromeDriver has been launched.
2024-12-14 22:56:59 INFO  BaseTest:24 - Tests automation is ended
2024-12-14 22:56:59 INFO  WebDriverRun:46 - WebDriver has been closed successfully.
2024-12-14 22:56:59 ERROR BaseTest:33 - Test canFindAndVerifyCoursePage is FAILED
org.openqa.selenium.ElementNotInteractableException: element not interactable
  (Session info: chrome=117.0.5938.132)
Build info: version: '4.27.0', revision: 'd6e718d134'
System info: os.name: 'Mac OS X', os.arch: 'aarch64', os.version: '13.1', java.version: '17.0.13'
Driver info: org.openqa.selenium.chrome.ChromeDriver
Command: [67c000e2b976049811faefbc7da7c740, clickElement {id=06F5279DC90A7644A92EEEA8C0242164_element_4}]
Capabilities {acceptInsecureCerts: false, browserName: chrome, browserVersion: 117.0.5938.132, chrome: {chromedriverVersion: 117.0.5938.149 (e3344ddefa1..., userDataDir: /var/folders/jd/bk58j_5x68v...}, fedcm:accounts: true, goog:chromeOptions: {debuggerAddress: localhost:49209}, networkConnectionEnabled: false, pageLoadStrategy: normal, platformName: mac, proxy: Proxy(), se:cdp: ws://localhost:49209/devtoo..., se:cdpVersion: 117.0.5938.132, setWindowRect: true, strictFileInteractability: false, timeouts: {implicit: 0, pageLoad: 300000, script: 30000}, unhandledPromptBehavior: dismiss and notify, webauthn:extension:credBlob: true, webauthn:extension:largeBlob: true, webauthn:extension:minPinLength: true, webauthn:extension:prf: true, webauthn:virtualAuthenticators: true}
Element: [[ChromeDriver: chrome on mac (67c000e2b976049811faefbc7da7c740)] -> xpath: //input[@type='search']]
Session ID: 67c000e2b976049811faefbc7da7c740
	at java.base/jdk.internal.reflect.NativeConstructorAccessorImpl.newInstance0(Native Method)
	at java.base/jdk.internal.reflect.NativeConstructorAccessorImpl.newInstance(NativeConstructorAccessorImpl.java:77)
	at java.base/jdk.internal.reflect.DelegatingConstructorAccessorImpl.newInstance(DelegatingConstructorAccessorImpl.java:45)
	at java.base/java.lang.reflect.Constructor.newInstanceWithCaller(Constructor.java:500)
	at java.base/java.lang.reflect.Constructor.newInstance(Constructor.java:481)
	at org.openqa.selenium.remote.ErrorCodec.decode(ErrorCodec.java:167)
	at org.openqa.selenium.remote.codec.w3c.W3CHttpResponseCodec.decode(W3CHttpResponseCodec.java:138)
	at org.openqa.selenium.remote.codec.w3c.W3CHttpResponseCodec.decode(W3CHttpResponseCodec.java:50)
	at org.openqa.selenium.remote.HttpCommandExecutor.execute(HttpCommandExecutor.java:190)
	at org.openqa.selenium.remote.service.DriverCommandExecutor.invokeExecute(DriverCommandExecutor.java:216)
	at org.openqa.selenium.remote.service.DriverCommandExecutor.execute(DriverCommandExecutor.java:174)
	at org.openqa.selenium.remote.RemoteWebDriver.execute(RemoteWebDriver.java:545)
	at org.openqa.selenium.remote.RemoteWebElement.execute(RemoteWebElement.java:223)
	at org.openqa.selenium.remote.RemoteWebElement.click(RemoteWebElement.java:76)
	at java.base/jdk.internal.reflect.NativeMethodAccessorImpl.invoke0(Native Method)
	at java.base/jdk.internal.reflect.NativeMethodAccessorImpl.invoke(NativeMethodAccessorImpl.java:77)
	at java.base/jdk.internal.reflect.DelegatingMethodAccessorImpl.invoke(DelegatingMethodAccessorImpl.java:43)
	at java.base/java.lang.reflect.Method.invoke(Method.java:569)
	at org.openqa.selenium.support.pagefactory.internal.LocatingElementHandler.invoke(LocatingElementHandler.java:51)
	at jdk.proxy2/jdk.proxy2.$Proxy18.click(Unknown Source)
	at com.otus.testframework.framework.framework.pages.CoursesPage.clickSearchField(CoursesPage.java:29)
	at com.otus.testframework.framework.framework.pages.CoursesPage.enterTextInSearchField(CoursesPage.java:33)
	at homework.FirstHomeWorkTest.canFindAndVerifyCoursePage(FirstHomeWorkTest.java:16)
	at java.base/jdk.internal.reflect.NativeMethodAccessorImpl.invoke0(Native Method)
	at java.base/jdk.internal.reflect.NativeMethodAccessorImpl.invoke(NativeMethodAccessorImpl.java:77)
	at java.base/jdk.internal.reflect.DelegatingMethodAccessorImpl.invoke(DelegatingMethodAccessorImpl.java:43)
	at java.base/java.lang.reflect.Method.invoke(Method.java:569)
	at org.testng.internal.invokers.MethodInvocationHelper.invokeMethod(MethodInvocationHelper.java:139)
	at org.testng.internal.invokers.TestInvoker.invokeMethod(TestInvoker.java:664)
	at org.testng.internal.invokers.TestInvoker.invokeTestMethod(TestInvoker.java:227)
	at org.testng.internal.invokers.MethodRunner.runInSequence(MethodRunner.java:50)
	at org.testng.internal.invokers.TestInvoker$MethodInvocationAgent.invoke(TestInvoker.java:957)
	at org.testng.internal.invokers.TestInvoker.invokeTestMethods(TestInvoker.java:200)
	at org.testng.internal.invokers.TestMethodWorker.invokeTestMethods(TestMethodWorker.java:148)
	at org.testng.internal.invokers.TestMethodWorker.run(TestMethodWorker.java:128)
	at java.base/java.util.ArrayList.forEach(ArrayList.java:1511)
	at org.testng.TestRunner.privateRun(TestRunner.java:848)
	at org.testng.TestRunner.run(TestRunner.java:621)
	at org.testng.SuiteRunner.runTest(SuiteRunner.java:443)
	at org.testng.SuiteRunner.runSequentially(SuiteRunner.java:437)
	at org.testng.SuiteRunner.privateRun(SuiteRunner.java:397)
	at org.testng.SuiteRunner.run(SuiteRunner.java:336)
	at org.testng.SuiteRunnerWorker.runSuite(SuiteRunnerWorker.java:52)
	at org.testng.SuiteRunnerWorker.run(SuiteRunnerWorker.java:95)
	at org.testng.TestNG.runSuitesSequentially(TestNG.java:1280)
	at org.testng.TestNG.runSuitesLocally(TestNG.java:1200)
	at org.testng.TestNG.runSuites(TestNG.java:1114)
	at org.testng.TestNG.run(TestNG.java:1082)
	at com.intellij.rt.testng.IDEARemoteTestNG.run(IDEARemoteTestNG.java:66)
	at com.intellij.rt.testng.RemoteTestNGStarter.main(RemoteTestNGStarter.java:109)
2024-12-14 22:58:30 INFO  BaseTest:19 - Test canFindAndVerifyCoursePage is started!
2024-12-14 22:58:32 INFO  WebDriverRun:35 - ChromeDriver has been launched.
2024-12-15 08:31:33 INFO  BaseTest:19 - Test canFindAndVerifyCoursePage is started!
2024-12-15 08:31:38 INFO  WebDriverRun:35 - ChromeDriver has been launched.
2024-12-15 08:31:41 INFO  BaseTest:24 - Tests automation is ended
2024-12-15 08:31:41 INFO  WebDriverRun:46 - WebDriver has been closed successfully.
2024-12-15 08:31:41 ERROR BaseTest:33 - Test canFindAndVerifyCoursePage is FAILED
org.openqa.selenium.ElementNotInteractableException: element not interactable
  (Session info: chrome=117.0.5938.132)
Build info: version: '4.27.0', revision: 'd6e718d134'
System info: os.name: 'Mac OS X', os.arch: 'aarch64', os.version: '13.1', java.version: '17.0.13'
Driver info: org.openqa.selenium.chrome.ChromeDriver
Command: [b63b71e90db834c42fe0789a5482c727, clickElement {id=2384A6941E41BE871EFD890030138B70_element_4}]
Capabilities {acceptInsecureCerts: false, browserName: chrome, browserVersion: 117.0.5938.132, chrome: {chromedriverVersion: 117.0.5938.149 (e3344ddefa1..., userDataDir: /var/folders/jd/bk58j_5x68v...}, fedcm:accounts: true, goog:chromeOptions: {debuggerAddress: localhost:49293}, networkConnectionEnabled: false, pageLoadStrategy: normal, platformName: mac, proxy: Proxy(), se:cdp: ws://localhost:49293/devtoo..., se:cdpVersion: 117.0.5938.132, setWindowRect: true, strictFileInteractability: false, timeouts: {implicit: 0, pageLoad: 300000, script: 30000}, unhandledPromptBehavior: dismiss and notify, webauthn:extension:credBlob: true, webauthn:extension:largeBlob: true, webauthn:extension:minPinLength: true, webauthn:extension:prf: true, webauthn:virtualAuthenticators: true}
Element: [[ChromeDriver: chrome on mac (b63b71e90db834c42fe0789a5482c727)] -> xpath: //input[@type='search']]
Session ID: b63b71e90db834c42fe0789a5482c727
	at java.base/jdk.internal.reflect.NativeConstructorAccessorImpl.newInstance0(Native Method)
	at java.base/jdk.internal.reflect.NativeConstructorAccessorImpl.newInstance(NativeConstructorAccessorImpl.java:77)
	at java.base/jdk.internal.reflect.DelegatingConstructorAccessorImpl.newInstance(DelegatingConstructorAccessorImpl.java:45)
	at java.base/java.lang.reflect.Constructor.newInstanceWithCaller(Constructor.java:500)
	at java.base/java.lang.reflect.Constructor.newInstance(Constructor.java:481)
	at org.openqa.selenium.remote.ErrorCodec.decode(ErrorCodec.java:167)
	at org.openqa.selenium.remote.codec.w3c.W3CHttpResponseCodec.decode(W3CHttpResponseCodec.java:138)
	at org.openqa.selenium.remote.codec.w3c.W3CHttpResponseCodec.decode(W3CHttpResponseCodec.java:50)
	at org.openqa.selenium.remote.HttpCommandExecutor.execute(HttpCommandExecutor.java:190)
	at org.openqa.selenium.remote.service.DriverCommandExecutor.invokeExecute(DriverCommandExecutor.java:216)
	at org.openqa.selenium.remote.service.DriverCommandExecutor.execute(DriverCommandExecutor.java:174)
	at org.openqa.selenium.remote.RemoteWebDriver.execute(RemoteWebDriver.java:545)
	at org.openqa.selenium.remote.RemoteWebElement.execute(RemoteWebElement.java:223)
	at org.openqa.selenium.remote.RemoteWebElement.click(RemoteWebElement.java:76)
	at java.base/jdk.internal.reflect.NativeMethodAccessorImpl.invoke0(Native Method)
	at java.base/jdk.internal.reflect.NativeMethodAccessorImpl.invoke(NativeMethodAccessorImpl.java:77)
	at java.base/jdk.internal.reflect.DelegatingMethodAccessorImpl.invoke(DelegatingMethodAccessorImpl.java:43)
	at java.base/java.lang.reflect.Method.invoke(Method.java:569)
	at org.openqa.selenium.support.pagefactory.internal.LocatingElementHandler.invoke(LocatingElementHandler.java:51)
	at jdk.proxy2/jdk.proxy2.$Proxy18.click(Unknown Source)
	at com.otus.testframework.framework.framework.pages.CoursesPage.clickSearchField(CoursesPage.java:29)
	at com.otus.testframework.framework.framework.pages.CoursesPage.enterTextInSearchField(CoursesPage.java:33)
	at homework.FirstHomeWorkTest.canFindAndVerifyCoursePage(FirstHomeWorkTest.java:16)
	at java.base/jdk.internal.reflect.NativeMethodAccessorImpl.invoke0(Native Method)
	at java.base/jdk.internal.reflect.NativeMethodAccessorImpl.invoke(NativeMethodAccessorImpl.java:77)
	at java.base/jdk.internal.reflect.DelegatingMethodAccessorImpl.invoke(DelegatingMethodAccessorImpl.java:43)
	at java.base/java.lang.reflect.Method.invoke(Method.java:569)
	at org.testng.internal.invokers.MethodInvocationHelper.invokeMethod(MethodInvocationHelper.java:139)
	at org.testng.internal.invokers.TestInvoker.invokeMethod(TestInvoker.java:664)
	at org.testng.internal.invokers.TestInvoker.invokeTestMethod(TestInvoker.java:227)
	at org.testng.internal.invokers.MethodRunner.runInSequence(MethodRunner.java:50)
	at org.testng.internal.invokers.TestInvoker$MethodInvocationAgent.invoke(TestInvoker.java:957)
	at org.testng.internal.invokers.TestInvoker.invokeTestMethods(TestInvoker.java:200)
	at org.testng.internal.invokers.TestMethodWorker.invokeTestMethods(TestMethodWorker.java:148)
	at org.testng.internal.invokers.TestMethodWorker.run(TestMethodWorker.java:128)
	at java.base/java.util.ArrayList.forEach(ArrayList.java:1511)
	at org.testng.TestRunner.privateRun(TestRunner.java:848)
	at org.testng.TestRunner.run(TestRunner.java:621)
	at org.testng.SuiteRunner.runTest(SuiteRunner.java:443)
	at org.testng.SuiteRunner.runSequentially(SuiteRunner.java:437)
	at org.testng.SuiteRunner.privateRun(SuiteRunner.java:397)
	at org.testng.SuiteRunner.run(SuiteRunner.java:336)
	at org.testng.SuiteRunnerWorker.runSuite(SuiteRunnerWorker.java:52)
	at org.testng.SuiteRunnerWorker.run(SuiteRunnerWorker.java:95)
	at org.testng.TestNG.runSuitesSequentially(TestNG.java:1280)
	at org.testng.TestNG.runSuitesLocally(TestNG.java:1200)
	at org.testng.TestNG.runSuites(TestNG.java:1114)
	at org.testng.TestNG.run(TestNG.java:1082)
	at com.intellij.rt.testng.IDEARemoteTestNG.run(IDEARemoteTestNG.java:66)
	at com.intellij.rt.testng.RemoteTestNGStarter.main(RemoteTestNGStarter.java:109)
2024-12-15 08:37:49 INFO  BaseTest:19 - Test canFindAndVerifyCoursePage is started!
2024-12-15 08:37:51 INFO  WebDriverRun:35 - ChromeDriver has been launched.
2024-12-15 08:38:04 INFO  BaseTest:24 - Tests automation is ended
2024-12-15 08:38:04 INFO  WebDriverRun:46 - WebDriver has been closed successfully.
2024-12-15 08:38:04 ERROR BaseTest:33 - Test canFindAndVerifyCoursePage is FAILED
org.openqa.selenium.TimeoutException: Expected condition failed: waiting for element to be clickable: [[ChromeDriver: chrome on mac (5f874f5cded711b8147b09d213d78a35)] -> xpath: //input[@type='search']] (tried for 10 second(s) with 500 milliseconds interval)
Build info: version: '4.27.0', revision: 'd6e718d134'
System info: os.name: 'Mac OS X', os.arch: 'aarch64', os.version: '13.1', java.version: '17.0.13'
Driver info: org.openqa.selenium.chrome.ChromeDriver
Capabilities {acceptInsecureCerts: false, browserName: chrome, browserVersion: 117.0.5938.132, chrome: {chromedriverVersion: 117.0.5938.149 (e3344ddefa1..., userDataDir: /var/folders/jd/bk58j_5x68v...}, fedcm:accounts: true, goog:chromeOptions: {debuggerAddress: localhost:51090}, networkConnectionEnabled: false, pageLoadStrategy: normal, platformName: mac, proxy: Proxy(), se:cdp: ws://localhost:51090/devtoo..., se:cdpVersion: 117.0.5938.132, setWindowRect: true, strictFileInteractability: false, timeouts: {implicit: 0, pageLoad: 300000, script: 30000}, unhandledPromptBehavior: dismiss and notify, webauthn:extension:credBlob: true, webauthn:extension:largeBlob: true, webauthn:extension:minPinLength: true, webauthn:extension:prf: true, webauthn:virtualAuthenticators: true}
Session ID: 5f874f5cded711b8147b09d213d78a35
	at org.openqa.selenium.support.ui.WebDriverWait.timeoutException(WebDriverWait.java:84)
	at org.openqa.selenium.support.ui.FluentWait.until(FluentWait.java:228)
	at com.otus.testframework.framework.framework.pages.AbstractWebPage.waitForElementToBeClickable(AbstractWebPage.java:57)
	at com.otus.testframework.framework.framework.pages.CoursesPage.clickSearchField(CoursesPage.java:28)
	at com.otus.testframework.framework.framework.pages.CoursesPage.enterTextInSearchField(CoursesPage.java:33)
	at homework.FirstHomeWorkTest.canFindAndVerifyCoursePage(FirstHomeWorkTest.java:16)
	at java.base/jdk.internal.reflect.NativeMethodAccessorImpl.invoke0(Native Method)
	at java.base/jdk.internal.reflect.NativeMethodAccessorImpl.invoke(NativeMethodAccessorImpl.java:77)
	at java.base/jdk.internal.reflect.DelegatingMethodAccessorImpl.invoke(DelegatingMethodAccessorImpl.java:43)
	at java.base/java.lang.reflect.Method.invoke(Method.java:569)
	at org.testng.internal.invokers.MethodInvocationHelper.invokeMethod(MethodInvocationHelper.java:139)
	at org.testng.internal.invokers.TestInvoker.invokeMethod(TestInvoker.java:664)
	at org.testng.internal.invokers.TestInvoker.invokeTestMethod(TestInvoker.java:227)
	at org.testng.internal.invokers.MethodRunner.runInSequence(MethodRunner.java:50)
	at org.testng.internal.invokers.TestInvoker$MethodInvocationAgent.invoke(TestInvoker.java:957)
	at org.testng.internal.invokers.TestInvoker.invokeTestMethods(TestInvoker.java:200)
	at org.testng.internal.invokers.TestMethodWorker.invokeTestMethods(TestMethodWorker.java:148)
	at org.testng.internal.invokers.TestMethodWorker.run(TestMethodWorker.java:128)
	at java.base/java.util.ArrayList.forEach(ArrayList.java:1511)
	at org.testng.TestRunner.privateRun(TestRunner.java:848)
	at org.testng.TestRunner.run(TestRunner.java:621)
	at org.testng.SuiteRunner.runTest(SuiteRunner.java:443)
	at org.testng.SuiteRunner.runSequentially(SuiteRunner.java:437)
	at org.testng.SuiteRunner.privateRun(SuiteRunner.java:397)
	at org.testng.SuiteRunner.run(SuiteRunner.java:336)
	at org.testng.SuiteRunnerWorker.runSuite(SuiteRunnerWorker.java:52)
	at org.testng.SuiteRunnerWorker.run(SuiteRunnerWorker.java:95)
	at org.testng.TestNG.runSuitesSequentially(TestNG.java:1280)
	at org.testng.TestNG.runSuitesLocally(TestNG.java:1200)
	at org.testng.TestNG.runSuites(TestNG.java:1114)
	at org.testng.TestNG.run(TestNG.java:1082)
	at com.intellij.rt.testng.IDEARemoteTestNG.run(IDEARemoteTestNG.java:66)
	at com.intellij.rt.testng.RemoteTestNGStarter.main(RemoteTestNGStarter.java:109)
2024-12-15 08:39:16 INFO  BaseTest:19 - Test findAndVerifyCoursePageTest is started!
2024-12-15 08:39:18 INFO  WebDriverRun:35 - ChromeDriver has been launched.
2024-12-15 08:42:22 INFO  BaseTest:19 - Test findAndVerifyCoursePageTest is started!
2024-12-15 08:42:24 INFO  WebDriverRun:35 - ChromeDriver has been launched.
2024-12-15 08:42:26 INFO  BaseTest:24 - Tests automation is ended
2024-12-15 08:42:27 INFO  WebDriverRun:46 - WebDriver has been closed successfully.
2024-12-15 08:42:27 ERROR BaseTest:33 - Test findAndVerifyCoursePageTest is FAILED
org.openqa.selenium.ElementNotInteractableException: element not interactable
  (Session info: chrome=117.0.5938.132)
Build info: version: '4.27.0', revision: 'd6e718d134'
System info: os.name: 'Mac OS X', os.arch: 'aarch64', os.version: '13.1', java.version: '17.0.13'
Driver info: org.openqa.selenium.chrome.ChromeDriver
Command: [454e84bc2781c6de9389e52aa19c2069, sendKeysToElement {value=[Ljava.lang.CharSequence;@24528a25, id=C36B4C27C7AD22FF77B73B16753BE8D9_element_30}]
Capabilities {acceptInsecureCerts: false, browserName: chrome, browserVersion: 117.0.5938.132, chrome: {chromedriverVersion: 117.0.5938.149 (e3344ddefa1..., userDataDir: /var/folders/jd/bk58j_5x68v...}, fedcm:accounts: true, goog:chromeOptions: {debuggerAddress: localhost:52815}, networkConnectionEnabled: false, pageLoadStrategy: normal, platformName: mac, proxy: Proxy(), se:cdp: ws://localhost:52815/devtoo..., se:cdpVersion: 117.0.5938.132, setWindowRect: true, strictFileInteractability: false, timeouts: {implicit: 0, pageLoad: 300000, script: 30000}, unhandledPromptBehavior: dismiss and notify, webauthn:extension:credBlob: true, webauthn:extension:largeBlob: true, webauthn:extension:minPinLength: true, webauthn:extension:prf: true, webauthn:virtualAuthenticators: true}
Element: [[ChromeDriver: chrome on mac (454e84bc2781c6de9389e52aa19c2069)] -> xpath: //div[contains(@class,'sc-19syvs')]]
Session ID: 454e84bc2781c6de9389e52aa19c2069
	at java.base/jdk.internal.reflect.NativeConstructorAccessorImpl.newInstance0(Native Method)
	at java.base/jdk.internal.reflect.NativeConstructorAccessorImpl.newInstance(NativeConstructorAccessorImpl.java:77)
	at java.base/jdk.internal.reflect.DelegatingConstructorAccessorImpl.newInstance(DelegatingConstructorAccessorImpl.java:45)
	at java.base/java.lang.reflect.Constructor.newInstanceWithCaller(Constructor.java:500)
	at java.base/java.lang.reflect.Constructor.newInstance(Constructor.java:481)
	at org.openqa.selenium.remote.ErrorCodec.decode(ErrorCodec.java:167)
	at org.openqa.selenium.remote.codec.w3c.W3CHttpResponseCodec.decode(W3CHttpResponseCodec.java:138)
	at org.openqa.selenium.remote.codec.w3c.W3CHttpResponseCodec.decode(W3CHttpResponseCodec.java:50)
	at org.openqa.selenium.remote.HttpCommandExecutor.execute(HttpCommandExecutor.java:190)
	at org.openqa.selenium.remote.service.DriverCommandExecutor.invokeExecute(DriverCommandExecutor.java:216)
	at org.openqa.selenium.remote.service.DriverCommandExecutor.execute(DriverCommandExecutor.java:174)
	at org.openqa.selenium.remote.RemoteWebDriver.execute(RemoteWebDriver.java:545)
	at org.openqa.selenium.remote.RemoteWebElement.execute(RemoteWebElement.java:223)
	at org.openqa.selenium.remote.RemoteWebElement.sendKeys(RemoteWebElement.java:110)
	at java.base/jdk.internal.reflect.NativeMethodAccessorImpl.invoke0(Native Method)
	at java.base/jdk.internal.reflect.NativeMethodAccessorImpl.invoke(NativeMethodAccessorImpl.java:77)
	at java.base/jdk.internal.reflect.DelegatingMethodAccessorImpl.invoke(DelegatingMethodAccessorImpl.java:43)
	at java.base/java.lang.reflect.Method.invoke(Method.java:569)
	at org.openqa.selenium.support.pagefactory.internal.LocatingElementHandler.invoke(LocatingElementHandler.java:51)
	at jdk.proxy2/jdk.proxy2.$Proxy18.sendKeys(Unknown Source)
	at com.otus.testframework.framework.framework.pages.CoursesPage.enterTextInSearchField(CoursesPage.java:34)
	at homework.FirstHomeWorkTest.findAndVerifyCoursePageTest(FirstHomeWorkTest.java:16)
	at java.base/jdk.internal.reflect.NativeMethodAccessorImpl.invoke0(Native Method)
	at java.base/jdk.internal.reflect.NativeMethodAccessorImpl.invoke(NativeMethodAccessorImpl.java:77)
	at java.base/jdk.internal.reflect.DelegatingMethodAccessorImpl.invoke(DelegatingMethodAccessorImpl.java:43)
	at java.base/java.lang.reflect.Method.invoke(Method.java:569)
	at org.testng.internal.invokers.MethodInvocationHelper.invokeMethod(MethodInvocationHelper.java:139)
	at org.testng.internal.invokers.TestInvoker.invokeMethod(TestInvoker.java:664)
	at org.testng.internal.invokers.TestInvoker.invokeTestMethod(TestInvoker.java:227)
	at org.testng.internal.invokers.MethodRunner.runInSequence(MethodRunner.java:50)
	at org.testng.internal.invokers.TestInvoker$MethodInvocationAgent.invoke(TestInvoker.java:957)
	at org.testng.internal.invokers.TestInvoker.invokeTestMethods(TestInvoker.java:200)
	at org.testng.internal.invokers.TestMethodWorker.invokeTestMethods(TestMethodWorker.java:148)
	at org.testng.internal.invokers.TestMethodWorker.run(TestMethodWorker.java:128)
	at java.base/java.util.ArrayList.forEach(ArrayList.java:1511)
	at org.testng.TestRunner.privateRun(TestRunner.java:848)
	at org.testng.TestRunner.run(TestRunner.java:621)
	at org.testng.SuiteRunner.runTest(SuiteRunner.java:443)
	at org.testng.SuiteRunner.runSequentially(SuiteRunner.java:437)
	at org.testng.SuiteRunner.privateRun(SuiteRunner.java:397)
	at org.testng.SuiteRunner.run(SuiteRunner.java:336)
	at org.testng.SuiteRunnerWorker.runSuite(SuiteRunnerWorker.java:52)
	at org.testng.SuiteRunnerWorker.run(SuiteRunnerWorker.java:95)
	at org.testng.TestNG.runSuitesSequentially(TestNG.java:1280)
	at org.testng.TestNG.runSuitesLocally(TestNG.java:1200)
	at org.testng.TestNG.runSuites(TestNG.java:1114)
	at org.testng.TestNG.run(TestNG.java:1082)
	at com.intellij.rt.testng.IDEARemoteTestNG.run(IDEARemoteTestNG.java:66)
	at com.intellij.rt.testng.RemoteTestNGStarter.main(RemoteTestNGStarter.java:109)
2024-12-15 08:43:39 INFO  BaseTest:19 - Test findAndVerifyCoursePageTest is started!
2024-12-15 08:43:41 INFO  WebDriverRun:35 - ChromeDriver has been launched.
2024-12-15 08:47:20 INFO  BaseTest:24 - Tests automation is ended
2024-12-15 08:47:22 INFO  BaseTest:19 - Test findAndVerifyCoursePageTest is started!
2024-12-15 08:47:24 INFO  WebDriverRun:35 - ChromeDriver has been launched.
2024-12-15 08:47:27 INFO  BaseTest:24 - Tests automation is ended
2024-12-15 08:47:27 INFO  WebDriverRun:46 - WebDriver has been closed successfully.
2024-12-15 08:47:27 ERROR BaseTest:33 - Test findAndVerifyCoursePageTest is FAILED
org.openqa.selenium.ElementNotInteractableException: element not interactable
  (Session info: chrome=117.0.5938.132)
Build info: version: '4.27.0', revision: 'd6e718d134'
System info: os.name: 'Mac OS X', os.arch: 'aarch64', os.version: '13.1', java.version: '17.0.13'
Driver info: org.openqa.selenium.chrome.ChromeDriver
Command: [6f9b14f34d43a43af1937ed838cc1d8c, sendKeysToElement {id=46D6E65FE214AD6535E105CA137A3B79_element_30, value=[Ljava.lang.CharSequence;@3b718392}]
Capabilities {acceptInsecureCerts: false, browserName: chrome, browserVersion: 117.0.5938.132, chrome: {chromedriverVersion: 117.0.5938.149 (e3344ddefa1..., userDataDir: /var/folders/jd/bk58j_5x68v...}, fedcm:accounts: true, goog:chromeOptions: {debuggerAddress: localhost:54642}, networkConnectionEnabled: false, pageLoadStrategy: normal, platformName: mac, proxy: Proxy(), se:cdp: ws://localhost:54642/devtoo..., se:cdpVersion: 117.0.5938.132, setWindowRect: true, strictFileInteractability: false, timeouts: {implicit: 0, pageLoad: 300000, script: 30000}, unhandledPromptBehavior: dismiss and notify, webauthn:extension:credBlob: true, webauthn:extension:largeBlob: true, webauthn:extension:minPinLength: true, webauthn:extension:prf: true, webauthn:virtualAuthenticators: true}
Element: [[ChromeDriver: chrome on mac (6f9b14f34d43a43af1937ed838cc1d8c)] -> xpath: //input[@type='search']]
Session ID: 6f9b14f34d43a43af1937ed838cc1d8c
	at java.base/jdk.internal.reflect.NativeConstructorAccessorImpl.newInstance0(Native Method)
	at java.base/jdk.internal.reflect.NativeConstructorAccessorImpl.newInstance(NativeConstructorAccessorImpl.java:77)
	at java.base/jdk.internal.reflect.DelegatingConstructorAccessorImpl.newInstance(DelegatingConstructorAccessorImpl.java:45)
	at java.base/java.lang.reflect.Constructor.newInstanceWithCaller(Constructor.java:500)
	at java.base/java.lang.reflect.Constructor.newInstance(Constructor.java:481)
	at org.openqa.selenium.remote.ErrorCodec.decode(ErrorCodec.java:167)
	at org.openqa.selenium.remote.codec.w3c.W3CHttpResponseCodec.decode(W3CHttpResponseCodec.java:138)
	at org.openqa.selenium.remote.codec.w3c.W3CHttpResponseCodec.decode(W3CHttpResponseCodec.java:50)
	at org.openqa.selenium.remote.HttpCommandExecutor.execute(HttpCommandExecutor.java:190)
	at org.openqa.selenium.remote.service.DriverCommandExecutor.invokeExecute(DriverCommandExecutor.java:216)
	at org.openqa.selenium.remote.service.DriverCommandExecutor.execute(DriverCommandExecutor.java:174)
	at org.openqa.selenium.remote.RemoteWebDriver.execute(RemoteWebDriver.java:545)
	at org.openqa.selenium.remote.RemoteWebElement.execute(RemoteWebElement.java:223)
	at org.openqa.selenium.remote.RemoteWebElement.sendKeys(RemoteWebElement.java:110)
	at java.base/jdk.internal.reflect.NativeMethodAccessorImpl.invoke0(Native Method)
	at java.base/jdk.internal.reflect.NativeMethodAccessorImpl.invoke(NativeMethodAccessorImpl.java:77)
	at java.base/jdk.internal.reflect.DelegatingMethodAccessorImpl.invoke(DelegatingMethodAccessorImpl.java:43)
	at java.base/java.lang.reflect.Method.invoke(Method.java:569)
	at org.openqa.selenium.support.pagefactory.internal.LocatingElementHandler.invoke(LocatingElementHandler.java:51)
	at jdk.proxy2/jdk.proxy2.$Proxy18.sendKeys(Unknown Source)
	at com.otus.testframework.framework.framework.pages.CoursesPage.enterTextInSearchField(CoursesPage.java:37)
	at homework.FirstHomeWorkTest.findAndVerifyCoursePageTest(FirstHomeWorkTest.java:16)
	at java.base/jdk.internal.reflect.NativeMethodAccessorImpl.invoke0(Native Method)
	at java.base/jdk.internal.reflect.NativeMethodAccessorImpl.invoke(NativeMethodAccessorImpl.java:77)
	at java.base/jdk.internal.reflect.DelegatingMethodAccessorImpl.invoke(DelegatingMethodAccessorImpl.java:43)
	at java.base/java.lang.reflect.Method.invoke(Method.java:569)
	at org.testng.internal.invokers.MethodInvocationHelper.invokeMethod(MethodInvocationHelper.java:139)
	at org.testng.internal.invokers.TestInvoker.invokeMethod(TestInvoker.java:664)
	at org.testng.internal.invokers.TestInvoker.invokeTestMethod(TestInvoker.java:227)
	at org.testng.internal.invokers.MethodRunner.runInSequence(MethodRunner.java:50)
	at org.testng.internal.invokers.TestInvoker$MethodInvocationAgent.invoke(TestInvoker.java:957)
	at org.testng.internal.invokers.TestInvoker.invokeTestMethods(TestInvoker.java:200)
	at org.testng.internal.invokers.TestMethodWorker.invokeTestMethods(TestMethodWorker.java:148)
	at org.testng.internal.invokers.TestMethodWorker.run(TestMethodWorker.java:128)
	at java.base/java.util.ArrayList.forEach(ArrayList.java:1511)
	at org.testng.TestRunner.privateRun(TestRunner.java:848)
	at org.testng.TestRunner.run(TestRunner.java:621)
	at org.testng.SuiteRunner.runTest(SuiteRunner.java:443)
	at org.testng.SuiteRunner.runSequentially(SuiteRunner.java:437)
	at org.testng.SuiteRunner.privateRun(SuiteRunner.java:397)
	at org.testng.SuiteRunner.run(SuiteRunner.java:336)
	at org.testng.SuiteRunnerWorker.runSuite(SuiteRunnerWorker.java:52)
	at org.testng.SuiteRunnerWorker.run(SuiteRunnerWorker.java:95)
	at org.testng.TestNG.runSuitesSequentially(TestNG.java:1280)
	at org.testng.TestNG.runSuitesLocally(TestNG.java:1200)
	at org.testng.TestNG.runSuites(TestNG.java:1114)
	at org.testng.TestNG.run(TestNG.java:1082)
	at com.intellij.rt.testng.IDEARemoteTestNG.run(IDEARemoteTestNG.java:66)
	at com.intellij.rt.testng.RemoteTestNGStarter.main(RemoteTestNGStarter.java:109)
2024-12-15 08:48:04 INFO  BaseTest:19 - Test findAndVerifyCoursePageTest is started!
2024-12-15 08:48:06 INFO  WebDriverRun:35 - ChromeDriver has been launched.
2024-12-15 08:49:45 INFO  BaseTest:19 - Test findAndVerifyCoursePageTest is started!
2024-12-15 08:49:46 INFO  WebDriverRun:35 - ChromeDriver has been launched.
2024-12-15 08:51:13 INFO  BaseTest:19 - Test findAndVerifyCoursePageTest is started!
2024-12-15 08:51:14 INFO  WebDriverRun:35 - ChromeDriver has been launched.
2024-12-15 08:51:27 INFO  BaseTest:24 - Tests automation is ended
2024-12-15 08:51:28 INFO  WebDriverRun:46 - WebDriver has been closed successfully.
2024-12-15 08:51:28 ERROR BaseTest:33 - Test findAndVerifyCoursePageTest is FAILED
org.openqa.selenium.TimeoutException: Expected condition failed: waiting for element to be clickable: [[ChromeDriver: chrome on mac (648c2c7f321ce3a1d7c6e0e53116a927)] -> xpath: //input[@type='search']] (tried for 10 second(s) with 500 milliseconds interval)
Build info: version: '4.27.0', revision: 'd6e718d134'
System info: os.name: 'Mac OS X', os.arch: 'aarch64', os.version: '13.1', java.version: '17.0.13'
Driver info: org.openqa.selenium.chrome.ChromeDriver
Capabilities {acceptInsecureCerts: false, browserName: chrome, browserVersion: 117.0.5938.132, chrome: {chromedriverVersion: 117.0.5938.149 (e3344ddefa1..., userDataDir: /var/folders/jd/bk58j_5x68v...}, fedcm:accounts: true, goog:chromeOptions: {debuggerAddress: localhost:55873}, networkConnectionEnabled: false, pageLoadStrategy: normal, platformName: mac, proxy: Proxy(), se:cdp: ws://localhost:55873/devtoo..., se:cdpVersion: 117.0.5938.132, setWindowRect: true, strictFileInteractability: false, timeouts: {implicit: 0, pageLoad: 300000, script: 30000}, unhandledPromptBehavior: dismiss and notify, webauthn:extension:credBlob: true, webauthn:extension:largeBlob: true, webauthn:extension:minPinLength: true, webauthn:extension:prf: true, webauthn:virtualAuthenticators: true}
Session ID: 648c2c7f321ce3a1d7c6e0e53116a927
	at org.openqa.selenium.support.ui.WebDriverWait.timeoutException(WebDriverWait.java:84)
	at org.openqa.selenium.support.ui.FluentWait.until(FluentWait.java:228)
	at com.otus.testframework.framework.framework.pages.AbstractWebPage.waitForElementToBeClickable(AbstractWebPage.java:57)
	at com.otus.testframework.framework.framework.pages.CoursesPage.clickSearchField(CoursesPage.java:31)
	at com.otus.testframework.framework.framework.pages.CoursesPage.enterTextInSearchField(CoursesPage.java:36)
	at homework.FirstHomeWorkTest.findAndVerifyCoursePageTest(FirstHomeWorkTest.java:16)
	at java.base/jdk.internal.reflect.NativeMethodAccessorImpl.invoke0(Native Method)
	at java.base/jdk.internal.reflect.NativeMethodAccessorImpl.invoke(NativeMethodAccessorImpl.java:77)
	at java.base/jdk.internal.reflect.DelegatingMethodAccessorImpl.invoke(DelegatingMethodAccessorImpl.java:43)
	at java.base/java.lang.reflect.Method.invoke(Method.java:569)
	at org.testng.internal.invokers.MethodInvocationHelper.invokeMethod(MethodInvocationHelper.java:139)
	at org.testng.internal.invokers.TestInvoker.invokeMethod(TestInvoker.java:664)
	at org.testng.internal.invokers.TestInvoker.invokeTestMethod(TestInvoker.java:227)
	at org.testng.internal.invokers.MethodRunner.runInSequence(MethodRunner.java:50)
	at org.testng.internal.invokers.TestInvoker$MethodInvocationAgent.invoke(TestInvoker.java:957)
	at org.testng.internal.invokers.TestInvoker.invokeTestMethods(TestInvoker.java:200)
	at org.testng.internal.invokers.TestMethodWorker.invokeTestMethods(TestMethodWorker.java:148)
	at org.testng.internal.invokers.TestMethodWorker.run(TestMethodWorker.java:128)
	at java.base/java.util.ArrayList.forEach(ArrayList.java:1511)
	at org.testng.TestRunner.privateRun(TestRunner.java:848)
	at org.testng.TestRunner.run(TestRunner.java:621)
	at org.testng.SuiteRunner.runTest(SuiteRunner.java:443)
	at org.testng.SuiteRunner.runSequentially(SuiteRunner.java:437)
	at org.testng.SuiteRunner.privateRun(SuiteRunner.java:397)
	at org.testng.SuiteRunner.run(SuiteRunner.java:336)
	at org.testng.SuiteRunnerWorker.runSuite(SuiteRunnerWorker.java:52)
	at org.testng.SuiteRunnerWorker.run(SuiteRunnerWorker.java:95)
	at org.testng.TestNG.runSuitesSequentially(TestNG.java:1280)
	at org.testng.TestNG.runSuitesLocally(TestNG.java:1200)
	at org.testng.TestNG.runSuites(TestNG.java:1114)
	at org.testng.TestNG.run(TestNG.java:1082)
	at com.intellij.rt.testng.IDEARemoteTestNG.run(IDEARemoteTestNG.java:66)
	at com.intellij.rt.testng.RemoteTestNGStarter.main(RemoteTestNGStarter.java:109)
2024-12-15 08:52:00 INFO  BaseTest:19 - Test findAndVerifyCoursePageTest is started!
2024-12-15 08:52:02 INFO  WebDriverRun:35 - ChromeDriver has been launched.
2024-12-15 08:52:05 INFO  BaseTest:24 - Tests automation is ended
2024-12-15 08:52:05 INFO  WebDriverRun:46 - WebDriver has been closed successfully.
2024-12-15 08:52:05 INFO  BaseTest:30 - Test findAndVerifyCoursePageTest is PASSED
2024-12-15 09:34:14 INFO  BaseTest:19 - Test findAndVerifyCoursePageTest is started!
2024-12-15 09:34:17 INFO  WebDriverRun:35 - ChromeDriver has been launched.
2024-12-15 09:34:20 INFO  BaseTest:24 - Tests automation is ended
2024-12-15 09:34:20 INFO  WebDriverRun:46 - WebDriver has been closed successfully.
2024-12-15 09:34:20 INFO  BaseTest:30 - Test findAndVerifyCoursePageTest is PASSED
2024-12-15 09:54:25 INFO  BaseTest:19 - Test findAndVerifyCoursePageTest is started!
2024-12-15 09:54:27 INFO  WebDriverRun:35 - ChromeDriver has been launched.
2024-12-15 09:57:00 INFO  BaseTest:19 - Test findAndVerifyCoursePageTest is started!
2024-12-15 09:57:01 INFO  WebDriverRun:35 - ChromeDriver has been launched.
2024-12-15 09:57:08 INFO  BaseTest:24 - Tests automation is ended
2024-12-15 09:57:08 INFO  WebDriverRun:46 - WebDriver has been closed successfully.
2024-12-15 09:57:08 INFO  BaseTest:30 - Test findAndVerifyCoursePageTest is PASSED
2024-12-15 09:57:56 INFO  BaseTest:19 - Test findAndVerifyCoursePageTest is started!
2024-12-15 09:57:58 INFO  WebDriverRun:35 - ChromeDriver has been launched.
2024-12-15 09:58:01 INFO  BaseTest:24 - Tests automation is ended
2024-12-15 09:58:01 INFO  WebDriverRun:46 - WebDriver has been closed successfully.
2024-12-15 09:58:01 ERROR BaseTest:33 - Test findAndVerifyCoursePageTest is FAILED
java.lang.AssertionError: expected [true] but found [false]
	at org.testng.Assert.fail(Assert.java:111)
	at org.testng.Assert.failNotEquals(Assert.java:1578)
	at org.testng.Assert.assertTrue(Assert.java:57)
	at org.testng.Assert.assertTrue(Assert.java:67)
	at homework.FirstHomeWorkTest.findAndVerifyCoursePageTest(FirstHomeWorkTest.java:19)
	at java.base/jdk.internal.reflect.NativeMethodAccessorImpl.invoke0(Native Method)
	at java.base/jdk.internal.reflect.NativeMethodAccessorImpl.invoke(NativeMethodAccessorImpl.java:77)
	at java.base/jdk.internal.reflect.DelegatingMethodAccessorImpl.invoke(DelegatingMethodAccessorImpl.java:43)
	at java.base/java.lang.reflect.Method.invoke(Method.java:569)
	at org.testng.internal.invokers.MethodInvocationHelper.invokeMethod(MethodInvocationHelper.java:139)
	at org.testng.internal.invokers.TestInvoker.invokeMethod(TestInvoker.java:664)
	at org.testng.internal.invokers.TestInvoker.invokeTestMethod(TestInvoker.java:227)
	at org.testng.internal.invokers.MethodRunner.runInSequence(MethodRunner.java:50)
	at org.testng.internal.invokers.TestInvoker$MethodInvocationAgent.invoke(TestInvoker.java:957)
	at org.testng.internal.invokers.TestInvoker.invokeTestMethods(TestInvoker.java:200)
	at org.testng.internal.invokers.TestMethodWorker.invokeTestMethods(TestMethodWorker.java:148)
	at org.testng.internal.invokers.TestMethodWorker.run(TestMethodWorker.java:128)
	at java.base/java.util.ArrayList.forEach(ArrayList.java:1511)
	at org.testng.TestRunner.privateRun(TestRunner.java:848)
	at org.testng.TestRunner.run(TestRunner.java:621)
	at org.testng.SuiteRunner.runTest(SuiteRunner.java:443)
	at org.testng.SuiteRunner.runSequentially(SuiteRunner.java:437)
	at org.testng.SuiteRunner.privateRun(SuiteRunner.java:397)
	at org.testng.SuiteRunner.run(SuiteRunner.java:336)
	at org.testng.SuiteRunnerWorker.runSuite(SuiteRunnerWorker.java:52)
	at org.testng.SuiteRunnerWorker.run(SuiteRunnerWorker.java:95)
	at org.testng.TestNG.runSuitesSequentially(TestNG.java:1280)
	at org.testng.TestNG.runSuitesLocally(TestNG.java:1200)
	at org.testng.TestNG.runSuites(TestNG.java:1114)
	at org.testng.TestNG.run(TestNG.java:1082)
	at com.intellij.rt.testng.IDEARemoteTestNG.run(IDEARemoteTestNG.java:66)
	at com.intellij.rt.testng.RemoteTestNGStarter.main(RemoteTestNGStarter.java:109)
2024-12-15 09:58:17 INFO  BaseTest:19 - Test findAndVerifyCoursePageTest is started!
2024-12-15 09:58:19 INFO  WebDriverRun:35 - ChromeDriver has been launched.
2024-12-15 10:36:03 INFO  BaseTest:24 - Tests automation is ended
2024-12-15 10:36:06 INFO  BaseTest:19 - Test findAndVerifyCoursePageTest is started!
2024-12-15 10:36:08 INFO  WebDriverRun:35 - ChromeDriver has been launched.
2024-12-15 10:36:11 INFO  BaseTest:24 - Tests automation is ended
2024-12-15 10:36:11 INFO  WebDriverRun:46 - WebDriver has been closed successfully.
2024-12-15 10:36:11 ERROR BaseTest:33 - Test findAndVerifyCoursePageTest is FAILED
java.lang.AssertionError: expected [true] but found [false]
	at org.testng.Assert.fail(Assert.java:111)
	at org.testng.Assert.failNotEquals(Assert.java:1578)
	at org.testng.Assert.assertTrue(Assert.java:57)
	at org.testng.Assert.assertTrue(Assert.java:67)
	at homework.FirstHomeWorkTest.findAndVerifyCoursePageTest(FirstHomeWorkTest.java:20)
	at java.base/jdk.internal.reflect.NativeMethodAccessorImpl.invoke0(Native Method)
	at java.base/jdk.internal.reflect.NativeMethodAccessorImpl.invoke(NativeMethodAccessorImpl.java:77)
	at java.base/jdk.internal.reflect.DelegatingMethodAccessorImpl.invoke(DelegatingMethodAccessorImpl.java:43)
	at java.base/java.lang.reflect.Method.invoke(Method.java:569)
	at org.testng.internal.invokers.MethodInvocationHelper.invokeMethod(MethodInvocationHelper.java:139)
	at org.testng.internal.invokers.TestInvoker.invokeMethod(TestInvoker.java:664)
	at org.testng.internal.invokers.TestInvoker.invokeTestMethod(TestInvoker.java:227)
	at org.testng.internal.invokers.MethodRunner.runInSequence(MethodRunner.java:50)
	at org.testng.internal.invokers.TestInvoker$MethodInvocationAgent.invoke(TestInvoker.java:957)
	at org.testng.internal.invokers.TestInvoker.invokeTestMethods(TestInvoker.java:200)
	at org.testng.internal.invokers.TestMethodWorker.invokeTestMethods(TestMethodWorker.java:148)
	at org.testng.internal.invokers.TestMethodWorker.run(TestMethodWorker.java:128)
	at java.base/java.util.ArrayList.forEach(ArrayList.java:1511)
	at org.testng.TestRunner.privateRun(TestRunner.java:848)
	at org.testng.TestRunner.run(TestRunner.java:621)
	at org.testng.SuiteRunner.runTest(SuiteRunner.java:443)
	at org.testng.SuiteRunner.runSequentially(SuiteRunner.java:437)
	at org.testng.SuiteRunner.privateRun(SuiteRunner.java:397)
	at org.testng.SuiteRunner.run(SuiteRunner.java:336)
	at org.testng.SuiteRunnerWorker.runSuite(SuiteRunnerWorker.java:52)
	at org.testng.SuiteRunnerWorker.run(SuiteRunnerWorker.java:95)
	at org.testng.TestNG.runSuitesSequentially(TestNG.java:1280)
	at org.testng.TestNG.runSuitesLocally(TestNG.java:1200)
	at org.testng.TestNG.runSuites(TestNG.java:1114)
	at org.testng.TestNG.run(TestNG.java:1082)
	at com.intellij.rt.testng.IDEARemoteTestNG.run(IDEARemoteTestNG.java:66)
	at com.intellij.rt.testng.RemoteTestNGStarter.main(RemoteTestNGStarter.java:109)
2024-12-15 10:36:27 INFO  BaseTest:19 - Test findAndVerifyCoursePageTest is started!
2024-12-15 10:36:28 INFO  WebDriverRun:35 - ChromeDriver has been launched.
2024-12-15 10:42:14 INFO  BaseTest:19 - Test findAndVerifyCoursePageTest is started!
2024-12-15 10:42:16 INFO  WebDriverRun:35 - ChromeDriver has been launched.
2024-12-15 10:42:19 INFO  BaseTest:24 - Tests automation is ended
2024-12-15 10:42:20 INFO  WebDriverRun:46 - WebDriver has been closed successfully.
2024-12-15 10:42:20 ERROR BaseTest:33 - Test findAndVerifyCoursePageTest is FAILED
java.lang.AssertionError: expected [true] but found [false]
	at org.testng.Assert.fail(Assert.java:111)
	at org.testng.Assert.failNotEquals(Assert.java:1578)
	at org.testng.Assert.assertTrue(Assert.java:57)
	at org.testng.Assert.assertTrue(Assert.java:67)
	at homework.FirstHomeWorkTest.findAndVerifyCoursePageTest(FirstHomeWorkTest.java:20)
	at java.base/jdk.internal.reflect.NativeMethodAccessorImpl.invoke0(Native Method)
	at java.base/jdk.internal.reflect.NativeMethodAccessorImpl.invoke(NativeMethodAccessorImpl.java:77)
	at java.base/jdk.internal.reflect.DelegatingMethodAccessorImpl.invoke(DelegatingMethodAccessorImpl.java:43)
	at java.base/java.lang.reflect.Method.invoke(Method.java:569)
	at org.testng.internal.invokers.MethodInvocationHelper.invokeMethod(MethodInvocationHelper.java:139)
	at org.testng.internal.invokers.TestInvoker.invokeMethod(TestInvoker.java:664)
	at org.testng.internal.invokers.TestInvoker.invokeTestMethod(TestInvoker.java:227)
	at org.testng.internal.invokers.MethodRunner.runInSequence(MethodRunner.java:50)
	at org.testng.internal.invokers.TestInvoker$MethodInvocationAgent.invoke(TestInvoker.java:957)
	at org.testng.internal.invokers.TestInvoker.invokeTestMethods(TestInvoker.java:200)
	at org.testng.internal.invokers.TestMethodWorker.invokeTestMethods(TestMethodWorker.java:148)
	at org.testng.internal.invokers.TestMethodWorker.run(TestMethodWorker.java:128)
	at java.base/java.util.ArrayList.forEach(ArrayList.java:1511)
	at org.testng.TestRunner.privateRun(TestRunner.java:848)
	at org.testng.TestRunner.run(TestRunner.java:621)
	at org.testng.SuiteRunner.runTest(SuiteRunner.java:443)
	at org.testng.SuiteRunner.runSequentially(SuiteRunner.java:437)
	at org.testng.SuiteRunner.privateRun(SuiteRunner.java:397)
	at org.testng.SuiteRunner.run(SuiteRunner.java:336)
	at org.testng.SuiteRunnerWorker.runSuite(SuiteRunnerWorker.java:52)
	at org.testng.SuiteRunnerWorker.run(SuiteRunnerWorker.java:95)
	at org.testng.TestNG.runSuitesSequentially(TestNG.java:1280)
	at org.testng.TestNG.runSuitesLocally(TestNG.java:1200)
	at org.testng.TestNG.runSuites(TestNG.java:1114)
	at org.testng.TestNG.run(TestNG.java:1082)
	at com.intellij.rt.testng.IDEARemoteTestNG.run(IDEARemoteTestNG.java:66)
	at com.intellij.rt.testng.RemoteTestNGStarter.main(RemoteTestNGStarter.java:109)
2024-12-15 10:42:30 INFO  BaseTest:19 - Test findAndVerifyCoursePageTest is started!
2024-12-15 10:42:31 INFO  WebDriverRun:35 - ChromeDriver has been launched.
2024-12-15 10:42:35 INFO  BaseTest:24 - Tests automation is ended
2024-12-15 10:42:35 INFO  WebDriverRun:46 - WebDriver has been closed successfully.
2024-12-15 10:42:35 ERROR BaseTest:33 - Test findAndVerifyCoursePageTest is FAILED
java.lang.AssertionError: expected [true] but found [false]
	at org.testng.Assert.fail(Assert.java:111)
	at org.testng.Assert.failNotEquals(Assert.java:1578)
	at org.testng.Assert.assertTrue(Assert.java:57)
	at org.testng.Assert.assertTrue(Assert.java:67)
	at homework.FirstHomeWorkTest.findAndVerifyCoursePageTest(FirstHomeWorkTest.java:20)
	at java.base/jdk.internal.reflect.NativeMethodAccessorImpl.invoke0(Native Method)
	at java.base/jdk.internal.reflect.NativeMethodAccessorImpl.invoke(NativeMethodAccessorImpl.java:77)
	at java.base/jdk.internal.reflect.DelegatingMethodAccessorImpl.invoke(DelegatingMethodAccessorImpl.java:43)
	at java.base/java.lang.reflect.Method.invoke(Method.java:569)
	at org.testng.internal.invokers.MethodInvocationHelper.invokeMethod(MethodInvocationHelper.java:139)
	at org.testng.internal.invokers.TestInvoker.invokeMethod(TestInvoker.java:664)
	at org.testng.internal.invokers.TestInvoker.invokeTestMethod(TestInvoker.java:227)
	at org.testng.internal.invokers.MethodRunner.runInSequence(MethodRunner.java:50)
	at org.testng.internal.invokers.TestInvoker$MethodInvocationAgent.invoke(TestInvoker.java:957)
	at org.testng.internal.invokers.TestInvoker.invokeTestMethods(TestInvoker.java:200)
	at org.testng.internal.invokers.TestMethodWorker.invokeTestMethods(TestMethodWorker.java:148)
	at org.testng.internal.invokers.TestMethodWorker.run(TestMethodWorker.java:128)
	at java.base/java.util.ArrayList.forEach(ArrayList.java:1511)
	at org.testng.TestRunner.privateRun(TestRunner.java:848)
	at org.testng.TestRunner.run(TestRunner.java:621)
	at org.testng.SuiteRunner.runTest(SuiteRunner.java:443)
	at org.testng.SuiteRunner.runSequentially(SuiteRunner.java:437)
	at org.testng.SuiteRunner.privateRun(SuiteRunner.java:397)
	at org.testng.SuiteRunner.run(SuiteRunner.java:336)
	at org.testng.SuiteRunnerWorker.runSuite(SuiteRunnerWorker.java:52)
	at org.testng.SuiteRunnerWorker.run(SuiteRunnerWorker.java:95)
	at org.testng.TestNG.runSuitesSequentially(TestNG.java:1280)
	at org.testng.TestNG.runSuitesLocally(TestNG.java:1200)
	at org.testng.TestNG.runSuites(TestNG.java:1114)
	at org.testng.TestNG.run(TestNG.java:1082)
	at com.intellij.rt.testng.IDEARemoteTestNG.run(IDEARemoteTestNG.java:66)
	at com.intellij.rt.testng.RemoteTestNGStarter.main(RemoteTestNGStarter.java:109)
2024-12-15 10:42:53 INFO  BaseTest:19 - Test findAndVerifyCoursePageTest is started!
2024-12-15 10:42:54 INFO  WebDriverRun:35 - ChromeDriver has been launched.
2024-12-15 10:44:06 INFO  BaseTest:24 - Tests automation is ended
2024-12-15 10:44:12 INFO  BaseTest:19 - Test findAndVerifyCoursePageTest is started!
2024-12-15 10:44:13 INFO  WebDriverRun:35 - ChromeDriver has been launched.
2024-12-15 14:15:58 INFO  BaseTest:24 - Tests automation is ended
2024-12-15 14:16:02 INFO  BaseTest:18 - Test findAndVerifyCoursePageTest is started!
2024-12-15 14:16:04 INFO  WebDriverRun:35 - ChromeDriver has been launched.
2024-12-15 14:16:18 INFO  BaseTest:23 - Tests automation is ended
2024-12-15 14:16:18 INFO  WebDriverRun:46 - WebDriver has been closed successfully.
2024-12-15 14:16:18 INFO  BaseTest:29 - Test findAndVerifyCoursePageTest is PASSED
2024-12-15 14:16:24 INFO  BaseTest:18 - Test findAndVerifyCoursePageTest is started!
2024-12-15 14:16:25 INFO  WebDriverRun:35 - ChromeDriver has been launched.
2024-12-15 14:16:39 INFO  BaseTest:23 - Tests automation is ended
2024-12-15 14:16:39 INFO  WebDriverRun:46 - WebDriver has been closed successfully.
2024-12-15 14:16:39 INFO  BaseTest:29 - Test findAndVerifyCoursePageTest is PASSED
2024-12-15 14:18:59 INFO  BaseTest:18 - Test findAndVerifyCoursePageTest is started!
2024-12-15 14:19:00 INFO  WebDriverRun:35 - ChromeDriver has been launched.
2024-12-15 14:19:13 INFO  BaseTest:23 - Tests automation is ended
2024-12-15 14:19:14 INFO  WebDriverRun:46 - WebDriver has been closed successfully.
2024-12-15 14:19:14 INFO  BaseTest:29 - Test findAndVerifyCoursePageTest is PASSED
2024-12-15 14:48:24 INFO  BaseTest:18 - Test findAndVerifyCoursePageTest is started!
2024-12-15 14:48:26 INFO  WebDriverRun:35 - ChromeDriver has been launched.
2024-12-15 14:50:22 INFO  BaseTest:23 - Tests automation is ended
2024-12-15 14:50:32 INFO  BaseTest:18 - Test findAndVerifyCoursePageTest is started!
2024-12-15 14:50:33 INFO  WebDriverRun:35 - ChromeDriver has been launched.
2024-12-15 14:58:22 INFO  BaseTest:23 - Tests automation is ended
2024-12-15 14:58:26 INFO  BaseTest:18 - Test findAndVerifyCoursePageTest is started!
2024-12-15 14:58:28 INFO  WebDriverRun:35 - ChromeDriver has been launched.
2024-12-15 15:04:47 INFO  BaseTest:18 - Test findAndVerifyCoursePageTest is started!
2024-12-15 15:04:48 INFO  WebDriverRun:35 - ChromeDriver has been launched.
2024-12-15 15:08:12 INFO  BaseTest:23 - Tests automation is ended
2024-12-15 15:08:12 INFO  WebDriverRun:46 - WebDriver has been closed successfully.
2024-12-15 15:08:12 ERROR BaseTest:32 - Test findAndVerifyCoursePageTest is FAILED
org.openqa.selenium.StaleElementReferenceException: stale element reference: stale element not found
  (Session info: chrome=117.0.5938.132)
For documentation on this error, please visit: https://www.selenium.dev/documentation/webdriver/troubleshooting/errors#stale-element-reference-exception
Build info: version: '4.27.0', revision: 'd6e718d134'
System info: os.name: 'Mac OS X', os.arch: 'aarch64', os.version: '13.1', java.version: '17.0.13'
Driver info: org.openqa.selenium.chrome.ChromeDriver
Command: [578214417b748ea9146ad6c121cb1721, findChildElement {using=xpath, value=//div[contains(@class, 'jEGzDf')], id=99292045AFAD433EE16D2A2609425DBC_element_10}]
Capabilities {acceptInsecureCerts: false, browserName: chrome, browserVersion: 117.0.5938.132, chrome: {chromedriverVersion: 117.0.5938.149 (e3344ddefa1..., userDataDir: /var/folders/jd/bk58j_5x68v...}, fedcm:accounts: true, goog:chromeOptions: {debuggerAddress: localhost:53908}, networkConnectionEnabled: false, pageLoadStrategy: normal, platformName: mac, proxy: Proxy(), se:cdp: ws://localhost:53908/devtoo..., se:cdpVersion: 117.0.5938.132, setWindowRect: true, strictFileInteractability: false, timeouts: {implicit: 0, pageLoad: 300000, script: 30000}, unhandledPromptBehavior: dismiss and notify, webauthn:extension:credBlob: true, webauthn:extension:largeBlob: true, webauthn:extension:minPinLength: true, webauthn:extension:prf: true, webauthn:virtualAuthenticators: true}
Session ID: 578214417b748ea9146ad6c121cb1721
	at java.base/jdk.internal.reflect.NativeConstructorAccessorImpl.newInstance0(Native Method)
	at java.base/jdk.internal.reflect.NativeConstructorAccessorImpl.newInstance(NativeConstructorAccessorImpl.java:77)
	at java.base/jdk.internal.reflect.DelegatingConstructorAccessorImpl.newInstance(DelegatingConstructorAccessorImpl.java:45)
	at java.base/java.lang.reflect.Constructor.newInstanceWithCaller(Constructor.java:500)
	at java.base/java.lang.reflect.Constructor.newInstance(Constructor.java:481)
	at org.openqa.selenium.remote.ErrorCodec.decode(ErrorCodec.java:167)
	at org.openqa.selenium.remote.codec.w3c.W3CHttpResponseCodec.decode(W3CHttpResponseCodec.java:138)
	at org.openqa.selenium.remote.codec.w3c.W3CHttpResponseCodec.decode(W3CHttpResponseCodec.java:50)
	at org.openqa.selenium.remote.HttpCommandExecutor.execute(HttpCommandExecutor.java:190)
	at org.openqa.selenium.remote.service.DriverCommandExecutor.invokeExecute(DriverCommandExecutor.java:216)
	at org.openqa.selenium.remote.service.DriverCommandExecutor.execute(DriverCommandExecutor.java:174)
	at org.openqa.selenium.remote.RemoteWebDriver.execute(RemoteWebDriver.java:545)
	at org.openqa.selenium.remote.ElementLocation$ElementFinder$2.findElement(ElementLocation.java:165)
	at org.openqa.selenium.remote.ElementLocation.findElement(ElementLocation.java:59)
	at org.openqa.selenium.remote.RemoteWebDriver.findElement(RemoteWebDriver.java:368)
	at org.openqa.selenium.remote.RemoteWebElement.findElement(RemoteWebElement.java:211)
	at com.otus.testframework.framework.framework.pages.CoursesPage.getAllCourses(CoursesPage.java:75)
	at homework.FirstHomeWorkTest.findAndVerifyCoursePageTest(FirstHomeWorkTest.java:19)
	at java.base/jdk.internal.reflect.NativeMethodAccessorImpl.invoke0(Native Method)
	at java.base/jdk.internal.reflect.NativeMethodAccessorImpl.invoke(NativeMethodAccessorImpl.java:77)
	at java.base/jdk.internal.reflect.DelegatingMethodAccessorImpl.invoke(DelegatingMethodAccessorImpl.java:43)
	at java.base/java.lang.reflect.Method.invoke(Method.java:569)
	at org.testng.internal.invokers.MethodInvocationHelper.invokeMethod(MethodInvocationHelper.java:139)
	at org.testng.internal.invokers.TestInvoker.invokeMethod(TestInvoker.java:664)
	at org.testng.internal.invokers.TestInvoker.invokeTestMethod(TestInvoker.java:227)
	at org.testng.internal.invokers.MethodRunner.runInSequence(MethodRunner.java:50)
	at org.testng.internal.invokers.TestInvoker$MethodInvocationAgent.invoke(TestInvoker.java:957)
	at org.testng.internal.invokers.TestInvoker.invokeTestMethods(TestInvoker.java:200)
	at org.testng.internal.invokers.TestMethodWorker.invokeTestMethods(TestMethodWorker.java:148)
	at org.testng.internal.invokers.TestMethodWorker.run(TestMethodWorker.java:128)
	at java.base/java.util.ArrayList.forEach(ArrayList.java:1511)
	at org.testng.TestRunner.privateRun(TestRunner.java:848)
	at org.testng.TestRunner.run(TestRunner.java:621)
	at org.testng.SuiteRunner.runTest(SuiteRunner.java:443)
	at org.testng.SuiteRunner.runSequentially(SuiteRunner.java:437)
	at org.testng.SuiteRunner.privateRun(SuiteRunner.java:397)
	at org.testng.SuiteRunner.run(SuiteRunner.java:336)
	at org.testng.SuiteRunnerWorker.runSuite(SuiteRunnerWorker.java:52)
	at org.testng.SuiteRunnerWorker.run(SuiteRunnerWorker.java:95)
	at org.testng.TestNG.runSuitesSequentially(TestNG.java:1280)
	at org.testng.TestNG.runSuitesLocally(TestNG.java:1200)
	at org.testng.TestNG.runSuites(TestNG.java:1114)
	at org.testng.TestNG.run(TestNG.java:1082)
	at com.intellij.rt.testng.IDEARemoteTestNG.run(IDEARemoteTestNG.java:66)
	at com.intellij.rt.testng.RemoteTestNGStarter.main(RemoteTestNGStarter.java:109)
2024-12-15 15:09:33 INFO  BaseTest:18 - Test findAndVerifyCoursePageTest is started!
2024-12-15 15:09:34 INFO  WebDriverRun:35 - ChromeDriver has been launched.
2024-12-15 15:22:39 INFO  BaseTest:18 - Test findAndVerifyCoursePageTest is started!
2024-12-15 15:22:42 INFO  WebDriverRun:35 - ChromeDriver has been launched.
2024-12-15 15:31:27 INFO  BaseTest:18 - Test findAndVerifyCoursePageTest is started!
2024-12-15 15:31:29 INFO  WebDriverRun:35 - ChromeDriver has been launched.
2024-12-15 15:51:45 INFO  BaseTest:18 - Test findAndVerifyCoursePageTest is started!
2024-12-15 15:51:47 INFO  WebDriverRun:35 - ChromeDriver has been launched.
2024-12-20 09:09:13 INFO  BaseTest:18 - Test findAndVerifyCoursePageTest is started!
2024-12-20 09:09:18 INFO  WebDriverRun:35 - ChromeDriver has been launched.
2024-12-20 09:09:40 INFO  BaseTest:23 - Tests automation is ended
2024-12-20 09:09:40 INFO  WebDriverRun:46 - WebDriver has been closed successfully.
2024-12-20 09:09:40 INFO  BaseTest:29 - Test findAndVerifyCoursePageTest is PASSED
2024-12-20 09:36:23 INFO  WebDriverRun:35 - ChromeDriver has been launched.
2024-12-20 09:36:23 INFO  BaseTest:18 - Test findAndVerifyCoursePageTest is started!
2024-12-20 09:36:36 INFO  BaseTest:23 - Tests automation is ended
2024-12-20 09:36:36 INFO  WebDriverRun:46 - WebDriver has been closed successfully.
2024-12-20 09:36:36 INFO  BaseTest:29 - Test findAndVerifyCoursePageTest is PASSED
2024-12-20 09:40:03 INFO  WebDriverRun:35 - ChromeDriver has been launched.
2024-12-20 09:40:03 INFO  BaseTest:18 - Test verifyCourseCardsTest is started!
2024-12-20 09:41:23 INFO  WebDriverRun:35 - ChromeDriver has been launched.
2024-12-20 09:41:23 INFO  BaseTest:18 - Test verifyCourseCardsTest is started!
2024-12-20 09:44:21 INFO  BaseTest:23 - Tests automation is ended
2024-12-20 09:44:29 INFO  WebDriverRun:35 - ChromeDriver has been launched.
2024-12-20 09:44:29 INFO  BaseTest:18 - Test verifyCourseCardsTest is started!
2024-12-20 09:45:48 INFO  WebDriverRun:35 - ChromeDriver has been launched.
2024-12-20 09:45:48 INFO  BaseTest:18 - Test verifyCourseCardsTest is started!
2024-12-20 09:55:28 INFO  WebDriverRun:35 - ChromeDriver has been launched.
2024-12-20 09:55:28 INFO  BaseTest:18 - Test findAndVerifyCoursePageTest is started!
2024-12-20 10:14:54 INFO  WebDriverRun:35 - ChromeDriver has been launched.
2024-12-20 10:14:54 INFO  BaseTest:18 - Test verifyCourseCardsTest is started!
2024-12-20 10:17:21 INFO  WebDriverRun:35 - ChromeDriver has been launched.
2024-12-20 10:17:21 INFO  BaseTest:18 - Test findAndVerifyCoursePageTest is started!
2024-12-20 10:17:35 INFO  BaseTest:23 - Tests automation is ended
2024-12-20 10:17:35 INFO  WebDriverRun:46 - WebDriver has been closed successfully.
2024-12-20 10:17:35 INFO  BaseTest:29 - Test findAndVerifyCoursePageTest is PASSED
2024-12-20 10:18:47 INFO  BaseTest:23 - Tests automation is ended
2024-12-20 10:18:56 INFO  WebDriverRun:35 - ChromeDriver has been launched.
2024-12-20 10:18:56 INFO  BaseTest:18 - Test verifyCourseCardsTest is started!
2024-12-20 10:20:10 INFO  WebDriverRun:35 - ChromeDriver has been launched.
2024-12-20 10:20:10 INFO  BaseTest:18 - Test verifyCourseCardsTest is started!
2024-12-20 10:42:38 INFO  WebDriverRun:35 - ChromeDriver has been launched.
2024-12-20 10:42:39 INFO  BaseTest:18 - Test verifyCourseCardsTest is started!
2024-12-20 10:44:01 INFO  BaseTest:23 - Tests automation is ended
2024-12-20 10:44:01 INFO  WebDriverRun:46 - WebDriver has been closed successfully.
2024-12-20 10:44:01 INFO  BaseTest:29 - Test verifyCourseCardsTest is PASSED
2024-12-20 10:44:10 INFO  WebDriverRun:35 - ChromeDriver has been launched.
2024-12-20 10:44:10 INFO  BaseTest:18 - Test verifyCourseCardsTest is started!
2024-12-20 10:44:12 INFO  BaseTest:23 - Tests automation is ended
2024-12-20 10:44:12 INFO  WebDriverRun:46 - WebDriver has been closed successfully.
2024-12-20 10:44:12 INFO  BaseTest:29 - Test verifyCourseCardsTest is PASSED
2024-12-20 10:44:22 INFO  WebDriverRun:35 - ChromeDriver has been launched.
2024-12-20 10:44:22 INFO  BaseTest:18 - Test verifyCourseCardsTest is started!
2024-12-20 10:46:19 INFO  WebDriverRun:35 - ChromeDriver has been launched.
2024-12-20 10:46:19 INFO  BaseTest:18 - Test findAndVerifyCoursePageTest is started!
2024-12-20 10:46:33 INFO  BaseTest:23 - Tests automation is ended
2024-12-20 10:46:33 INFO  WebDriverRun:46 - WebDriver has been closed successfully.
2024-12-20 10:46:33 INFO  BaseTest:29 - Test findAndVerifyCoursePageTest is PASSED
2024-12-20 10:49:46 INFO  BaseTest:23 - Tests automation is ended
2024-12-20 10:49:54 INFO  WebDriverRun:35 - ChromeDriver has been launched.
2024-12-20 10:49:54 INFO  BaseTest:18 - Test verifyCourseCardsTest is started!
2024-12-20 11:01:59 INFO  BaseTest:23 - Tests automation is ended
2024-12-20 11:01:59 INFO  WebDriverRun:46 - WebDriver has been closed successfully.
2024-12-20 11:01:59 INFO  BaseTest:29 - Test verifyCourseCardsTest is PASSED
2024-12-20 11:02:09 INFO  WebDriverRun:35 - ChromeDriver has been launched.
2024-12-20 11:02:09 INFO  BaseTest:21 - Test verifyCourseCardsTest is started!
2024-12-20 11:08:15 INFO  BaseTest:26 - Tests automation is ended
2024-12-20 11:08:24 INFO  WebDriverRun:35 - ChromeDriver has been launched.
2024-12-20 11:08:24 INFO  BaseTest:21 - Test verifyCourseCardsTest is started!
2024-12-20 11:09:41 INFO  WebDriverRun:35 - ChromeDriver has been launched.
2024-12-20 11:09:41 INFO  BaseTest:21 - Test verifyCourseCardsTest is started!
2024-12-20 11:11:37 INFO  BaseTest:26 - Tests automation is ended
2024-12-20 11:11:40 INFO  WebDriverRun:35 - ChromeDriver has been launched.
2024-12-20 11:11:40 INFO  BaseTest:21 - Test verifyCourseCardsTest is started!
2024-12-20 11:11:50 INFO  BaseTest:26 - Tests automation is ended
2024-12-20 11:11:50 INFO  WebDriverRun:46 - WebDriver has been closed successfully.
2024-12-20 11:11:50 ERROR BaseTest:35 - Test verifyCourseCardsTest is FAILED
java.lang.NullPointerException: Cannot invoke "org.testng.asserts.SoftAssert.assertTrue(boolean, String)" because "this.soft" is null
	at homework.FirstHomeWorkTest.lambda$verifyCourseCardsTest$0(FirstHomeWorkTest.java:42)
	at java.base/java.util.stream.ForEachOps$ForEachOp$OfRef.accept(ForEachOps.java:183)
	at java.base/java.util.ArrayList$ArrayListSpliterator.forEachRemaining(ArrayList.java:1625)
	at java.base/java.util.stream.ReferencePipeline$Head.forEach(ReferencePipeline.java:762)
	at java.base/java.util.stream.ReferencePipeline$7$1.accept(ReferencePipeline.java:276)
	at java.base/java.util.HashMap$ValueSpliterator.forEachRemaining(HashMap.java:1779)
	at java.base/java.util.stream.AbstractPipeline.copyInto(AbstractPipeline.java:509)
	at java.base/java.util.stream.AbstractPipeline.wrapAndCopyInto(AbstractPipeline.java:499)
	at java.base/java.util.stream.ForEachOps$ForEachOp.evaluateSequential(ForEachOps.java:150)
	at java.base/java.util.stream.ForEachOps$ForEachOp$OfRef.evaluateSequential(ForEachOps.java:173)
	at java.base/java.util.stream.AbstractPipeline.evaluate(AbstractPipeline.java:234)
	at java.base/java.util.stream.ReferencePipeline.forEach(ReferencePipeline.java:596)
	at homework.FirstHomeWorkTest.verifyCourseCardsTest(FirstHomeWorkTest.java:39)
	at java.base/jdk.internal.reflect.NativeMethodAccessorImpl.invoke0(Native Method)
	at java.base/jdk.internal.reflect.NativeMethodAccessorImpl.invoke(NativeMethodAccessorImpl.java:77)
	at java.base/jdk.internal.reflect.DelegatingMethodAccessorImpl.invoke(DelegatingMethodAccessorImpl.java:43)
	at java.base/java.lang.reflect.Method.invoke(Method.java:569)
	at org.testng.internal.invokers.MethodInvocationHelper.invokeMethod(MethodInvocationHelper.java:139)
	at org.testng.internal.invokers.TestInvoker.invokeMethod(TestInvoker.java:664)
	at org.testng.internal.invokers.TestInvoker.invokeTestMethod(TestInvoker.java:227)
	at org.testng.internal.invokers.MethodRunner.runInSequence(MethodRunner.java:50)
	at org.testng.internal.invokers.TestInvoker$MethodInvocationAgent.invoke(TestInvoker.java:957)
	at org.testng.internal.invokers.TestInvoker.invokeTestMethods(TestInvoker.java:200)
	at org.testng.internal.invokers.TestMethodWorker.invokeTestMethods(TestMethodWorker.java:148)
	at org.testng.internal.invokers.TestMethodWorker.run(TestMethodWorker.java:128)
	at java.base/java.util.ArrayList.forEach(ArrayList.java:1511)
	at org.testng.TestRunner.privateRun(TestRunner.java:848)
	at org.testng.TestRunner.run(TestRunner.java:621)
	at org.testng.SuiteRunner.runTest(SuiteRunner.java:443)
	at org.testng.SuiteRunner.runSequentially(SuiteRunner.java:437)
	at org.testng.SuiteRunner.privateRun(SuiteRunner.java:397)
	at org.testng.SuiteRunner.run(SuiteRunner.java:336)
	at org.testng.SuiteRunnerWorker.runSuite(SuiteRunnerWorker.java:52)
	at org.testng.SuiteRunnerWorker.run(SuiteRunnerWorker.java:95)
	at org.testng.TestNG.runSuitesSequentially(TestNG.java:1280)
	at org.testng.TestNG.runSuitesLocally(TestNG.java:1200)
	at org.testng.TestNG.runSuites(TestNG.java:1114)
	at org.testng.TestNG.run(TestNG.java:1082)
	at com.intellij.rt.testng.IDEARemoteTestNG.run(IDEARemoteTestNG.java:66)
	at com.intellij.rt.testng.RemoteTestNGStarter.main(RemoteTestNGStarter.java:109)
2024-12-20 11:12:24 INFO  WebDriverRun:35 - ChromeDriver has been launched.
2024-12-20 11:12:24 INFO  BaseTest:21 - Test verifyCourseCardsTest is started!
2024-12-20 11:12:47 INFO  BaseTest:26 - Tests automation is ended
2024-12-20 11:12:47 INFO  WebDriverRun:46 - WebDriver has been closed successfully.
2024-12-20 11:12:47 INFO  BaseTest:32 - Test verifyCourseCardsTest is PASSED
2024-12-20 11:12:53 INFO  WebDriverRun:35 - ChromeDriver has been launched.
2024-12-20 11:12:53 INFO  BaseTest:21 - Test findAndVerifyCoursePageTest is started!
2024-12-20 11:13:06 INFO  BaseTest:26 - Tests automation is ended
2024-12-20 11:13:06 INFO  WebDriverRun:46 - WebDriver has been closed successfully.
2024-12-20 11:13:06 INFO  BaseTest:32 - Test findAndVerifyCoursePageTest is PASSED
2024-12-20 15:59:03 INFO  WebDriverRun:35 - ChromeDriver has been launched.
2024-12-20 15:59:03 INFO  BaseTest:21 - Test findAndVerifyCoursePageTest is started!
2024-12-20 15:59:26 INFO  BaseTest:26 - Tests automation is ended
2024-12-20 15:59:26 INFO  WebDriverRun:46 - WebDriver has been closed successfully.
2024-12-20 15:59:26 INFO  BaseTest:32 - Test findAndVerifyCoursePageTest is PASSED
2024-12-20 15:59:36 INFO  WebDriverRun:35 - ChromeDriver has been launched.
2024-12-20 15:59:36 INFO  BaseTest:21 - Test verifyCourseCardsTest is started!
2024-12-20 16:00:06 INFO  BaseTest:26 - Tests automation is ended
2024-12-20 16:00:06 INFO  WebDriverRun:46 - WebDriver has been closed successfully.
2024-12-20 16:00:06 INFO  BaseTest:32 - Test verifyCourseCardsTest is PASSED
2024-12-20 16:04:33 INFO  WebDriverRun:35 - ChromeDriver has been launched.
2024-12-20 16:04:33 INFO  BaseTest:21 - Test findAndVerifyCoursePageTest is started!
2024-12-20 16:04:46 INFO  BaseTest:26 - Tests automation is ended
2024-12-20 16:04:46 INFO  WebDriverRun:46 - WebDriver has been closed successfully.
2024-12-20 16:04:46 INFO  BaseTest:32 - Test findAndVerifyCoursePageTest is PASSED
2024-12-20 16:04:46 INFO  BaseTest:21 - Test verifyCourseCardsTest is started!
2024-12-20 16:04:47 INFO  WebDriverRun:35 - ChromeDriver has been launched.
2024-12-20 16:04:49 INFO  BaseTest:26 - Tests automation is ended
2024-12-20 16:04:49 INFO  WebDriverRun:46 - WebDriver has been closed successfully.
2024-12-20 16:04:49 ERROR BaseTest:35 - Test verifyCourseCardsTest is FAILED
org.openqa.selenium.NoSuchSessionException: Session ID is null. Using WebDriver after calling quit()?
Build info: version: '4.27.0', revision: 'd6e718d134'
System info: os.name: 'Mac OS X', os.arch: 'aarch64', os.version: '13.1', java.version: '17.0.13'
Driver info: org.openqa.selenium.chrome.ChromeDriver
Command: [null, findElement {value=//div[contains(text(),'')], using=xpath}]
Capabilities {acceptInsecureCerts: false, browserName: chrome, browserVersion: 117.0.5938.132, chrome: {chromedriverVersion: 117.0.5938.149 (e3344ddefa1..., userDataDir: /var/folders/jd/bk58j_5x68v...}, fedcm:accounts: true, goog:chromeOptions: {debuggerAddress: localhost:64312}, networkConnectionEnabled: false, pageLoadStrategy: normal, platformName: mac, proxy: Proxy(), se:cdp: ws://localhost:64312/devtoo..., se:cdpVersion: 117.0.5938.132, setWindowRect: true, strictFileInteractability: false, timeouts: {implicit: 0, pageLoad: 300000, script: 30000}, unhandledPromptBehavior: dismiss and notify, webauthn:extension:credBlob: true, webauthn:extension:largeBlob: true, webauthn:extension:minPinLength: true, webauthn:extension:prf: true, webauthn:virtualAuthenticators: true}
	at org.openqa.selenium.remote.HttpCommandExecutor.execute(HttpCommandExecutor.java:151)
	at org.openqa.selenium.remote.service.DriverCommandExecutor.invokeExecute(DriverCommandExecutor.java:216)
	at org.openqa.selenium.remote.service.DriverCommandExecutor.execute(DriverCommandExecutor.java:174)
	at org.openqa.selenium.remote.RemoteWebDriver.execute(RemoteWebDriver.java:545)
	at org.openqa.selenium.remote.ElementLocation$ElementFinder$2.findElement(ElementLocation.java:165)
	at org.openqa.selenium.remote.ElementLocation.findElement(ElementLocation.java:59)
	at org.openqa.selenium.remote.RemoteWebDriver.findElement(RemoteWebDriver.java:368)
	at org.openqa.selenium.remote.RemoteWebDriver.findElement(RemoteWebDriver.java:362)
	at org.openqa.selenium.support.pagefactory.DefaultElementLocator.findElement(DefaultElementLocator.java:68)
	at org.openqa.selenium.support.pagefactory.internal.LocatingElementHandler.invoke(LocatingElementHandler.java:38)
	at jdk.proxy2/jdk.proxy2.$Proxy16.isDisplayed(Unknown Source)
	at com.otus.testframework.framework.framework.pages.CoursesPage.isPageLoaded(CoursesPage.java:43)
	at com.otus.testframework.framework.framework.pages.CoursesPage.lambda$open$0(CoursesPage.java:38)
	at com.otus.testframework.framework.framework.utils.AdditionalConditions.lambda$isTrue$0(AdditionalConditions.java:10)
	at org.openqa.selenium.support.ui.FluentWait.until(FluentWait.java:203)
	at com.otus.testframework.framework.framework.pages.AbstractWebPage.shortWaitUntil(AbstractWebPage.java:58)
	at com.otus.testframework.framework.framework.pages.CoursesPage.open(CoursesPage.java:38)
	at homework.FirstHomeWorkTest.verifyCourseCardsTest(FirstHomeWorkTest.java:34)
	at java.base/jdk.internal.reflect.NativeMethodAccessorImpl.invoke0(Native Method)
	at java.base/jdk.internal.reflect.NativeMethodAccessorImpl.invoke(NativeMethodAccessorImpl.java:77)
	at java.base/jdk.internal.reflect.DelegatingMethodAccessorImpl.invoke(DelegatingMethodAccessorImpl.java:43)
	at java.base/java.lang.reflect.Method.invoke(Method.java:569)
	at org.testng.internal.invokers.MethodInvocationHelper.invokeMethod(MethodInvocationHelper.java:139)
	at org.testng.internal.invokers.TestInvoker.invokeMethod(TestInvoker.java:664)
	at org.testng.internal.invokers.TestInvoker.invokeTestMethod(TestInvoker.java:227)
	at org.testng.internal.invokers.MethodRunner.runInSequence(MethodRunner.java:50)
	at org.testng.internal.invokers.TestInvoker$MethodInvocationAgent.invoke(TestInvoker.java:957)
	at org.testng.internal.invokers.TestInvoker.invokeTestMethods(TestInvoker.java:200)
	at org.testng.internal.invokers.TestMethodWorker.invokeTestMethods(TestMethodWorker.java:148)
	at org.testng.internal.invokers.TestMethodWorker.run(TestMethodWorker.java:128)
	at java.base/java.util.ArrayList.forEach(ArrayList.java:1511)
	at org.testng.TestRunner.privateRun(TestRunner.java:848)
	at org.testng.TestRunner.run(TestRunner.java:621)
	at org.testng.SuiteRunner.runTest(SuiteRunner.java:443)
	at org.testng.SuiteRunner.runSequentially(SuiteRunner.java:437)
	at org.testng.SuiteRunner.privateRun(SuiteRunner.java:397)
	at org.testng.SuiteRunner.run(SuiteRunner.java:336)
	at org.testng.SuiteRunnerWorker.runSuite(SuiteRunnerWorker.java:52)
	at org.testng.SuiteRunnerWorker.run(SuiteRunnerWorker.java:95)
	at org.testng.TestNG.runSuitesSequentially(TestNG.java:1280)
	at org.testng.TestNG.runSuitesLocally(TestNG.java:1200)
	at org.testng.TestNG.runSuites(TestNG.java:1114)
	at org.testng.TestNG.run(TestNG.java:1082)
	at org.apache.maven.surefire.testng.TestNGExecutor.run(TestNGExecutor.java:151)
	at org.apache.maven.surefire.testng.TestNGDirectoryTestSuite.executeMulti(TestNGDirectoryTestSuite.java:192)
	at org.apache.maven.surefire.testng.TestNGDirectoryTestSuite.execute(TestNGDirectoryTestSuite.java:93)
	at org.apache.maven.surefire.testng.TestNGProvider.invoke(TestNGProvider.java:155)
	at org.apache.maven.surefire.booter.ForkedBooter.runSuitesInProcess(ForkedBooter.java:456)
	at org.apache.maven.surefire.booter.ForkedBooter.execute(ForkedBooter.java:169)
	at org.apache.maven.surefire.booter.ForkedBooter.run(ForkedBooter.java:595)
	at org.apache.maven.surefire.booter.ForkedBooter.main(ForkedBooter.java:581)
2024-12-20 16:23:56 INFO  WebDriverRun:35 - ChromeDriver has been launched.
2024-12-20 16:23:56 INFO  BaseTest:21 - Test verifyCorrectCourseCatalogOpensForRandomCategory is started!
2024-12-20 16:48:56 INFO  WebDriverRun:35 - ChromeDriver has been launched.
2024-12-20 16:48:56 INFO  BaseTest:21 - Test verifyCorrectCourseCatalogOpensForRandomCategory is started!
2024-12-20 16:49:07 INFO  BaseTest:26 - Tests automation is ended
2024-12-20 16:49:07 INFO  WebDriverRun:46 - WebDriver has been closed successfully.
2024-12-20 16:49:07 INFO  BaseTest:32 - Test verifyCorrectCourseCatalogOpensForRandomCategory is PASSED
2024-12-20 16:52:40 INFO  WebDriverRun:35 - ChromeDriver has been launched.
2024-12-20 16:52:40 INFO  BaseTest:21 - Test verifyCorrectCourseCatalogOpensForRandomCategory is started!
2024-12-21 10:58:21 INFO  WebDriverRun:35 - ChromeDriver has been launched.
2024-12-21 10:58:21 INFO  BaseTest:21 - Test verifyCorrectCourseCatalogOpensForRandomCategory is started!
2024-12-21 10:58:34 INFO  BaseTest:26 - Tests automation is ended
2024-12-21 10:58:34 INFO  WebDriverRun:46 - WebDriver has been closed successfully.
2024-12-21 10:58:34 INFO  BaseTest:32 - Test verifyCorrectCourseCatalogOpensForRandomCategory is PASSED
2024-12-21 10:59:01 INFO  WebDriverRun:35 - ChromeDriver has been launched.
2024-12-21 10:59:01 INFO  BaseTest:21 - Test verifyCorrectCourseCatalogOpensForRandomCategory is started!
2024-12-21 10:59:10 INFO  BaseTest:26 - Tests automation is ended
2024-12-21 10:59:10 INFO  WebDriverRun:46 - WebDriver has been closed successfully.
2024-12-21 10:59:10 INFO  BaseTest:32 - Test verifyCorrectCourseCatalogOpensForRandomCategory is PASSED
2024-12-21 17:15:43 INFO  WebDriverRun:35 - ChromeDriver has been launched.
2024-12-21 17:15:43 INFO  BaseTest:21 - Test verifyCorrectCourseCatalogOpensForRandomCategory is started!
2024-12-21 17:15:56 INFO  BaseTest:26 - Tests automation is ended
2024-12-21 17:15:56 INFO  WebDriverRun:46 - WebDriver has been closed successfully.
2024-12-21 17:15:56 INFO  BaseTest:32 - Test verifyCorrectCourseCatalogOpensForRandomCategory is PASSED
2024-12-21 17:16:06 INFO  WebDriverRun:35 - ChromeDriver has been launched.
2024-12-21 17:16:06 INFO  BaseTest:21 - Test verifyCorrectCourseCatalogOpensForRandomCategory is started!
2024-12-21 17:31:45 INFO  BaseTest:26 - Tests automation is ended
2024-12-21 17:31:50 INFO  WebDriverRun:35 - ChromeDriver has been launched.
2024-12-21 17:31:50 INFO  BaseTest:21 - Test verifyCorrectCourseCatalogOpensForRandomCategory is started!
2024-12-21 17:32:01 INFO  BaseTest:26 - Tests automation is ended
2024-12-21 17:32:01 INFO  WebDriverRun:46 - WebDriver has been closed successfully.
2024-12-21 17:32:01 INFO  BaseTest:32 - Test verifyCorrectCourseCatalogOpensForRandomCategory is PASSED
2024-12-21 17:32:48 INFO  WebDriverRun:35 - ChromeDriver has been launched.
2024-12-21 17:32:48 INFO  BaseTest:21 - Test verifyCorrectCourseCatalogOpensForRandomCategory is started!
2024-12-21 17:32:58 INFO  BaseTest:26 - Tests automation is ended
2024-12-21 17:32:58 INFO  WebDriverRun:46 - WebDriver has been closed successfully.
2024-12-21 17:32:58 INFO  BaseTest:32 - Test verifyCorrectCourseCatalogOpensForRandomCategory is PASSED
2024-12-21 17:33:32 INFO  WebDriverRun:35 - ChromeDriver has been launched.
2024-12-21 17:33:32 INFO  BaseTest:21 - Test findAndVerifyCoursePageTest is started!
2024-12-21 17:33:45 INFO  BaseTest:26 - Tests automation is ended
2024-12-21 17:33:46 INFO  WebDriverRun:46 - WebDriver has been closed successfully.
2024-12-21 17:33:46 INFO  BaseTest:32 - Test findAndVerifyCoursePageTest is PASSED
2024-12-21 17:33:50 INFO  WebDriverRun:35 - ChromeDriver has been launched.
2024-12-21 17:33:50 INFO  BaseTest:21 - Test findAndVerifyCoursePageTest is started!
2024-12-21 17:34:05 INFO  BaseTest:26 - Tests automation is ended
2024-12-21 17:34:05 INFO  WebDriverRun:46 - WebDriver has been closed successfully.
2024-12-21 17:34:05 INFO  BaseTest:32 - Test findAndVerifyCoursePageTest is PASSED
2024-12-21 17:36:38 INFO  WebDriverRun:35 - ChromeDriver has been launched.
2024-12-21 17:36:38 INFO  BaseTest:21 - Test verifyCorrectCourseCatalogOpensForRandomCategory is started!
2024-12-21 17:37:11 INFO  BaseTest:26 - Tests automation is ended
2024-12-21 17:37:11 INFO  WebDriverRun:46 - WebDriver has been closed successfully.
2024-12-21 17:37:11 INFO  BaseTest:32 - Test verifyCorrectCourseCatalogOpensForRandomCategory is PASSED
2024-12-21 17:37:25 INFO  WebDriverRun:35 - ChromeDriver has been launched.
2024-12-21 17:37:25 INFO  BaseTest:21 - Test findAndVerifyCoursePageTest is started!
2024-12-21 17:37:39 INFO  BaseTest:26 - Tests automation is ended
2024-12-21 17:37:39 INFO  WebDriverRun:46 - WebDriver has been closed successfully.
2024-12-21 17:37:39 INFO  BaseTest:32 - Test findAndVerifyCoursePageTest is PASSED
2024-12-21 17:38:16 INFO  WebDriverRun:35 - ChromeDriver has been launched.
2024-12-21 17:38:16 INFO  BaseTest:21 - Test findAndVerifyCoursePageTest is started!
2024-12-21 17:38:34 INFO  BaseTest:26 - Tests automation is ended
2024-12-21 17:38:35 INFO  WebDriverRun:46 - WebDriver has been closed successfully.
2024-12-21 17:38:35 INFO  BaseTest:32 - Test findAndVerifyCoursePageTest is PASSED
2024-12-21 17:39:12 INFO  WebDriverRun:35 - ChromeDriver has been launched.
2024-12-21 17:39:12 INFO  BaseTest:21 - Test findAndVerifyCoursePageTest is started!
2024-12-21 17:39:27 INFO  BaseTest:26 - Tests automation is ended
2024-12-21 17:39:27 INFO  WebDriverRun:46 - WebDriver has been closed successfully.
2024-12-21 17:39:27 INFO  BaseTest:32 - Test findAndVerifyCoursePageTest is PASSED
2024-12-21 17:39:36 INFO  WebDriverRun:35 - ChromeDriver has been launched.
2024-12-21 17:39:36 INFO  BaseTest:21 - Test findAndVerifyCoursePageTest is started!
2024-12-21 17:39:50 INFO  BaseTest:26 - Tests automation is ended
2024-12-21 17:39:50 INFO  WebDriverRun:46 - WebDriver has been closed successfully.
2024-12-21 17:39:50 INFO  BaseTest:32 - Test findAndVerifyCoursePageTest is PASSED
2024-12-21 17:41:07 INFO  WebDriverRun:35 - ChromeDriver has been launched.
2024-12-21 17:41:07 INFO  BaseTest:21 - Test findAndVerifyCoursePageTest is started!
2024-12-21 17:41:21 INFO  BaseTest:26 - Tests automation is ended
2024-12-21 17:41:21 INFO  WebDriverRun:46 - WebDriver has been closed successfully.
2024-12-21 17:41:21 INFO  BaseTest:32 - Test findAndVerifyCoursePageTest is PASSED
2024-12-21 17:41:48 INFO  WebDriverRun:35 - ChromeDriver has been launched.
2024-12-21 17:41:48 INFO  BaseTest:21 - Test findAndVerifyCoursePageTest is started!
2024-12-21 17:42:01 INFO  BaseTest:26 - Tests automation is ended
2024-12-21 17:42:01 INFO  WebDriverRun:46 - WebDriver has been closed successfully.
2024-12-21 17:42:01 INFO  BaseTest:32 - Test findAndVerifyCoursePageTest is PASSED
2024-12-21 17:42:08 INFO  WebDriverRun:35 - ChromeDriver has been launched.
2024-12-21 17:42:08 INFO  BaseTest:21 - Test verifyCorrectCourseCatalogOpensForRandomCategory is started!
2024-12-21 17:42:18 INFO  BaseTest:26 - Tests automation is ended
2024-12-21 17:42:18 INFO  WebDriverRun:46 - WebDriver has been closed successfully.
2024-12-21 17:42:18 INFO  BaseTest:32 - Test verifyCorrectCourseCatalogOpensForRandomCategory is PASSED
2024-12-21 17:43:04 INFO  WebDriverRun:35 - ChromeDriver has been launched.
2024-12-21 17:43:04 INFO  BaseTest:21 - Test findAndVerifyCoursePageTest is started!
2024-12-21 17:43:17 INFO  BaseTest:26 - Tests automation is ended
2024-12-21 17:43:17 INFO  WebDriverRun:46 - WebDriver has been closed successfully.
2024-12-21 17:43:17 INFO  BaseTest:32 - Test findAndVerifyCoursePageTest is PASSED
2024-12-21 17:43:22 INFO  WebDriverRun:35 - ChromeDriver has been launched.
2024-12-21 17:43:22 INFO  BaseTest:21 - Test findAndVerifyCoursePageTest is started!
2024-12-21 17:43:35 INFO  BaseTest:26 - Tests automation is ended
2024-12-21 17:43:35 INFO  WebDriverRun:46 - WebDriver has been closed successfully.
2024-12-21 17:43:35 INFO  BaseTest:32 - Test findAndVerifyCoursePageTest is PASSED
2024-12-21 17:43:41 INFO  WebDriverRun:35 - ChromeDriver has been launched.
2024-12-21 17:43:41 INFO  BaseTest:21 - Test verifyCorrectCourseCatalogOpensForRandomCategory is started!
2024-12-21 17:43:51 INFO  BaseTest:26 - Tests automation is ended
2024-12-21 17:43:51 INFO  WebDriverRun:46 - WebDriver has been closed successfully.
2024-12-21 17:43:51 INFO  BaseTest:32 - Test verifyCorrectCourseCatalogOpensForRandomCategory is PASSED
2024-12-22 09:11:34 INFO  WebDriverRun:35 - ChromeDriver has been launched.
2024-12-22 09:11:34 INFO  BaseTest:21 - Test verifyCorrectCourseCatalogOpensForRandomCategory is started!
2024-12-22 09:11:44 INFO  BaseTest:26 - Tests automation is ended
2024-12-22 09:11:44 INFO  WebDriverRun:46 - WebDriver has been closed successfully.
2024-12-22 09:11:44 INFO  BaseTest:32 - Test verifyCorrectCourseCatalogOpensForRandomCategory is PASSED
2024-12-22 17:35:39 INFO  WebDriverRun:35 - ChromeDriver has been launched.
2024-12-22 17:35:40 INFO  BaseTest:21 - Test findAndVerifyCoursePageTest is started!
2024-12-22 17:36:02 INFO  BaseTest:26 - Tests automation is ended
2024-12-22 17:36:02 INFO  WebDriverRun:46 - WebDriver has been closed successfully.
2024-12-22 17:36:02 INFO  BaseTest:32 - Test findAndVerifyCoursePageTest is PASSED
2024-12-22 17:36:08 INFO  WebDriverRun:35 - ChromeDriver has been launched.
2024-12-22 17:36:08 INFO  BaseTest:21 - Test verifyCourseCardsTest is started!
2024-12-22 17:36:38 INFO  BaseTest:26 - Tests automation is ended
2024-12-22 17:36:38 INFO  WebDriverRun:46 - WebDriver has been closed successfully.
2024-12-22 17:36:38 INFO  BaseTest:32 - Test verifyCourseCardsTest is PASSED
2024-12-22 17:36:48 INFO  WebDriverRun:35 - ChromeDriver has been launched.
2024-12-22 17:36:48 INFO  BaseTest:21 - Test verifyCorrectCourseCatalogOpensForRandomCategory is started!
2024-12-22 17:36:57 INFO  BaseTest:26 - Tests automation is ended
2024-12-22 17:36:58 INFO  WebDriverRun:46 - WebDriver has been closed successfully.
2024-12-22 17:36:58 INFO  BaseTest:32 - Test verifyCorrectCourseCatalogOpensForRandomCategory is PASSED
2024-12-22 21:34:14 INFO  WebDriverRun:39 - ChromeDriver has been launched.
2024-12-22 21:34:14 INFO  BaseTest:20 - Test findAndVerifyCoursePageTest is started!
2024-12-22 21:34:30 INFO  BaseTest:25 - Tests automation is ended
2024-12-22 21:34:30 INFO  WebDriverRun:50 - WebDriver has been closed successfully.
2024-12-22 21:34:30 INFO  BaseTest:31 - Test findAndVerifyCoursePageTest is PASSED
2024-12-22 21:34:30 INFO  BaseTest:20 - Test verifyCorrectCourseCatalogOpensForRandomCategory is started!
2024-12-22 21:34:30 INFO  BaseTest:25 - Tests automation is ended
2024-12-22 21:34:30 ERROR BaseTest:34 - Test verifyCorrectCourseCatalogOpensForRandomCategory is FAILED
org.openqa.selenium.NoSuchSessionException: Session ID is null. Using WebDriver after calling quit()?
Build info: version: '4.27.0', revision: 'd6e718d134'
System info: os.name: 'Mac OS X', os.arch: 'aarch64', os.version: '13.1', java.version: '17.0.13'
Driver info: org.openqa.selenium.chrome.ChromeDriver
Command: [null, get {url=https://otus.ru}]
Capabilities {acceptInsecureCerts: false, browserName: chrome, browserVersion: 117.0.5938.132, chrome: {chromedriverVersion: 117.0.5938.149 (e3344ddefa1..., userDataDir: /var/folders/jd/bk58j_5x68v...}, fedcm:accounts: true, goog:chromeOptions: {debuggerAddress: localhost:57801}, networkConnectionEnabled: false, pageLoadStrategy: normal, platformName: mac, proxy: Proxy(), se:cdp: ws://localhost:57801/devtoo..., se:cdpVersion: 117.0.5938.132, setWindowRect: true, strictFileInteractability: false, timeouts: {implicit: 0, pageLoad: 300000, script: 30000}, unhandledPromptBehavior: dismiss and notify, webauthn:extension:credBlob: true, webauthn:extension:largeBlob: true, webauthn:extension:minPinLength: true, webauthn:extension:prf: true, webauthn:virtualAuthenticators: true}
	at org.openqa.selenium.remote.HttpCommandExecutor.execute(HttpCommandExecutor.java:151)
	at org.openqa.selenium.remote.service.DriverCommandExecutor.invokeExecute(DriverCommandExecutor.java:216)
	at org.openqa.selenium.remote.service.DriverCommandExecutor.execute(DriverCommandExecutor.java:174)
	at org.openqa.selenium.remote.RemoteWebDriver.execute(RemoteWebDriver.java:545)
	at org.openqa.selenium.remote.RemoteWebDriver.get(RemoteWebDriver.java:313)
	at com.otus.testframework.framework.framework.pages.AbstractWebPage.navigateTo(AbstractWebPage.java:59)
	at com.otus.testframework.framework.framework.pages.MainPage.open(MainPage.java:28)
	at homework.FirstHomeWorkTest.verifyCorrectCourseCatalogOpensForRandomCategory(FirstHomeWorkTest.java:60)
	at java.base/jdk.internal.reflect.NativeMethodAccessorImpl.invoke0(Native Method)
	at java.base/jdk.internal.reflect.NativeMethodAccessorImpl.invoke(NativeMethodAccessorImpl.java:77)
	at java.base/jdk.internal.reflect.DelegatingMethodAccessorImpl.invoke(DelegatingMethodAccessorImpl.java:43)
	at java.base/java.lang.reflect.Method.invoke(Method.java:569)
	at org.testng.internal.invokers.MethodInvocationHelper.invokeMethod(MethodInvocationHelper.java:139)
	at org.testng.internal.invokers.TestInvoker.invokeMethod(TestInvoker.java:664)
	at org.testng.internal.invokers.TestInvoker.invokeTestMethod(TestInvoker.java:227)
	at org.testng.internal.invokers.MethodRunner.runInSequence(MethodRunner.java:50)
	at org.testng.internal.invokers.TestInvoker$MethodInvocationAgent.invoke(TestInvoker.java:957)
	at org.testng.internal.invokers.TestInvoker.invokeTestMethods(TestInvoker.java:200)
	at org.testng.internal.invokers.TestMethodWorker.invokeTestMethods(TestMethodWorker.java:148)
	at org.testng.internal.invokers.TestMethodWorker.run(TestMethodWorker.java:128)
	at java.base/java.util.ArrayList.forEach(ArrayList.java:1511)
	at org.testng.TestRunner.privateRun(TestRunner.java:848)
	at org.testng.TestRunner.run(TestRunner.java:621)
	at org.testng.SuiteRunner.runTest(SuiteRunner.java:443)
	at org.testng.SuiteRunner.runSequentially(SuiteRunner.java:437)
	at org.testng.SuiteRunner.privateRun(SuiteRunner.java:397)
	at org.testng.SuiteRunner.run(SuiteRunner.java:336)
	at org.testng.SuiteRunnerWorker.runSuite(SuiteRunnerWorker.java:52)
	at org.testng.SuiteRunnerWorker.run(SuiteRunnerWorker.java:95)
	at org.testng.TestNG.runSuitesSequentially(TestNG.java:1280)
	at org.testng.TestNG.runSuitesLocally(TestNG.java:1200)
	at org.testng.TestNG.runSuites(TestNG.java:1114)
	at org.testng.TestNG.run(TestNG.java:1082)
	at org.apache.maven.surefire.testng.TestNGExecutor.run(TestNGExecutor.java:151)
	at org.apache.maven.surefire.testng.TestNGDirectoryTestSuite.executeMulti(TestNGDirectoryTestSuite.java:192)
	at org.apache.maven.surefire.testng.TestNGDirectoryTestSuite.execute(TestNGDirectoryTestSuite.java:93)
	at org.apache.maven.surefire.testng.TestNGProvider.invoke(TestNGProvider.java:155)
	at org.apache.maven.surefire.booter.ForkedBooter.runSuitesInProcess(ForkedBooter.java:456)
	at org.apache.maven.surefire.booter.ForkedBooter.execute(ForkedBooter.java:169)
	at org.apache.maven.surefire.booter.ForkedBooter.run(ForkedBooter.java:595)
	at org.apache.maven.surefire.booter.ForkedBooter.main(ForkedBooter.java:581)
2024-12-22 21:34:30 INFO  BaseTest:20 - Test verifyCourseCardsTest is started!
2024-12-22 21:34:30 INFO  BaseTest:25 - Tests automation is ended
2024-12-22 21:34:30 ERROR BaseTest:34 - Test verifyCourseCardsTest is FAILED
org.openqa.selenium.NoSuchSessionException: Session ID is null. Using WebDriver after calling quit()?
Build info: version: '4.27.0', revision: 'd6e718d134'
System info: os.name: 'Mac OS X', os.arch: 'aarch64', os.version: '13.1', java.version: '17.0.13'
Driver info: org.openqa.selenium.chrome.ChromeDriver
Command: [null, get {url=https://otus.ru/catalog/courses}]
Capabilities {acceptInsecureCerts: false, browserName: chrome, browserVersion: 117.0.5938.132, chrome: {chromedriverVersion: 117.0.5938.149 (e3344ddefa1..., userDataDir: /var/folders/jd/bk58j_5x68v...}, fedcm:accounts: true, goog:chromeOptions: {debuggerAddress: localhost:57801}, networkConnectionEnabled: false, pageLoadStrategy: normal, platformName: mac, proxy: Proxy(), se:cdp: ws://localhost:57801/devtoo..., se:cdpVersion: 117.0.5938.132, setWindowRect: true, strictFileInteractability: false, timeouts: {implicit: 0, pageLoad: 300000, script: 30000}, unhandledPromptBehavior: dismiss and notify, webauthn:extension:credBlob: true, webauthn:extension:largeBlob: true, webauthn:extension:minPinLength: true, webauthn:extension:prf: true, webauthn:virtualAuthenticators: true}
	at org.openqa.selenium.remote.HttpCommandExecutor.execute(HttpCommandExecutor.java:151)
	at org.openqa.selenium.remote.service.DriverCommandExecutor.invokeExecute(DriverCommandExecutor.java:216)
	at org.openqa.selenium.remote.service.DriverCommandExecutor.execute(DriverCommandExecutor.java:174)
	at org.openqa.selenium.remote.RemoteWebDriver.execute(RemoteWebDriver.java:545)
	at org.openqa.selenium.remote.RemoteWebDriver.get(RemoteWebDriver.java:313)
	at com.otus.testframework.framework.framework.pages.AbstractWebPage.navigateTo(AbstractWebPage.java:59)
	at com.otus.testframework.framework.framework.pages.CoursesPage.open(CoursesPage.java:42)
	at homework.FirstHomeWorkTest.verifyCourseCardsTest(FirstHomeWorkTest.java:39)
	at java.base/jdk.internal.reflect.NativeMethodAccessorImpl.invoke0(Native Method)
	at java.base/jdk.internal.reflect.NativeMethodAccessorImpl.invoke(NativeMethodAccessorImpl.java:77)
	at java.base/jdk.internal.reflect.DelegatingMethodAccessorImpl.invoke(DelegatingMethodAccessorImpl.java:43)
	at java.base/java.lang.reflect.Method.invoke(Method.java:569)
	at org.testng.internal.invokers.MethodInvocationHelper.invokeMethod(MethodInvocationHelper.java:139)
	at org.testng.internal.invokers.TestInvoker.invokeMethod(TestInvoker.java:664)
	at org.testng.internal.invokers.TestInvoker.invokeTestMethod(TestInvoker.java:227)
	at org.testng.internal.invokers.MethodRunner.runInSequence(MethodRunner.java:50)
	at org.testng.internal.invokers.TestInvoker$MethodInvocationAgent.invoke(TestInvoker.java:957)
	at org.testng.internal.invokers.TestInvoker.invokeTestMethods(TestInvoker.java:200)
	at org.testng.internal.invokers.TestMethodWorker.invokeTestMethods(TestMethodWorker.java:148)
	at org.testng.internal.invokers.TestMethodWorker.run(TestMethodWorker.java:128)
	at java.base/java.util.ArrayList.forEach(ArrayList.java:1511)
	at org.testng.TestRunner.privateRun(TestRunner.java:848)
	at org.testng.TestRunner.run(TestRunner.java:621)
	at org.testng.SuiteRunner.runTest(SuiteRunner.java:443)
	at org.testng.SuiteRunner.runSequentially(SuiteRunner.java:437)
	at org.testng.SuiteRunner.privateRun(SuiteRunner.java:397)
	at org.testng.SuiteRunner.run(SuiteRunner.java:336)
	at org.testng.SuiteRunnerWorker.runSuite(SuiteRunnerWorker.java:52)
	at org.testng.SuiteRunnerWorker.run(SuiteRunnerWorker.java:95)
	at org.testng.TestNG.runSuitesSequentially(TestNG.java:1280)
	at org.testng.TestNG.runSuitesLocally(TestNG.java:1200)
	at org.testng.TestNG.runSuites(TestNG.java:1114)
	at org.testng.TestNG.run(TestNG.java:1082)
	at org.apache.maven.surefire.testng.TestNGExecutor.run(TestNGExecutor.java:151)
	at org.apache.maven.surefire.testng.TestNGDirectoryTestSuite.executeMulti(TestNGDirectoryTestSuite.java:192)
	at org.apache.maven.surefire.testng.TestNGDirectoryTestSuite.execute(TestNGDirectoryTestSuite.java:93)
	at org.apache.maven.surefire.testng.TestNGProvider.invoke(TestNGProvider.java:155)
	at org.apache.maven.surefire.booter.ForkedBooter.runSuitesInProcess(ForkedBooter.java:456)
	at org.apache.maven.surefire.booter.ForkedBooter.execute(ForkedBooter.java:169)
	at org.apache.maven.surefire.booter.ForkedBooter.run(ForkedBooter.java:595)
	at org.apache.maven.surefire.booter.ForkedBooter.main(ForkedBooter.java:581)
2024-12-22 21:35:15 INFO  WebDriverRun:39 - ChromeDriver has been launched.
2024-12-22 21:35:15 INFO  BaseTest:20 - Test findAndVerifyCoursePageTest is started!
2024-12-22 21:35:29 INFO  BaseTest:25 - Tests automation is ended
2024-12-22 21:35:29 INFO  WebDriverRun:50 - WebDriver has been closed successfully.
2024-12-22 21:35:29 INFO  BaseTest:31 - Test findAndVerifyCoursePageTest is PASSED
2024-12-22 21:35:59 INFO  WebDriverRun:39 - ChromeDriver has been launched.
2024-12-22 21:35:59 INFO  BaseTest:20 - Test verifyCourseCardsTest is started!
2024-12-22 21:36:55 INFO  BaseTest:25 - Tests automation is ended
2024-12-22 21:36:55 INFO  WebDriverRun:50 - WebDriver has been closed successfully.
2024-12-22 21:36:55 INFO  BaseTest:31 - Test verifyCourseCardsTest is PASSED
2024-12-22 21:37:14 INFO  WebDriverRun:39 - ChromeDriver has been launched.
2024-12-22 21:37:14 INFO  BaseTest:20 - Test findAndVerifyCoursePageTest is started!
2024-12-22 21:37:30 INFO  BaseTest:25 - Tests automation is ended
2024-12-22 21:37:30 INFO  WebDriverRun:50 - WebDriver has been closed successfully.
2024-12-22 21:37:30 INFO  BaseTest:31 - Test findAndVerifyCoursePageTest is PASSED
2024-12-22 21:37:30 INFO  BaseTest:20 - Test verifyCorrectCourseCatalogOpensForRandomCategory is started!
2024-12-22 21:37:30 INFO  BaseTest:25 - Tests automation is ended
2024-12-22 21:37:30 ERROR BaseTest:34 - Test verifyCorrectCourseCatalogOpensForRandomCategory is FAILED
org.openqa.selenium.NoSuchSessionException: Session ID is null. Using WebDriver after calling quit()?
Build info: version: '4.27.0', revision: 'd6e718d134'
System info: os.name: 'Mac OS X', os.arch: 'aarch64', os.version: '13.1', java.version: '17.0.13'
Driver info: org.openqa.selenium.chrome.ChromeDriver
Command: [null, get {url=https://otus.ru}]
Capabilities {acceptInsecureCerts: false, browserName: chrome, browserVersion: 117.0.5938.132, chrome: {chromedriverVersion: 117.0.5938.149 (e3344ddefa1..., userDataDir: /var/folders/jd/bk58j_5x68v...}, fedcm:accounts: true, goog:chromeOptions: {debuggerAddress: localhost:58251}, networkConnectionEnabled: false, pageLoadStrategy: normal, platformName: mac, proxy: Proxy(), se:cdp: ws://localhost:58251/devtoo..., se:cdpVersion: 117.0.5938.132, setWindowRect: true, strictFileInteractability: false, timeouts: {implicit: 0, pageLoad: 300000, script: 30000}, unhandledPromptBehavior: dismiss and notify, webauthn:extension:credBlob: true, webauthn:extension:largeBlob: true, webauthn:extension:minPinLength: true, webauthn:extension:prf: true, webauthn:virtualAuthenticators: true}
	at org.openqa.selenium.remote.HttpCommandExecutor.execute(HttpCommandExecutor.java:151)
	at org.openqa.selenium.remote.service.DriverCommandExecutor.invokeExecute(DriverCommandExecutor.java:216)
	at org.openqa.selenium.remote.service.DriverCommandExecutor.execute(DriverCommandExecutor.java:174)
	at org.openqa.selenium.remote.RemoteWebDriver.execute(RemoteWebDriver.java:545)
	at org.openqa.selenium.remote.RemoteWebDriver.get(RemoteWebDriver.java:313)
	at com.otus.testframework.framework.framework.pages.AbstractWebPage.navigateTo(AbstractWebPage.java:59)
	at com.otus.testframework.framework.framework.pages.MainPage.open(MainPage.java:28)
	at homework.FirstHomeWorkTest.verifyCorrectCourseCatalogOpensForRandomCategory(FirstHomeWorkTest.java:60)
	at java.base/jdk.internal.reflect.NativeMethodAccessorImpl.invoke0(Native Method)
	at java.base/jdk.internal.reflect.NativeMethodAccessorImpl.invoke(NativeMethodAccessorImpl.java:77)
	at java.base/jdk.internal.reflect.DelegatingMethodAccessorImpl.invoke(DelegatingMethodAccessorImpl.java:43)
	at java.base/java.lang.reflect.Method.invoke(Method.java:569)
	at org.testng.internal.invokers.MethodInvocationHelper.invokeMethod(MethodInvocationHelper.java:139)
	at org.testng.internal.invokers.TestInvoker.invokeMethod(TestInvoker.java:664)
	at org.testng.internal.invokers.TestInvoker.invokeTestMethod(TestInvoker.java:227)
	at org.testng.internal.invokers.MethodRunner.runInSequence(MethodRunner.java:50)
	at org.testng.internal.invokers.TestInvoker$MethodInvocationAgent.invoke(TestInvoker.java:957)
	at org.testng.internal.invokers.TestInvoker.invokeTestMethods(TestInvoker.java:200)
	at org.testng.internal.invokers.TestMethodWorker.invokeTestMethods(TestMethodWorker.java:148)
	at org.testng.internal.invokers.TestMethodWorker.run(TestMethodWorker.java:128)
	at java.base/java.util.ArrayList.forEach(ArrayList.java:1511)
	at org.testng.TestRunner.privateRun(TestRunner.java:848)
	at org.testng.TestRunner.run(TestRunner.java:621)
	at org.testng.SuiteRunner.runTest(SuiteRunner.java:443)
	at org.testng.SuiteRunner.runSequentially(SuiteRunner.java:437)
	at org.testng.SuiteRunner.privateRun(SuiteRunner.java:397)
	at org.testng.SuiteRunner.run(SuiteRunner.java:336)
	at org.testng.SuiteRunnerWorker.runSuite(SuiteRunnerWorker.java:52)
	at org.testng.SuiteRunnerWorker.run(SuiteRunnerWorker.java:95)
	at org.testng.TestNG.runSuitesSequentially(TestNG.java:1280)
	at org.testng.TestNG.runSuitesLocally(TestNG.java:1200)
	at org.testng.TestNG.runSuites(TestNG.java:1114)
	at org.testng.TestNG.run(TestNG.java:1082)
	at org.apache.maven.surefire.testng.TestNGExecutor.run(TestNGExecutor.java:151)
	at org.apache.maven.surefire.testng.TestNGDirectoryTestSuite.executeMulti(TestNGDirectoryTestSuite.java:192)
	at org.apache.maven.surefire.testng.TestNGDirectoryTestSuite.execute(TestNGDirectoryTestSuite.java:93)
	at org.apache.maven.surefire.testng.TestNGProvider.invoke(TestNGProvider.java:155)
	at org.apache.maven.surefire.booter.ForkedBooter.runSuitesInProcess(ForkedBooter.java:456)
	at org.apache.maven.surefire.booter.ForkedBooter.execute(ForkedBooter.java:169)
	at org.apache.maven.surefire.booter.ForkedBooter.run(ForkedBooter.java:595)
	at org.apache.maven.surefire.booter.ForkedBooter.main(ForkedBooter.java:581)
2024-12-22 21:37:30 INFO  BaseTest:20 - Test verifyCourseCardsTest is started!
2024-12-22 21:37:30 INFO  BaseTest:25 - Tests automation is ended
2024-12-22 21:37:30 ERROR BaseTest:34 - Test verifyCourseCardsTest is FAILED
org.openqa.selenium.NoSuchSessionException: Session ID is null. Using WebDriver after calling quit()?
Build info: version: '4.27.0', revision: 'd6e718d134'
System info: os.name: 'Mac OS X', os.arch: 'aarch64', os.version: '13.1', java.version: '17.0.13'
Driver info: org.openqa.selenium.chrome.ChromeDriver
Command: [null, get {url=https://otus.ru/catalog/courses}]
Capabilities {acceptInsecureCerts: false, browserName: chrome, browserVersion: 117.0.5938.132, chrome: {chromedriverVersion: 117.0.5938.149 (e3344ddefa1..., userDataDir: /var/folders/jd/bk58j_5x68v...}, fedcm:accounts: true, goog:chromeOptions: {debuggerAddress: localhost:58251}, networkConnectionEnabled: false, pageLoadStrategy: normal, platformName: mac, proxy: Proxy(), se:cdp: ws://localhost:58251/devtoo..., se:cdpVersion: 117.0.5938.132, setWindowRect: true, strictFileInteractability: false, timeouts: {implicit: 0, pageLoad: 300000, script: 30000}, unhandledPromptBehavior: dismiss and notify, webauthn:extension:credBlob: true, webauthn:extension:largeBlob: true, webauthn:extension:minPinLength: true, webauthn:extension:prf: true, webauthn:virtualAuthenticators: true}
	at org.openqa.selenium.remote.HttpCommandExecutor.execute(HttpCommandExecutor.java:151)
	at org.openqa.selenium.remote.service.DriverCommandExecutor.invokeExecute(DriverCommandExecutor.java:216)
	at org.openqa.selenium.remote.service.DriverCommandExecutor.execute(DriverCommandExecutor.java:174)
	at org.openqa.selenium.remote.RemoteWebDriver.execute(RemoteWebDriver.java:545)
	at org.openqa.selenium.remote.RemoteWebDriver.get(RemoteWebDriver.java:313)
	at com.otus.testframework.framework.framework.pages.AbstractWebPage.navigateTo(AbstractWebPage.java:59)
	at com.otus.testframework.framework.framework.pages.CoursesPage.open(CoursesPage.java:42)
	at homework.FirstHomeWorkTest.verifyCourseCardsTest(FirstHomeWorkTest.java:39)
	at java.base/jdk.internal.reflect.NativeMethodAccessorImpl.invoke0(Native Method)
	at java.base/jdk.internal.reflect.NativeMethodAccessorImpl.invoke(NativeMethodAccessorImpl.java:77)
	at java.base/jdk.internal.reflect.DelegatingMethodAccessorImpl.invoke(DelegatingMethodAccessorImpl.java:43)
	at java.base/java.lang.reflect.Method.invoke(Method.java:569)
	at org.testng.internal.invokers.MethodInvocationHelper.invokeMethod(MethodInvocationHelper.java:139)
	at org.testng.internal.invokers.TestInvoker.invokeMethod(TestInvoker.java:664)
	at org.testng.internal.invokers.TestInvoker.invokeTestMethod(TestInvoker.java:227)
	at org.testng.internal.invokers.MethodRunner.runInSequence(MethodRunner.java:50)
	at org.testng.internal.invokers.TestInvoker$MethodInvocationAgent.invoke(TestInvoker.java:957)
	at org.testng.internal.invokers.TestInvoker.invokeTestMethods(TestInvoker.java:200)
	at org.testng.internal.invokers.TestMethodWorker.invokeTestMethods(TestMethodWorker.java:148)
	at org.testng.internal.invokers.TestMethodWorker.run(TestMethodWorker.java:128)
	at java.base/java.util.ArrayList.forEach(ArrayList.java:1511)
	at org.testng.TestRunner.privateRun(TestRunner.java:848)
	at org.testng.TestRunner.run(TestRunner.java:621)
	at org.testng.SuiteRunner.runTest(SuiteRunner.java:443)
	at org.testng.SuiteRunner.runSequentially(SuiteRunner.java:437)
	at org.testng.SuiteRunner.privateRun(SuiteRunner.java:397)
	at org.testng.SuiteRunner.run(SuiteRunner.java:336)
	at org.testng.SuiteRunnerWorker.runSuite(SuiteRunnerWorker.java:52)
	at org.testng.SuiteRunnerWorker.run(SuiteRunnerWorker.java:95)
	at org.testng.TestNG.runSuitesSequentially(TestNG.java:1280)
	at org.testng.TestNG.runSuitesLocally(TestNG.java:1200)
	at org.testng.TestNG.runSuites(TestNG.java:1114)
	at org.testng.TestNG.run(TestNG.java:1082)
	at org.apache.maven.surefire.testng.TestNGExecutor.run(TestNGExecutor.java:151)
	at org.apache.maven.surefire.testng.TestNGDirectoryTestSuite.executeMulti(TestNGDirectoryTestSuite.java:192)
	at org.apache.maven.surefire.testng.TestNGDirectoryTestSuite.execute(TestNGDirectoryTestSuite.java:93)
	at org.apache.maven.surefire.testng.TestNGProvider.invoke(TestNGProvider.java:155)
	at org.apache.maven.surefire.booter.ForkedBooter.runSuitesInProcess(ForkedBooter.java:456)
	at org.apache.maven.surefire.booter.ForkedBooter.execute(ForkedBooter.java:169)
	at org.apache.maven.surefire.booter.ForkedBooter.run(ForkedBooter.java:595)
	at org.apache.maven.surefire.booter.ForkedBooter.main(ForkedBooter.java:581)
2024-12-22 21:42:38 INFO  WebDriverRun:39 - ChromeDriver has been launched.
2024-12-22 21:44:30 INFO  WebDriverRun:39 - ChromeDriver has been launched.
2024-12-22 21:44:30 INFO  BaseTest:20 - Test findAndVerifyCoursePageTest is started!
2024-12-22 21:44:44 INFO  BaseTest:25 - Tests automation is ended
2024-12-22 21:44:44 INFO  WebDriverRun:50 - WebDriver has been closed successfully.
2024-12-22 21:44:44 INFO  BaseTest:31 - Test findAndVerifyCoursePageTest is PASSED
2024-12-22 21:44:45 INFO  WebDriverRun:39 - ChromeDriver has been launched.
2024-12-22 21:44:45 INFO  BaseTest:20 - Test verifyCorrectCourseCatalogOpensForRandomCategory is started!
2024-12-22 21:44:45 INFO  BaseTest:25 - Tests automation is ended
2024-12-22 21:44:45 INFO  WebDriverRun:50 - WebDriver has been closed successfully.
2024-12-22 21:44:45 ERROR BaseTest:34 - Test verifyCorrectCourseCatalogOpensForRandomCategory is FAILED
org.openqa.selenium.NoSuchSessionException: Session ID is null. Using WebDriver after calling quit()?
Build info: version: '4.27.0', revision: 'd6e718d134'
System info: os.name: 'Mac OS X', os.arch: 'aarch64', os.version: '13.1', java.version: '17.0.13'
Driver info: org.openqa.selenium.chrome.ChromeDriver
Command: [null, get {url=https://otus.ru}]
Capabilities {acceptInsecureCerts: false, browserName: chrome, browserVersion: 117.0.5938.132, chrome: {chromedriverVersion: 117.0.5938.149 (e3344ddefa1..., userDataDir: /var/folders/jd/bk58j_5x68v...}, fedcm:accounts: true, goog:chromeOptions: {debuggerAddress: localhost:58729}, networkConnectionEnabled: false, pageLoadStrategy: normal, platformName: mac, proxy: Proxy(), se:cdp: ws://localhost:58729/devtoo..., se:cdpVersion: 117.0.5938.132, setWindowRect: true, strictFileInteractability: false, timeouts: {implicit: 0, pageLoad: 300000, script: 30000}, unhandledPromptBehavior: dismiss and notify, webauthn:extension:credBlob: true, webauthn:extension:largeBlob: true, webauthn:extension:minPinLength: true, webauthn:extension:prf: true, webauthn:virtualAuthenticators: true}
	at org.openqa.selenium.remote.HttpCommandExecutor.execute(HttpCommandExecutor.java:151)
	at org.openqa.selenium.remote.service.DriverCommandExecutor.invokeExecute(DriverCommandExecutor.java:216)
	at org.openqa.selenium.remote.service.DriverCommandExecutor.execute(DriverCommandExecutor.java:174)
	at org.openqa.selenium.remote.RemoteWebDriver.execute(RemoteWebDriver.java:545)
	at org.openqa.selenium.remote.RemoteWebDriver.get(RemoteWebDriver.java:313)
	at com.otus.testframework.framework.framework.pages.AbstractWebPage.navigateTo(AbstractWebPage.java:59)
	at com.otus.testframework.framework.framework.pages.MainPage.open(MainPage.java:28)
	at homework.FirstHomeWorkTest.verifyCorrectCourseCatalogOpensForRandomCategory(FirstHomeWorkTest.java:60)
	at java.base/jdk.internal.reflect.NativeMethodAccessorImpl.invoke0(Native Method)
	at java.base/jdk.internal.reflect.NativeMethodAccessorImpl.invoke(NativeMethodAccessorImpl.java:77)
	at java.base/jdk.internal.reflect.DelegatingMethodAccessorImpl.invoke(DelegatingMethodAccessorImpl.java:43)
	at java.base/java.lang.reflect.Method.invoke(Method.java:569)
	at org.testng.internal.invokers.MethodInvocationHelper.invokeMethod(MethodInvocationHelper.java:139)
	at org.testng.internal.invokers.TestInvoker.invokeMethod(TestInvoker.java:664)
	at org.testng.internal.invokers.TestInvoker.invokeTestMethod(TestInvoker.java:227)
	at org.testng.internal.invokers.MethodRunner.runInSequence(MethodRunner.java:50)
	at org.testng.internal.invokers.TestInvoker$MethodInvocationAgent.invoke(TestInvoker.java:957)
	at org.testng.internal.invokers.TestInvoker.invokeTestMethods(TestInvoker.java:200)
	at org.testng.internal.invokers.TestMethodWorker.invokeTestMethods(TestMethodWorker.java:148)
	at org.testng.internal.invokers.TestMethodWorker.run(TestMethodWorker.java:128)
	at java.base/java.util.ArrayList.forEach(ArrayList.java:1511)
	at org.testng.TestRunner.privateRun(TestRunner.java:848)
	at org.testng.TestRunner.run(TestRunner.java:621)
	at org.testng.SuiteRunner.runTest(SuiteRunner.java:443)
	at org.testng.SuiteRunner.runSequentially(SuiteRunner.java:437)
	at org.testng.SuiteRunner.privateRun(SuiteRunner.java:397)
	at org.testng.SuiteRunner.run(SuiteRunner.java:336)
	at org.testng.SuiteRunnerWorker.runSuite(SuiteRunnerWorker.java:52)
	at org.testng.SuiteRunnerWorker.run(SuiteRunnerWorker.java:95)
	at org.testng.TestNG.runSuitesSequentially(TestNG.java:1280)
	at org.testng.TestNG.runSuitesLocally(TestNG.java:1200)
	at org.testng.TestNG.runSuites(TestNG.java:1114)
	at org.testng.TestNG.run(TestNG.java:1082)
	at org.apache.maven.surefire.testng.TestNGExecutor.run(TestNGExecutor.java:151)
	at org.apache.maven.surefire.testng.TestNGDirectoryTestSuite.executeMulti(TestNGDirectoryTestSuite.java:192)
	at org.apache.maven.surefire.testng.TestNGDirectoryTestSuite.execute(TestNGDirectoryTestSuite.java:93)
	at org.apache.maven.surefire.testng.TestNGProvider.invoke(TestNGProvider.java:155)
	at org.apache.maven.surefire.booter.ForkedBooter.runSuitesInProcess(ForkedBooter.java:456)
	at org.apache.maven.surefire.booter.ForkedBooter.execute(ForkedBooter.java:169)
	at org.apache.maven.surefire.booter.ForkedBooter.run(ForkedBooter.java:595)
	at org.apache.maven.surefire.booter.ForkedBooter.main(ForkedBooter.java:581)
2024-12-22 21:44:46 INFO  WebDriverRun:39 - ChromeDriver has been launched.
2024-12-22 21:44:46 INFO  BaseTest:20 - Test verifyCourseCardsTest is started!
2024-12-22 21:44:46 INFO  BaseTest:25 - Tests automation is ended
2024-12-22 21:44:46 INFO  WebDriverRun:50 - WebDriver has been closed successfully.
2024-12-22 21:44:46 ERROR BaseTest:34 - Test verifyCourseCardsTest is FAILED
org.openqa.selenium.NoSuchSessionException: Session ID is null. Using WebDriver after calling quit()?
Build info: version: '4.27.0', revision: 'd6e718d134'
System info: os.name: 'Mac OS X', os.arch: 'aarch64', os.version: '13.1', java.version: '17.0.13'
Driver info: org.openqa.selenium.chrome.ChromeDriver
Command: [null, get {url=https://otus.ru/catalog/courses}]
Capabilities {acceptInsecureCerts: false, browserName: chrome, browserVersion: 117.0.5938.132, chrome: {chromedriverVersion: 117.0.5938.149 (e3344ddefa1..., userDataDir: /var/folders/jd/bk58j_5x68v...}, fedcm:accounts: true, goog:chromeOptions: {debuggerAddress: localhost:58729}, networkConnectionEnabled: false, pageLoadStrategy: normal, platformName: mac, proxy: Proxy(), se:cdp: ws://localhost:58729/devtoo..., se:cdpVersion: 117.0.5938.132, setWindowRect: true, strictFileInteractability: false, timeouts: {implicit: 0, pageLoad: 300000, script: 30000}, unhandledPromptBehavior: dismiss and notify, webauthn:extension:credBlob: true, webauthn:extension:largeBlob: true, webauthn:extension:minPinLength: true, webauthn:extension:prf: true, webauthn:virtualAuthenticators: true}
	at org.openqa.selenium.remote.HttpCommandExecutor.execute(HttpCommandExecutor.java:151)
	at org.openqa.selenium.remote.service.DriverCommandExecutor.invokeExecute(DriverCommandExecutor.java:216)
	at org.openqa.selenium.remote.service.DriverCommandExecutor.execute(DriverCommandExecutor.java:174)
	at org.openqa.selenium.remote.RemoteWebDriver.execute(RemoteWebDriver.java:545)
	at org.openqa.selenium.remote.RemoteWebDriver.get(RemoteWebDriver.java:313)
	at com.otus.testframework.framework.framework.pages.AbstractWebPage.navigateTo(AbstractWebPage.java:59)
	at com.otus.testframework.framework.framework.pages.CoursesPage.open(CoursesPage.java:42)
	at homework.FirstHomeWorkTest.verifyCourseCardsTest(FirstHomeWorkTest.java:39)
	at java.base/jdk.internal.reflect.NativeMethodAccessorImpl.invoke0(Native Method)
	at java.base/jdk.internal.reflect.NativeMethodAccessorImpl.invoke(NativeMethodAccessorImpl.java:77)
	at java.base/jdk.internal.reflect.DelegatingMethodAccessorImpl.invoke(DelegatingMethodAccessorImpl.java:43)
	at java.base/java.lang.reflect.Method.invoke(Method.java:569)
	at org.testng.internal.invokers.MethodInvocationHelper.invokeMethod(MethodInvocationHelper.java:139)
	at org.testng.internal.invokers.TestInvoker.invokeMethod(TestInvoker.java:664)
	at org.testng.internal.invokers.TestInvoker.invokeTestMethod(TestInvoker.java:227)
	at org.testng.internal.invokers.MethodRunner.runInSequence(MethodRunner.java:50)
	at org.testng.internal.invokers.TestInvoker$MethodInvocationAgent.invoke(TestInvoker.java:957)
	at org.testng.internal.invokers.TestInvoker.invokeTestMethods(TestInvoker.java:200)
	at org.testng.internal.invokers.TestMethodWorker.invokeTestMethods(TestMethodWorker.java:148)
	at org.testng.internal.invokers.TestMethodWorker.run(TestMethodWorker.java:128)
	at java.base/java.util.ArrayList.forEach(ArrayList.java:1511)
	at org.testng.TestRunner.privateRun(TestRunner.java:848)
	at org.testng.TestRunner.run(TestRunner.java:621)
	at org.testng.SuiteRunner.runTest(SuiteRunner.java:443)
	at org.testng.SuiteRunner.runSequentially(SuiteRunner.java:437)
	at org.testng.SuiteRunner.privateRun(SuiteRunner.java:397)
	at org.testng.SuiteRunner.run(SuiteRunner.java:336)
	at org.testng.SuiteRunnerWorker.runSuite(SuiteRunnerWorker.java:52)
	at org.testng.SuiteRunnerWorker.run(SuiteRunnerWorker.java:95)
	at org.testng.TestNG.runSuitesSequentially(TestNG.java:1280)
	at org.testng.TestNG.runSuitesLocally(TestNG.java:1200)
	at org.testng.TestNG.runSuites(TestNG.java:1114)
	at org.testng.TestNG.run(TestNG.java:1082)
	at org.apache.maven.surefire.testng.TestNGExecutor.run(TestNGExecutor.java:151)
	at org.apache.maven.surefire.testng.TestNGDirectoryTestSuite.executeMulti(TestNGDirectoryTestSuite.java:192)
	at org.apache.maven.surefire.testng.TestNGDirectoryTestSuite.execute(TestNGDirectoryTestSuite.java:93)
	at org.apache.maven.surefire.testng.TestNGProvider.invoke(TestNGProvider.java:155)
	at org.apache.maven.surefire.booter.ForkedBooter.runSuitesInProcess(ForkedBooter.java:456)
	at org.apache.maven.surefire.booter.ForkedBooter.execute(ForkedBooter.java:169)
	at org.apache.maven.surefire.booter.ForkedBooter.run(ForkedBooter.java:595)
	at org.apache.maven.surefire.booter.ForkedBooter.main(ForkedBooter.java:581)
2024-12-22 21:47:18 INFO  WebDriverRun:39 - ChromeDriver has been launched.
2024-12-22 21:47:18 INFO  BaseTest:20 - Test findAndVerifyCoursePageTest is started!
2024-12-22 21:47:32 INFO  BaseTest:25 - Tests automation is ended
2024-12-22 21:47:33 INFO  BaseTest:31 - Test findAndVerifyCoursePageTest is PASSED
2024-12-22 21:47:34 INFO  WebDriverRun:39 - ChromeDriver has been launched.
2024-12-22 21:47:34 INFO  BaseTest:20 - Test verifyCorrectCourseCatalogOpensForRandomCategory is started!
2024-12-22 21:47:34 INFO  BaseTest:25 - Tests automation is ended
2024-12-22 21:47:34 ERROR BaseTest:34 - Test verifyCorrectCourseCatalogOpensForRandomCategory is FAILED
org.openqa.selenium.NoSuchSessionException: Session ID is null. Using WebDriver after calling quit()?
Build info: version: '4.27.0', revision: 'd6e718d134'
System info: os.name: 'Mac OS X', os.arch: 'aarch64', os.version: '13.1', java.version: '17.0.13'
Driver info: org.openqa.selenium.chrome.ChromeDriver
Command: [null, get {url=https://otus.ru}]
Capabilities {acceptInsecureCerts: false, browserName: chrome, browserVersion: 117.0.5938.132, chrome: {chromedriverVersion: 117.0.5938.149 (e3344ddefa1..., userDataDir: /var/folders/jd/bk58j_5x68v...}, fedcm:accounts: true, goog:chromeOptions: {debuggerAddress: localhost:58995}, networkConnectionEnabled: false, pageLoadStrategy: normal, platformName: mac, proxy: Proxy(), se:cdp: ws://localhost:58995/devtoo..., se:cdpVersion: 117.0.5938.132, setWindowRect: true, strictFileInteractability: false, timeouts: {implicit: 0, pageLoad: 300000, script: 30000}, unhandledPromptBehavior: dismiss and notify, webauthn:extension:credBlob: true, webauthn:extension:largeBlob: true, webauthn:extension:minPinLength: true, webauthn:extension:prf: true, webauthn:virtualAuthenticators: true}
	at org.openqa.selenium.remote.HttpCommandExecutor.execute(HttpCommandExecutor.java:151)
	at org.openqa.selenium.remote.service.DriverCommandExecutor.invokeExecute(DriverCommandExecutor.java:216)
	at org.openqa.selenium.remote.service.DriverCommandExecutor.execute(DriverCommandExecutor.java:174)
	at org.openqa.selenium.remote.RemoteWebDriver.execute(RemoteWebDriver.java:545)
	at org.openqa.selenium.remote.RemoteWebDriver.get(RemoteWebDriver.java:313)
	at com.otus.testframework.framework.framework.pages.AbstractWebPage.navigateTo(AbstractWebPage.java:59)
	at com.otus.testframework.framework.framework.pages.MainPage.open(MainPage.java:28)
	at homework.FirstHomeWorkTest.verifyCorrectCourseCatalogOpensForRandomCategory(FirstHomeWorkTest.java:60)
	at java.base/jdk.internal.reflect.NativeMethodAccessorImpl.invoke0(Native Method)
	at java.base/jdk.internal.reflect.NativeMethodAccessorImpl.invoke(NativeMethodAccessorImpl.java:77)
	at java.base/jdk.internal.reflect.DelegatingMethodAccessorImpl.invoke(DelegatingMethodAccessorImpl.java:43)
	at java.base/java.lang.reflect.Method.invoke(Method.java:569)
	at org.testng.internal.invokers.MethodInvocationHelper.invokeMethod(MethodInvocationHelper.java:139)
	at org.testng.internal.invokers.TestInvoker.invokeMethod(TestInvoker.java:664)
	at org.testng.internal.invokers.TestInvoker.invokeTestMethod(TestInvoker.java:227)
	at org.testng.internal.invokers.MethodRunner.runInSequence(MethodRunner.java:50)
	at org.testng.internal.invokers.TestInvoker$MethodInvocationAgent.invoke(TestInvoker.java:957)
	at org.testng.internal.invokers.TestInvoker.invokeTestMethods(TestInvoker.java:200)
	at org.testng.internal.invokers.TestMethodWorker.invokeTestMethods(TestMethodWorker.java:148)
	at org.testng.internal.invokers.TestMethodWorker.run(TestMethodWorker.java:128)
	at java.base/java.util.ArrayList.forEach(ArrayList.java:1511)
	at org.testng.TestRunner.privateRun(TestRunner.java:848)
	at org.testng.TestRunner.run(TestRunner.java:621)
	at org.testng.SuiteRunner.runTest(SuiteRunner.java:443)
	at org.testng.SuiteRunner.runSequentially(SuiteRunner.java:437)
	at org.testng.SuiteRunner.privateRun(SuiteRunner.java:397)
	at org.testng.SuiteRunner.run(SuiteRunner.java:336)
	at org.testng.SuiteRunnerWorker.runSuite(SuiteRunnerWorker.java:52)
	at org.testng.SuiteRunnerWorker.run(SuiteRunnerWorker.java:95)
	at org.testng.TestNG.runSuitesSequentially(TestNG.java:1280)
	at org.testng.TestNG.runSuitesLocally(TestNG.java:1200)
	at org.testng.TestNG.runSuites(TestNG.java:1114)
	at org.testng.TestNG.run(TestNG.java:1082)
	at org.apache.maven.surefire.testng.TestNGExecutor.run(TestNGExecutor.java:151)
	at org.apache.maven.surefire.testng.TestNGDirectoryTestSuite.executeMulti(TestNGDirectoryTestSuite.java:192)
	at org.apache.maven.surefire.testng.TestNGDirectoryTestSuite.execute(TestNGDirectoryTestSuite.java:93)
	at org.apache.maven.surefire.testng.TestNGProvider.invoke(TestNGProvider.java:155)
	at org.apache.maven.surefire.booter.ForkedBooter.runSuitesInProcess(ForkedBooter.java:456)
	at org.apache.maven.surefire.booter.ForkedBooter.execute(ForkedBooter.java:169)
	at org.apache.maven.surefire.booter.ForkedBooter.run(ForkedBooter.java:595)
	at org.apache.maven.surefire.booter.ForkedBooter.main(ForkedBooter.java:581)
2024-12-22 21:47:35 INFO  WebDriverRun:39 - ChromeDriver has been launched.
2024-12-22 21:47:35 INFO  BaseTest:20 - Test verifyCourseCardsTest is started!
2024-12-22 21:47:35 INFO  BaseTest:25 - Tests automation is ended
2024-12-22 21:47:35 ERROR BaseTest:34 - Test verifyCourseCardsTest is FAILED
org.openqa.selenium.NoSuchSessionException: Session ID is null. Using WebDriver after calling quit()?
Build info: version: '4.27.0', revision: 'd6e718d134'
System info: os.name: 'Mac OS X', os.arch: 'aarch64', os.version: '13.1', java.version: '17.0.13'
Driver info: org.openqa.selenium.chrome.ChromeDriver
Command: [null, get {url=https://otus.ru/catalog/courses}]
Capabilities {acceptInsecureCerts: false, browserName: chrome, browserVersion: 117.0.5938.132, chrome: {chromedriverVersion: 117.0.5938.149 (e3344ddefa1..., userDataDir: /var/folders/jd/bk58j_5x68v...}, fedcm:accounts: true, goog:chromeOptions: {debuggerAddress: localhost:58995}, networkConnectionEnabled: false, pageLoadStrategy: normal, platformName: mac, proxy: Proxy(), se:cdp: ws://localhost:58995/devtoo..., se:cdpVersion: 117.0.5938.132, setWindowRect: true, strictFileInteractability: false, timeouts: {implicit: 0, pageLoad: 300000, script: 30000}, unhandledPromptBehavior: dismiss and notify, webauthn:extension:credBlob: true, webauthn:extension:largeBlob: true, webauthn:extension:minPinLength: true, webauthn:extension:prf: true, webauthn:virtualAuthenticators: true}
	at org.openqa.selenium.remote.HttpCommandExecutor.execute(HttpCommandExecutor.java:151)
	at org.openqa.selenium.remote.service.DriverCommandExecutor.invokeExecute(DriverCommandExecutor.java:216)
	at org.openqa.selenium.remote.service.DriverCommandExecutor.execute(DriverCommandExecutor.java:174)
	at org.openqa.selenium.remote.RemoteWebDriver.execute(RemoteWebDriver.java:545)
	at org.openqa.selenium.remote.RemoteWebDriver.get(RemoteWebDriver.java:313)
	at com.otus.testframework.framework.framework.pages.AbstractWebPage.navigateTo(AbstractWebPage.java:59)
	at com.otus.testframework.framework.framework.pages.CoursesPage.open(CoursesPage.java:42)
	at homework.FirstHomeWorkTest.verifyCourseCardsTest(FirstHomeWorkTest.java:39)
	at java.base/jdk.internal.reflect.NativeMethodAccessorImpl.invoke0(Native Method)
	at java.base/jdk.internal.reflect.NativeMethodAccessorImpl.invoke(NativeMethodAccessorImpl.java:77)
	at java.base/jdk.internal.reflect.DelegatingMethodAccessorImpl.invoke(DelegatingMethodAccessorImpl.java:43)
	at java.base/java.lang.reflect.Method.invoke(Method.java:569)
	at org.testng.internal.invokers.MethodInvocationHelper.invokeMethod(MethodInvocationHelper.java:139)
	at org.testng.internal.invokers.TestInvoker.invokeMethod(TestInvoker.java:664)
	at org.testng.internal.invokers.TestInvoker.invokeTestMethod(TestInvoker.java:227)
	at org.testng.internal.invokers.MethodRunner.runInSequence(MethodRunner.java:50)
	at org.testng.internal.invokers.TestInvoker$MethodInvocationAgent.invoke(TestInvoker.java:957)
	at org.testng.internal.invokers.TestInvoker.invokeTestMethods(TestInvoker.java:200)
	at org.testng.internal.invokers.TestMethodWorker.invokeTestMethods(TestMethodWorker.java:148)
	at org.testng.internal.invokers.TestMethodWorker.run(TestMethodWorker.java:128)
	at java.base/java.util.ArrayList.forEach(ArrayList.java:1511)
	at org.testng.TestRunner.privateRun(TestRunner.java:848)
	at org.testng.TestRunner.run(TestRunner.java:621)
	at org.testng.SuiteRunner.runTest(SuiteRunner.java:443)
	at org.testng.SuiteRunner.runSequentially(SuiteRunner.java:437)
	at org.testng.SuiteRunner.privateRun(SuiteRunner.java:397)
	at org.testng.SuiteRunner.run(SuiteRunner.java:336)
	at org.testng.SuiteRunnerWorker.runSuite(SuiteRunnerWorker.java:52)
	at org.testng.SuiteRunnerWorker.run(SuiteRunnerWorker.java:95)
	at org.testng.TestNG.runSuitesSequentially(TestNG.java:1280)
	at org.testng.TestNG.runSuitesLocally(TestNG.java:1200)
	at org.testng.TestNG.runSuites(TestNG.java:1114)
	at org.testng.TestNG.run(TestNG.java:1082)
	at org.apache.maven.surefire.testng.TestNGExecutor.run(TestNGExecutor.java:151)
	at org.apache.maven.surefire.testng.TestNGDirectoryTestSuite.executeMulti(TestNGDirectoryTestSuite.java:192)
	at org.apache.maven.surefire.testng.TestNGDirectoryTestSuite.execute(TestNGDirectoryTestSuite.java:93)
	at org.apache.maven.surefire.testng.TestNGProvider.invoke(TestNGProvider.java:155)
	at org.apache.maven.surefire.booter.ForkedBooter.runSuitesInProcess(ForkedBooter.java:456)
	at org.apache.maven.surefire.booter.ForkedBooter.execute(ForkedBooter.java:169)
	at org.apache.maven.surefire.booter.ForkedBooter.run(ForkedBooter.java:595)
	at org.apache.maven.surefire.booter.ForkedBooter.main(ForkedBooter.java:581)
2024-12-22 21:48:47 INFO  WebDriverRun:39 - ChromeDriver has been launched.
2024-12-22 21:48:47 INFO  BaseTest:20 - Test findAndVerifyCoursePageTest is started!
2024-12-22 21:49:02 INFO  BaseTest:25 - Tests automation is ended
2024-12-22 21:49:02 INFO  BaseTest:31 - Test findAndVerifyCoursePageTest is PASSED
2024-12-22 21:49:03 INFO  WebDriverRun:39 - ChromeDriver has been launched.
2024-12-22 21:49:03 INFO  BaseTest:20 - Test verifyCorrectCourseCatalogOpensForRandomCategory is started!
2024-12-22 21:49:03 INFO  BaseTest:25 - Tests automation is ended
2024-12-22 21:49:03 ERROR BaseTest:34 - Test verifyCorrectCourseCatalogOpensForRandomCategory is FAILED
org.openqa.selenium.NoSuchSessionException: Session ID is null. Using WebDriver after calling quit()?
Build info: version: '4.27.0', revision: 'd6e718d134'
System info: os.name: 'Mac OS X', os.arch: 'aarch64', os.version: '13.1', java.version: '17.0.13'
Driver info: org.openqa.selenium.chrome.ChromeDriver
Command: [null, get {url=https://otus.ru}]
Capabilities {acceptInsecureCerts: false, browserName: chrome, browserVersion: 117.0.5938.132, chrome: {chromedriverVersion: 117.0.5938.149 (e3344ddefa1..., userDataDir: /var/folders/jd/bk58j_5x68v...}, fedcm:accounts: true, goog:chromeOptions: {debuggerAddress: localhost:59169}, networkConnectionEnabled: false, pageLoadStrategy: normal, platformName: mac, proxy: Proxy(), se:cdp: ws://localhost:59169/devtoo..., se:cdpVersion: 117.0.5938.132, setWindowRect: true, strictFileInteractability: false, timeouts: {implicit: 0, pageLoad: 300000, script: 30000}, unhandledPromptBehavior: dismiss and notify, webauthn:extension:credBlob: true, webauthn:extension:largeBlob: true, webauthn:extension:minPinLength: true, webauthn:extension:prf: true, webauthn:virtualAuthenticators: true}
	at org.openqa.selenium.remote.HttpCommandExecutor.execute(HttpCommandExecutor.java:151)
	at org.openqa.selenium.remote.service.DriverCommandExecutor.invokeExecute(DriverCommandExecutor.java:216)
	at org.openqa.selenium.remote.service.DriverCommandExecutor.execute(DriverCommandExecutor.java:174)
	at org.openqa.selenium.remote.RemoteWebDriver.execute(RemoteWebDriver.java:545)
	at org.openqa.selenium.remote.RemoteWebDriver.get(RemoteWebDriver.java:313)
	at com.otus.testframework.framework.framework.pages.AbstractWebPage.navigateTo(AbstractWebPage.java:59)
	at com.otus.testframework.framework.framework.pages.MainPage.open(MainPage.java:28)
	at homework.FirstHomeWorkTest.verifyCorrectCourseCatalogOpensForRandomCategory(FirstHomeWorkTest.java:60)
	at java.base/jdk.internal.reflect.NativeMethodAccessorImpl.invoke0(Native Method)
	at java.base/jdk.internal.reflect.NativeMethodAccessorImpl.invoke(NativeMethodAccessorImpl.java:77)
	at java.base/jdk.internal.reflect.DelegatingMethodAccessorImpl.invoke(DelegatingMethodAccessorImpl.java:43)
	at java.base/java.lang.reflect.Method.invoke(Method.java:569)
	at org.testng.internal.invokers.MethodInvocationHelper.invokeMethod(MethodInvocationHelper.java:139)
	at org.testng.internal.invokers.TestInvoker.invokeMethod(TestInvoker.java:664)
	at org.testng.internal.invokers.TestInvoker.invokeTestMethod(TestInvoker.java:227)
	at org.testng.internal.invokers.MethodRunner.runInSequence(MethodRunner.java:50)
	at org.testng.internal.invokers.TestInvoker$MethodInvocationAgent.invoke(TestInvoker.java:957)
	at org.testng.internal.invokers.TestInvoker.invokeTestMethods(TestInvoker.java:200)
	at org.testng.internal.invokers.TestMethodWorker.invokeTestMethods(TestMethodWorker.java:148)
	at org.testng.internal.invokers.TestMethodWorker.run(TestMethodWorker.java:128)
	at java.base/java.util.ArrayList.forEach(ArrayList.java:1511)
	at org.testng.TestRunner.privateRun(TestRunner.java:848)
	at org.testng.TestRunner.run(TestRunner.java:621)
	at org.testng.SuiteRunner.runTest(SuiteRunner.java:443)
	at org.testng.SuiteRunner.runSequentially(SuiteRunner.java:437)
	at org.testng.SuiteRunner.privateRun(SuiteRunner.java:397)
	at org.testng.SuiteRunner.run(SuiteRunner.java:336)
	at org.testng.SuiteRunnerWorker.runSuite(SuiteRunnerWorker.java:52)
	at org.testng.SuiteRunnerWorker.run(SuiteRunnerWorker.java:95)
	at org.testng.TestNG.runSuitesSequentially(TestNG.java:1280)
	at org.testng.TestNG.runSuitesLocally(TestNG.java:1200)
	at org.testng.TestNG.runSuites(TestNG.java:1114)
	at org.testng.TestNG.run(TestNG.java:1082)
	at com.intellij.rt.testng.IDEARemoteTestNG.run(IDEARemoteTestNG.java:66)
	at com.intellij.rt.testng.RemoteTestNGStarter.main(RemoteTestNGStarter.java:109)
2024-12-22 21:49:04 INFO  WebDriverRun:39 - ChromeDriver has been launched.
2024-12-22 21:49:04 INFO  BaseTest:20 - Test verifyCourseCardsTest is started!
2024-12-22 21:49:04 INFO  BaseTest:25 - Tests automation is ended
2024-12-22 21:49:04 ERROR BaseTest:34 - Test verifyCourseCardsTest is FAILED
org.openqa.selenium.NoSuchSessionException: Session ID is null. Using WebDriver after calling quit()?
Build info: version: '4.27.0', revision: 'd6e718d134'
System info: os.name: 'Mac OS X', os.arch: 'aarch64', os.version: '13.1', java.version: '17.0.13'
Driver info: org.openqa.selenium.chrome.ChromeDriver
Command: [null, get {url=https://otus.ru/catalog/courses}]
Capabilities {acceptInsecureCerts: false, browserName: chrome, browserVersion: 117.0.5938.132, chrome: {chromedriverVersion: 117.0.5938.149 (e3344ddefa1..., userDataDir: /var/folders/jd/bk58j_5x68v...}, fedcm:accounts: true, goog:chromeOptions: {debuggerAddress: localhost:59169}, networkConnectionEnabled: false, pageLoadStrategy: normal, platformName: mac, proxy: Proxy(), se:cdp: ws://localhost:59169/devtoo..., se:cdpVersion: 117.0.5938.132, setWindowRect: true, strictFileInteractability: false, timeouts: {implicit: 0, pageLoad: 300000, script: 30000}, unhandledPromptBehavior: dismiss and notify, webauthn:extension:credBlob: true, webauthn:extension:largeBlob: true, webauthn:extension:minPinLength: true, webauthn:extension:prf: true, webauthn:virtualAuthenticators: true}
	at org.openqa.selenium.remote.HttpCommandExecutor.execute(HttpCommandExecutor.java:151)
	at org.openqa.selenium.remote.service.DriverCommandExecutor.invokeExecute(DriverCommandExecutor.java:216)
	at org.openqa.selenium.remote.service.DriverCommandExecutor.execute(DriverCommandExecutor.java:174)
	at org.openqa.selenium.remote.RemoteWebDriver.execute(RemoteWebDriver.java:545)
	at org.openqa.selenium.remote.RemoteWebDriver.get(RemoteWebDriver.java:313)
	at com.otus.testframework.framework.framework.pages.AbstractWebPage.navigateTo(AbstractWebPage.java:59)
	at com.otus.testframework.framework.framework.pages.CoursesPage.open(CoursesPage.java:42)
	at homework.FirstHomeWorkTest.verifyCourseCardsTest(FirstHomeWorkTest.java:39)
	at java.base/jdk.internal.reflect.NativeMethodAccessorImpl.invoke0(Native Method)
	at java.base/jdk.internal.reflect.NativeMethodAccessorImpl.invoke(NativeMethodAccessorImpl.java:77)
	at java.base/jdk.internal.reflect.DelegatingMethodAccessorImpl.invoke(DelegatingMethodAccessorImpl.java:43)
	at java.base/java.lang.reflect.Method.invoke(Method.java:569)
	at org.testng.internal.invokers.MethodInvocationHelper.invokeMethod(MethodInvocationHelper.java:139)
	at org.testng.internal.invokers.TestInvoker.invokeMethod(TestInvoker.java:664)
	at org.testng.internal.invokers.TestInvoker.invokeTestMethod(TestInvoker.java:227)
	at org.testng.internal.invokers.MethodRunner.runInSequence(MethodRunner.java:50)
	at org.testng.internal.invokers.TestInvoker$MethodInvocationAgent.invoke(TestInvoker.java:957)
	at org.testng.internal.invokers.TestInvoker.invokeTestMethods(TestInvoker.java:200)
	at org.testng.internal.invokers.TestMethodWorker.invokeTestMethods(TestMethodWorker.java:148)
	at org.testng.internal.invokers.TestMethodWorker.run(TestMethodWorker.java:128)
	at java.base/java.util.ArrayList.forEach(ArrayList.java:1511)
	at org.testng.TestRunner.privateRun(TestRunner.java:848)
	at org.testng.TestRunner.run(TestRunner.java:621)
	at org.testng.SuiteRunner.runTest(SuiteRunner.java:443)
	at org.testng.SuiteRunner.runSequentially(SuiteRunner.java:437)
	at org.testng.SuiteRunner.privateRun(SuiteRunner.java:397)
	at org.testng.SuiteRunner.run(SuiteRunner.java:336)
	at org.testng.SuiteRunnerWorker.runSuite(SuiteRunnerWorker.java:52)
	at org.testng.SuiteRunnerWorker.run(SuiteRunnerWorker.java:95)
	at org.testng.TestNG.runSuitesSequentially(TestNG.java:1280)
	at org.testng.TestNG.runSuitesLocally(TestNG.java:1200)
	at org.testng.TestNG.runSuites(TestNG.java:1114)
	at org.testng.TestNG.run(TestNG.java:1082)
	at com.intellij.rt.testng.IDEARemoteTestNG.run(IDEARemoteTestNG.java:66)
	at com.intellij.rt.testng.RemoteTestNGStarter.main(RemoteTestNGStarter.java:109)
2024-12-22 21:50:02 INFO  WebDriverRun:39 - ChromeDriver has been launched.
2024-12-22 21:51:13 INFO  WebDriverRun:39 - ChromeDriver has been launched.
2024-12-22 21:51:26 INFO  BaseTest:20 - Test findAndVerifyCoursePageTest is started!
2024-12-22 21:51:41 INFO  BaseTest:25 - Tests automation is ended
2024-12-22 21:54:10 INFO  WebDriverRun:39 - ChromeDriver has been launched.
2024-12-22 21:54:11 INFO  BaseTest:20 - Test findAndVerifyCoursePageTest is started!
2024-12-22 21:54:25 INFO  BaseTest:25 - Tests automation is ended
2024-12-22 21:54:25 INFO  BaseTest:31 - Test findAndVerifyCoursePageTest is PASSED
2024-12-22 21:54:27 INFO  WebDriverRun:39 - ChromeDriver has been launched.
2024-12-22 21:54:27 INFO  BaseTest:20 - Test verifyCorrectCourseCatalogOpensForRandomCategory is started!
2024-12-22 21:54:27 INFO  BaseTest:25 - Tests automation is ended
2024-12-22 21:54:27 ERROR BaseTest:34 - Test verifyCorrectCourseCatalogOpensForRandomCategory is FAILED
org.openqa.selenium.NoSuchSessionException: invalid session id
Build info: version: '4.27.0', revision: 'd6e718d134'
System info: os.name: 'Mac OS X', os.arch: 'aarch64', os.version: '13.1', java.version: '17.0.13'
Driver info: org.openqa.selenium.chrome.ChromeDriver
Command: [5339a02cdafef0ccbcdac591d4e2684d, get {url=https://otus.ru}]
Capabilities {acceptInsecureCerts: false, browserName: chrome, browserVersion: 117.0.5938.132, chrome: {chromedriverVersion: 117.0.5938.149 (e3344ddefa1..., userDataDir: /var/folders/jd/bk58j_5x68v...}, fedcm:accounts: true, goog:chromeOptions: {debuggerAddress: localhost:59648}, networkConnectionEnabled: false, pageLoadStrategy: normal, platformName: mac, proxy: Proxy(), se:cdp: ws://localhost:59648/devtoo..., se:cdpVersion: 117.0.5938.132, setWindowRect: true, strictFileInteractability: false, timeouts: {implicit: 0, pageLoad: 300000, script: 30000}, unhandledPromptBehavior: dismiss and notify, webauthn:extension:credBlob: true, webauthn:extension:largeBlob: true, webauthn:extension:minPinLength: true, webauthn:extension:prf: true, webauthn:virtualAuthenticators: true}
Session ID: 5339a02cdafef0ccbcdac591d4e2684d
	at java.base/jdk.internal.reflect.NativeConstructorAccessorImpl.newInstance0(Native Method)
	at java.base/jdk.internal.reflect.NativeConstructorAccessorImpl.newInstance(NativeConstructorAccessorImpl.java:77)
	at java.base/jdk.internal.reflect.DelegatingConstructorAccessorImpl.newInstance(DelegatingConstructorAccessorImpl.java:45)
	at java.base/java.lang.reflect.Constructor.newInstanceWithCaller(Constructor.java:500)
	at java.base/java.lang.reflect.Constructor.newInstance(Constructor.java:481)
	at org.openqa.selenium.remote.ErrorCodec.decode(ErrorCodec.java:167)
	at org.openqa.selenium.remote.codec.w3c.W3CHttpResponseCodec.decode(W3CHttpResponseCodec.java:138)
	at org.openqa.selenium.remote.codec.w3c.W3CHttpResponseCodec.decode(W3CHttpResponseCodec.java:50)
	at org.openqa.selenium.remote.HttpCommandExecutor.execute(HttpCommandExecutor.java:190)
	at org.openqa.selenium.remote.service.DriverCommandExecutor.invokeExecute(DriverCommandExecutor.java:216)
	at org.openqa.selenium.remote.service.DriverCommandExecutor.execute(DriverCommandExecutor.java:174)
	at org.openqa.selenium.remote.RemoteWebDriver.execute(RemoteWebDriver.java:545)
	at org.openqa.selenium.remote.RemoteWebDriver.get(RemoteWebDriver.java:313)
	at com.otus.testframework.framework.framework.pages.AbstractWebPage.navigateTo(AbstractWebPage.java:59)
	at com.otus.testframework.framework.framework.pages.MainPage.open(MainPage.java:28)
	at homework.FirstHomeWorkTest.verifyCorrectCourseCatalogOpensForRandomCategory(FirstHomeWorkTest.java:60)
	at java.base/jdk.internal.reflect.NativeMethodAccessorImpl.invoke0(Native Method)
	at java.base/jdk.internal.reflect.NativeMethodAccessorImpl.invoke(NativeMethodAccessorImpl.java:77)
	at java.base/jdk.internal.reflect.DelegatingMethodAccessorImpl.invoke(DelegatingMethodAccessorImpl.java:43)
	at java.base/java.lang.reflect.Method.invoke(Method.java:569)
	at org.testng.internal.invokers.MethodInvocationHelper.invokeMethod(MethodInvocationHelper.java:139)
	at org.testng.internal.invokers.TestInvoker.invokeMethod(TestInvoker.java:664)
	at org.testng.internal.invokers.TestInvoker.invokeTestMethod(TestInvoker.java:227)
	at org.testng.internal.invokers.MethodRunner.runInSequence(MethodRunner.java:50)
	at org.testng.internal.invokers.TestInvoker$MethodInvocationAgent.invoke(TestInvoker.java:957)
	at org.testng.internal.invokers.TestInvoker.invokeTestMethods(TestInvoker.java:200)
	at org.testng.internal.invokers.TestMethodWorker.invokeTestMethods(TestMethodWorker.java:148)
	at org.testng.internal.invokers.TestMethodWorker.run(TestMethodWorker.java:128)
	at java.base/java.util.ArrayList.forEach(ArrayList.java:1511)
	at org.testng.TestRunner.privateRun(TestRunner.java:848)
	at org.testng.TestRunner.run(TestRunner.java:621)
	at org.testng.SuiteRunner.runTest(SuiteRunner.java:443)
	at org.testng.SuiteRunner.runSequentially(SuiteRunner.java:437)
	at org.testng.SuiteRunner.privateRun(SuiteRunner.java:397)
	at org.testng.SuiteRunner.run(SuiteRunner.java:336)
	at org.testng.SuiteRunnerWorker.runSuite(SuiteRunnerWorker.java:52)
	at org.testng.SuiteRunnerWorker.run(SuiteRunnerWorker.java:95)
	at org.testng.TestNG.runSuitesSequentially(TestNG.java:1280)
	at org.testng.TestNG.runSuitesLocally(TestNG.java:1200)
	at org.testng.TestNG.runSuites(TestNG.java:1114)
	at org.testng.TestNG.run(TestNG.java:1082)
	at com.intellij.rt.testng.IDEARemoteTestNG.run(IDEARemoteTestNG.java:66)
	at com.intellij.rt.testng.RemoteTestNGStarter.main(RemoteTestNGStarter.java:109)
2024-12-22 21:54:28 INFO  WebDriverRun:39 - ChromeDriver has been launched.
2024-12-22 21:54:28 INFO  BaseTest:20 - Test verifyCourseCardsTest is started!
2024-12-22 21:54:28 INFO  BaseTest:25 - Tests automation is ended
2024-12-22 21:54:28 ERROR BaseTest:34 - Test verifyCourseCardsTest is FAILED
org.openqa.selenium.NoSuchSessionException: invalid session id
Build info: version: '4.27.0', revision: 'd6e718d134'
System info: os.name: 'Mac OS X', os.arch: 'aarch64', os.version: '13.1', java.version: '17.0.13'
Driver info: org.openqa.selenium.chrome.ChromeDriver
Command: [5339a02cdafef0ccbcdac591d4e2684d, get {url=https://otus.ru/catalog/courses}]
Capabilities {acceptInsecureCerts: false, browserName: chrome, browserVersion: 117.0.5938.132, chrome: {chromedriverVersion: 117.0.5938.149 (e3344ddefa1..., userDataDir: /var/folders/jd/bk58j_5x68v...}, fedcm:accounts: true, goog:chromeOptions: {debuggerAddress: localhost:59648}, networkConnectionEnabled: false, pageLoadStrategy: normal, platformName: mac, proxy: Proxy(), se:cdp: ws://localhost:59648/devtoo..., se:cdpVersion: 117.0.5938.132, setWindowRect: true, strictFileInteractability: false, timeouts: {implicit: 0, pageLoad: 300000, script: 30000}, unhandledPromptBehavior: dismiss and notify, webauthn:extension:credBlob: true, webauthn:extension:largeBlob: true, webauthn:extension:minPinLength: true, webauthn:extension:prf: true, webauthn:virtualAuthenticators: true}
Session ID: 5339a02cdafef0ccbcdac591d4e2684d
	at java.base/jdk.internal.reflect.NativeConstructorAccessorImpl.newInstance0(Native Method)
	at java.base/jdk.internal.reflect.NativeConstructorAccessorImpl.newInstance(NativeConstructorAccessorImpl.java:77)
	at java.base/jdk.internal.reflect.DelegatingConstructorAccessorImpl.newInstance(DelegatingConstructorAccessorImpl.java:45)
	at java.base/java.lang.reflect.Constructor.newInstanceWithCaller(Constructor.java:500)
	at java.base/java.lang.reflect.Constructor.newInstance(Constructor.java:481)
	at org.openqa.selenium.remote.ErrorCodec.decode(ErrorCodec.java:167)
	at org.openqa.selenium.remote.codec.w3c.W3CHttpResponseCodec.decode(W3CHttpResponseCodec.java:138)
	at org.openqa.selenium.remote.codec.w3c.W3CHttpResponseCodec.decode(W3CHttpResponseCodec.java:50)
	at org.openqa.selenium.remote.HttpCommandExecutor.execute(HttpCommandExecutor.java:190)
	at org.openqa.selenium.remote.service.DriverCommandExecutor.invokeExecute(DriverCommandExecutor.java:216)
	at org.openqa.selenium.remote.service.DriverCommandExecutor.execute(DriverCommandExecutor.java:174)
	at org.openqa.selenium.remote.RemoteWebDriver.execute(RemoteWebDriver.java:545)
	at org.openqa.selenium.remote.RemoteWebDriver.get(RemoteWebDriver.java:313)
	at com.otus.testframework.framework.framework.pages.AbstractWebPage.navigateTo(AbstractWebPage.java:59)
	at com.otus.testframework.framework.framework.pages.CoursesPage.open(CoursesPage.java:42)
	at homework.FirstHomeWorkTest.verifyCourseCardsTest(FirstHomeWorkTest.java:39)
	at java.base/jdk.internal.reflect.NativeMethodAccessorImpl.invoke0(Native Method)
	at java.base/jdk.internal.reflect.NativeMethodAccessorImpl.invoke(NativeMethodAccessorImpl.java:77)
	at java.base/jdk.internal.reflect.DelegatingMethodAccessorImpl.invoke(DelegatingMethodAccessorImpl.java:43)
	at java.base/java.lang.reflect.Method.invoke(Method.java:569)
	at org.testng.internal.invokers.MethodInvocationHelper.invokeMethod(MethodInvocationHelper.java:139)
	at org.testng.internal.invokers.TestInvoker.invokeMethod(TestInvoker.java:664)
	at org.testng.internal.invokers.TestInvoker.invokeTestMethod(TestInvoker.java:227)
	at org.testng.internal.invokers.MethodRunner.runInSequence(MethodRunner.java:50)
	at org.testng.internal.invokers.TestInvoker$MethodInvocationAgent.invoke(TestInvoker.java:957)
	at org.testng.internal.invokers.TestInvoker.invokeTestMethods(TestInvoker.java:200)
	at org.testng.internal.invokers.TestMethodWorker.invokeTestMethods(TestMethodWorker.java:148)
	at org.testng.internal.invokers.TestMethodWorker.run(TestMethodWorker.java:128)
	at java.base/java.util.ArrayList.forEach(ArrayList.java:1511)
	at org.testng.TestRunner.privateRun(TestRunner.java:848)
	at org.testng.TestRunner.run(TestRunner.java:621)
	at org.testng.SuiteRunner.runTest(SuiteRunner.java:443)
	at org.testng.SuiteRunner.runSequentially(SuiteRunner.java:437)
	at org.testng.SuiteRunner.privateRun(SuiteRunner.java:397)
	at org.testng.SuiteRunner.run(SuiteRunner.java:336)
	at org.testng.SuiteRunnerWorker.runSuite(SuiteRunnerWorker.java:52)
	at org.testng.SuiteRunnerWorker.run(SuiteRunnerWorker.java:95)
	at org.testng.TestNG.runSuitesSequentially(TestNG.java:1280)
	at org.testng.TestNG.runSuitesLocally(TestNG.java:1200)
	at org.testng.TestNG.runSuites(TestNG.java:1114)
	at org.testng.TestNG.run(TestNG.java:1082)
	at com.intellij.rt.testng.IDEARemoteTestNG.run(IDEARemoteTestNG.java:66)
	at com.intellij.rt.testng.RemoteTestNGStarter.main(RemoteTestNGStarter.java:109)
2024-12-22 21:56:58 INFO  WebDriverRun:40 - ChromeDriver has been launched.
2024-12-22 21:56:58 INFO  BaseTest:20 - Test findAndVerifyCoursePageTest is started!
2024-12-22 21:57:12 INFO  BaseTest:25 - Tests automation is ended
2024-12-22 21:57:12 INFO  WebDriverRun:51 - WebDriver has been closed successfully.
2024-12-22 21:57:12 INFO  BaseTest:31 - Test findAndVerifyCoursePageTest is PASSED
2024-12-22 21:57:13 INFO  WebDriverRun:40 - ChromeDriver has been launched.
2024-12-22 21:57:13 INFO  BaseTest:20 - Test verifyCorrectCourseCatalogOpensForRandomCategory is started!
2024-12-22 21:57:13 INFO  BaseTest:25 - Tests automation is ended
2024-12-22 21:57:13 INFO  WebDriverRun:51 - WebDriver has been closed successfully.
2024-12-22 21:57:13 ERROR BaseTest:34 - Test verifyCorrectCourseCatalogOpensForRandomCategory is FAILED
org.openqa.selenium.NoSuchSessionException: Session ID is null. Using WebDriver after calling quit()?
Build info: version: '4.27.0', revision: 'd6e718d134'
System info: os.name: 'Mac OS X', os.arch: 'aarch64', os.version: '13.1', java.version: '17.0.13'
Driver info: org.openqa.selenium.chrome.ChromeDriver
Command: [null, get {url=https://otus.ru}]
Capabilities {acceptInsecureCerts: false, browserName: chrome, browserVersion: 117.0.5938.132, chrome: {chromedriverVersion: 117.0.5938.149 (e3344ddefa1..., userDataDir: /var/folders/jd/bk58j_5x68v...}, fedcm:accounts: true, goog:chromeOptions: {debuggerAddress: localhost:59870}, networkConnectionEnabled: false, pageLoadStrategy: normal, platformName: mac, proxy: Proxy(), se:cdp: ws://localhost:59870/devtoo..., se:cdpVersion: 117.0.5938.132, setWindowRect: true, strictFileInteractability: false, timeouts: {implicit: 0, pageLoad: 300000, script: 30000}, unhandledPromptBehavior: dismiss and notify, webauthn:extension:credBlob: true, webauthn:extension:largeBlob: true, webauthn:extension:minPinLength: true, webauthn:extension:prf: true, webauthn:virtualAuthenticators: true}
	at org.openqa.selenium.remote.HttpCommandExecutor.execute(HttpCommandExecutor.java:151)
	at org.openqa.selenium.remote.service.DriverCommandExecutor.invokeExecute(DriverCommandExecutor.java:216)
	at org.openqa.selenium.remote.service.DriverCommandExecutor.execute(DriverCommandExecutor.java:174)
	at org.openqa.selenium.remote.RemoteWebDriver.execute(RemoteWebDriver.java:545)
	at org.openqa.selenium.remote.RemoteWebDriver.get(RemoteWebDriver.java:313)
	at com.otus.testframework.framework.framework.pages.AbstractWebPage.navigateTo(AbstractWebPage.java:59)
	at com.otus.testframework.framework.framework.pages.MainPage.open(MainPage.java:28)
	at homework.FirstHomeWorkTest.verifyCorrectCourseCatalogOpensForRandomCategory(FirstHomeWorkTest.java:60)
	at java.base/jdk.internal.reflect.NativeMethodAccessorImpl.invoke0(Native Method)
	at java.base/jdk.internal.reflect.NativeMethodAccessorImpl.invoke(NativeMethodAccessorImpl.java:77)
	at java.base/jdk.internal.reflect.DelegatingMethodAccessorImpl.invoke(DelegatingMethodAccessorImpl.java:43)
	at java.base/java.lang.reflect.Method.invoke(Method.java:569)
	at org.testng.internal.invokers.MethodInvocationHelper.invokeMethod(MethodInvocationHelper.java:139)
	at org.testng.internal.invokers.TestInvoker.invokeMethod(TestInvoker.java:664)
	at org.testng.internal.invokers.TestInvoker.invokeTestMethod(TestInvoker.java:227)
	at org.testng.internal.invokers.MethodRunner.runInSequence(MethodRunner.java:50)
	at org.testng.internal.invokers.TestInvoker$MethodInvocationAgent.invoke(TestInvoker.java:957)
	at org.testng.internal.invokers.TestInvoker.invokeTestMethods(TestInvoker.java:200)
	at org.testng.internal.invokers.TestMethodWorker.invokeTestMethods(TestMethodWorker.java:148)
	at org.testng.internal.invokers.TestMethodWorker.run(TestMethodWorker.java:128)
	at java.base/java.util.ArrayList.forEach(ArrayList.java:1511)
	at org.testng.TestRunner.privateRun(TestRunner.java:848)
	at org.testng.TestRunner.run(TestRunner.java:621)
	at org.testng.SuiteRunner.runTest(SuiteRunner.java:443)
	at org.testng.SuiteRunner.runSequentially(SuiteRunner.java:437)
	at org.testng.SuiteRunner.privateRun(SuiteRunner.java:397)
	at org.testng.SuiteRunner.run(SuiteRunner.java:336)
	at org.testng.SuiteRunnerWorker.runSuite(SuiteRunnerWorker.java:52)
	at org.testng.SuiteRunnerWorker.run(SuiteRunnerWorker.java:95)
	at org.testng.TestNG.runSuitesSequentially(TestNG.java:1280)
	at org.testng.TestNG.runSuitesLocally(TestNG.java:1200)
	at org.testng.TestNG.runSuites(TestNG.java:1114)
	at org.testng.TestNG.run(TestNG.java:1082)
	at com.intellij.rt.testng.IDEARemoteTestNG.run(IDEARemoteTestNG.java:66)
	at com.intellij.rt.testng.RemoteTestNGStarter.main(RemoteTestNGStarter.java:109)
2024-12-22 21:57:14 INFO  WebDriverRun:40 - ChromeDriver has been launched.
2024-12-22 21:57:14 INFO  BaseTest:20 - Test verifyCourseCardsTest is started!
2024-12-22 21:57:14 INFO  BaseTest:25 - Tests automation is ended
2024-12-22 21:57:14 INFO  WebDriverRun:51 - WebDriver has been closed successfully.
2024-12-22 21:57:14 ERROR BaseTest:34 - Test verifyCourseCardsTest is FAILED
org.openqa.selenium.NoSuchSessionException: Session ID is null. Using WebDriver after calling quit()?
Build info: version: '4.27.0', revision: 'd6e718d134'
System info: os.name: 'Mac OS X', os.arch: 'aarch64', os.version: '13.1', java.version: '17.0.13'
Driver info: org.openqa.selenium.chrome.ChromeDriver
Command: [null, get {url=https://otus.ru/catalog/courses}]
Capabilities {acceptInsecureCerts: false, browserName: chrome, browserVersion: 117.0.5938.132, chrome: {chromedriverVersion: 117.0.5938.149 (e3344ddefa1..., userDataDir: /var/folders/jd/bk58j_5x68v...}, fedcm:accounts: true, goog:chromeOptions: {debuggerAddress: localhost:59870}, networkConnectionEnabled: false, pageLoadStrategy: normal, platformName: mac, proxy: Proxy(), se:cdp: ws://localhost:59870/devtoo..., se:cdpVersion: 117.0.5938.132, setWindowRect: true, strictFileInteractability: false, timeouts: {implicit: 0, pageLoad: 300000, script: 30000}, unhandledPromptBehavior: dismiss and notify, webauthn:extension:credBlob: true, webauthn:extension:largeBlob: true, webauthn:extension:minPinLength: true, webauthn:extension:prf: true, webauthn:virtualAuthenticators: true}
	at org.openqa.selenium.remote.HttpCommandExecutor.execute(HttpCommandExecutor.java:151)
	at org.openqa.selenium.remote.service.DriverCommandExecutor.invokeExecute(DriverCommandExecutor.java:216)
	at org.openqa.selenium.remote.service.DriverCommandExecutor.execute(DriverCommandExecutor.java:174)
	at org.openqa.selenium.remote.RemoteWebDriver.execute(RemoteWebDriver.java:545)
	at org.openqa.selenium.remote.RemoteWebDriver.get(RemoteWebDriver.java:313)
	at com.otus.testframework.framework.framework.pages.AbstractWebPage.navigateTo(AbstractWebPage.java:59)
	at com.otus.testframework.framework.framework.pages.CoursesPage.open(CoursesPage.java:42)
	at homework.FirstHomeWorkTest.verifyCourseCardsTest(FirstHomeWorkTest.java:39)
	at java.base/jdk.internal.reflect.NativeMethodAccessorImpl.invoke0(Native Method)
	at java.base/jdk.internal.reflect.NativeMethodAccessorImpl.invoke(NativeMethodAccessorImpl.java:77)
	at java.base/jdk.internal.reflect.DelegatingMethodAccessorImpl.invoke(DelegatingMethodAccessorImpl.java:43)
	at java.base/java.lang.reflect.Method.invoke(Method.java:569)
	at org.testng.internal.invokers.MethodInvocationHelper.invokeMethod(MethodInvocationHelper.java:139)
	at org.testng.internal.invokers.TestInvoker.invokeMethod(TestInvoker.java:664)
	at org.testng.internal.invokers.TestInvoker.invokeTestMethod(TestInvoker.java:227)
	at org.testng.internal.invokers.MethodRunner.runInSequence(MethodRunner.java:50)
	at org.testng.internal.invokers.TestInvoker$MethodInvocationAgent.invoke(TestInvoker.java:957)
	at org.testng.internal.invokers.TestInvoker.invokeTestMethods(TestInvoker.java:200)
	at org.testng.internal.invokers.TestMethodWorker.invokeTestMethods(TestMethodWorker.java:148)
	at org.testng.internal.invokers.TestMethodWorker.run(TestMethodWorker.java:128)
	at java.base/java.util.ArrayList.forEach(ArrayList.java:1511)
	at org.testng.TestRunner.privateRun(TestRunner.java:848)
	at org.testng.TestRunner.run(TestRunner.java:621)
	at org.testng.SuiteRunner.runTest(SuiteRunner.java:443)
	at org.testng.SuiteRunner.runSequentially(SuiteRunner.java:437)
	at org.testng.SuiteRunner.privateRun(SuiteRunner.java:397)
	at org.testng.SuiteRunner.run(SuiteRunner.java:336)
	at org.testng.SuiteRunnerWorker.runSuite(SuiteRunnerWorker.java:52)
	at org.testng.SuiteRunnerWorker.run(SuiteRunnerWorker.java:95)
	at org.testng.TestNG.runSuitesSequentially(TestNG.java:1280)
	at org.testng.TestNG.runSuitesLocally(TestNG.java:1200)
	at org.testng.TestNG.runSuites(TestNG.java:1114)
	at org.testng.TestNG.run(TestNG.java:1082)
	at com.intellij.rt.testng.IDEARemoteTestNG.run(IDEARemoteTestNG.java:66)
	at com.intellij.rt.testng.RemoteTestNGStarter.main(RemoteTestNGStarter.java:109)
2024-12-22 21:58:18 INFO  WebDriverRun:39 - ChromeDriver has been launched.
2024-12-22 21:58:21 INFO  BaseTest:20 - Test findAndVerifyCoursePageTest is started!
2024-12-22 21:58:35 INFO  BaseTest:25 - Tests automation is ended
2024-12-22 21:58:41 INFO  WebDriverRun:50 - WebDriver has been closed successfully.
2024-12-22 21:58:41 INFO  BaseTest:31 - Test findAndVerifyCoursePageTest is PASSED
2024-12-22 21:58:54 INFO  WebDriverRun:39 - ChromeDriver has been launched.
2024-12-22 21:59:23 INFO  BaseTest:20 - Test verifyCorrectCourseCatalogOpensForRandomCategory is started!
2024-12-22 21:59:23 INFO  BaseTest:25 - Tests automation is ended
2024-12-22 21:59:38 INFO  WebDriverRun:50 - WebDriver has been closed successfully.
2024-12-22 21:59:38 ERROR BaseTest:34 - Test verifyCorrectCourseCatalogOpensForRandomCategory is FAILED
org.openqa.selenium.NoSuchSessionException: Session ID is null. Using WebDriver after calling quit()?
Build info: version: '4.27.0', revision: 'd6e718d134'
System info: os.name: 'Mac OS X', os.arch: 'aarch64', os.version: '13.1', java.version: '17.0.13'
Driver info: org.openqa.selenium.chrome.ChromeDriver
Command: [null, get {url=https://otus.ru}]
Capabilities {acceptInsecureCerts: false, browserName: chrome, browserVersion: 117.0.5938.132, chrome: {chromedriverVersion: 117.0.5938.149 (e3344ddefa1..., userDataDir: /var/folders/jd/bk58j_5x68v...}, fedcm:accounts: true, goog:chromeOptions: {debuggerAddress: localhost:60026}, networkConnectionEnabled: false, pageLoadStrategy: normal, platformName: mac, proxy: Proxy(), se:cdp: ws://localhost:60026/devtoo..., se:cdpVersion: 117.0.5938.132, setWindowRect: true, strictFileInteractability: false, timeouts: {implicit: 0, pageLoad: 300000, script: 30000}, unhandledPromptBehavior: dismiss and notify, webauthn:extension:credBlob: true, webauthn:extension:largeBlob: true, webauthn:extension:minPinLength: true, webauthn:extension:prf: true, webauthn:virtualAuthenticators: true}
	at org.openqa.selenium.remote.HttpCommandExecutor.execute(HttpCommandExecutor.java:151)
	at org.openqa.selenium.remote.service.DriverCommandExecutor.invokeExecute(DriverCommandExecutor.java:216)
	at org.openqa.selenium.remote.service.DriverCommandExecutor.execute(DriverCommandExecutor.java:174)
	at org.openqa.selenium.remote.RemoteWebDriver.execute(RemoteWebDriver.java:545)
	at org.openqa.selenium.remote.RemoteWebDriver.get(RemoteWebDriver.java:313)
	at com.otus.testframework.framework.framework.pages.AbstractWebPage.navigateTo(AbstractWebPage.java:59)
	at com.otus.testframework.framework.framework.pages.MainPage.open(MainPage.java:28)
	at homework.FirstHomeWorkTest.verifyCorrectCourseCatalogOpensForRandomCategory(FirstHomeWorkTest.java:60)
	at java.base/jdk.internal.reflect.NativeMethodAccessorImpl.invoke0(Native Method)
	at java.base/jdk.internal.reflect.NativeMethodAccessorImpl.invoke(NativeMethodAccessorImpl.java:77)
	at java.base/jdk.internal.reflect.DelegatingMethodAccessorImpl.invoke(DelegatingMethodAccessorImpl.java:43)
	at java.base/java.lang.reflect.Method.invoke(Method.java:569)
	at org.testng.internal.invokers.MethodInvocationHelper.invokeMethod(MethodInvocationHelper.java:139)
	at org.testng.internal.invokers.TestInvoker.invokeMethod(TestInvoker.java:664)
	at org.testng.internal.invokers.TestInvoker.invokeTestMethod(TestInvoker.java:227)
	at org.testng.internal.invokers.MethodRunner.runInSequence(MethodRunner.java:50)
	at org.testng.internal.invokers.TestInvoker$MethodInvocationAgent.invoke(TestInvoker.java:957)
	at org.testng.internal.invokers.TestInvoker.invokeTestMethods(TestInvoker.java:200)
	at org.testng.internal.invokers.TestMethodWorker.invokeTestMethods(TestMethodWorker.java:148)
	at org.testng.internal.invokers.TestMethodWorker.run(TestMethodWorker.java:128)
	at java.base/java.util.ArrayList.forEach(ArrayList.java:1511)
	at org.testng.TestRunner.privateRun(TestRunner.java:848)
	at org.testng.TestRunner.run(TestRunner.java:621)
	at org.testng.SuiteRunner.runTest(SuiteRunner.java:443)
	at org.testng.SuiteRunner.runSequentially(SuiteRunner.java:437)
	at org.testng.SuiteRunner.privateRun(SuiteRunner.java:397)
	at org.testng.SuiteRunner.run(SuiteRunner.java:336)
	at org.testng.SuiteRunnerWorker.runSuite(SuiteRunnerWorker.java:52)
	at org.testng.SuiteRunnerWorker.run(SuiteRunnerWorker.java:95)
	at org.testng.TestNG.runSuitesSequentially(TestNG.java:1280)
	at org.testng.TestNG.runSuitesLocally(TestNG.java:1200)
	at org.testng.TestNG.runSuites(TestNG.java:1114)
	at org.testng.TestNG.run(TestNG.java:1082)
	at com.intellij.rt.testng.IDEARemoteTestNG.run(IDEARemoteTestNG.java:66)
	at com.intellij.rt.testng.RemoteTestNGStarter.main(RemoteTestNGStarter.java:109)
2024-12-22 21:59:45 INFO  WebDriverRun:39 - ChromeDriver has been launched.
2024-12-22 22:00:12 INFO  BaseTest:20 - Test verifyCourseCardsTest is started!
2024-12-22 22:00:34 INFO  BaseTest:20 - Test verifyCourseCardsTest is started!
2024-12-22 22:01:05 INFO  BaseTest:25 - Tests automation is ended
2024-12-22 22:03:56 INFO  WebDriverRun:39 - ChromeDriver has been launched.
2024-12-22 22:03:56 INFO  BaseTest:20 - Test findAndVerifyCoursePageTest is started!
2024-12-22 22:04:13 INFO  BaseTest:25 - Tests automation is ended
2024-12-22 22:04:13 INFO  WebDriverRun:50 - WebDriver has been closed successfully.
2024-12-22 22:04:13 INFO  BaseTest:31 - Test findAndVerifyCoursePageTest is PASSED
2024-12-22 22:04:14 INFO  WebDriverRun:39 - ChromeDriver has been launched.
2024-12-22 22:04:14 INFO  BaseTest:20 - Test verifyCorrectCourseCatalogOpensForRandomCategory is started!
2024-12-22 22:04:14 INFO  BaseTest:25 - Tests automation is ended
2024-12-22 22:04:14 INFO  WebDriverRun:50 - WebDriver has been closed successfully.
2024-12-22 22:04:14 ERROR BaseTest:34 - Test verifyCorrectCourseCatalogOpensForRandomCategory is FAILED
org.openqa.selenium.NoSuchSessionException: Session ID is null. Using WebDriver after calling quit()?
Build info: version: '4.27.0', revision: 'd6e718d134'
System info: os.name: 'Mac OS X', os.arch: 'aarch64', os.version: '13.1', java.version: '17.0.13'
Driver info: org.openqa.selenium.chrome.ChromeDriver
Command: [null, get {url=https://otus.ru}]
Capabilities {acceptInsecureCerts: false, browserName: chrome, browserVersion: 117.0.5938.132, chrome: {chromedriverVersion: 117.0.5938.149 (e3344ddefa1..., userDataDir: /var/folders/jd/bk58j_5x68v...}, fedcm:accounts: true, goog:chromeOptions: {debuggerAddress: localhost:60398}, networkConnectionEnabled: false, pageLoadStrategy: normal, platformName: mac, proxy: Proxy(), se:cdp: ws://localhost:60398/devtoo..., se:cdpVersion: 117.0.5938.132, setWindowRect: true, strictFileInteractability: false, timeouts: {implicit: 0, pageLoad: 300000, script: 30000}, unhandledPromptBehavior: dismiss and notify, webauthn:extension:credBlob: true, webauthn:extension:largeBlob: true, webauthn:extension:minPinLength: true, webauthn:extension:prf: true, webauthn:virtualAuthenticators: true}
	at org.openqa.selenium.remote.HttpCommandExecutor.execute(HttpCommandExecutor.java:151)
	at org.openqa.selenium.remote.service.DriverCommandExecutor.invokeExecute(DriverCommandExecutor.java:216)
	at org.openqa.selenium.remote.service.DriverCommandExecutor.execute(DriverCommandExecutor.java:174)
	at org.openqa.selenium.remote.RemoteWebDriver.execute(RemoteWebDriver.java:545)
	at org.openqa.selenium.remote.RemoteWebDriver.get(RemoteWebDriver.java:313)
	at com.otus.testframework.framework.framework.pages.AbstractWebPage.navigateTo(AbstractWebPage.java:59)
	at com.otus.testframework.framework.framework.pages.MainPage.open(MainPage.java:28)
	at homework.FirstHomeWorkTest.verifyCorrectCourseCatalogOpensForRandomCategory(FirstHomeWorkTest.java:60)
	at java.base/jdk.internal.reflect.NativeMethodAccessorImpl.invoke0(Native Method)
	at java.base/jdk.internal.reflect.NativeMethodAccessorImpl.invoke(NativeMethodAccessorImpl.java:77)
	at java.base/jdk.internal.reflect.DelegatingMethodAccessorImpl.invoke(DelegatingMethodAccessorImpl.java:43)
	at java.base/java.lang.reflect.Method.invoke(Method.java:569)
	at org.testng.internal.invokers.MethodInvocationHelper.invokeMethod(MethodInvocationHelper.java:139)
	at org.testng.internal.invokers.TestInvoker.invokeMethod(TestInvoker.java:664)
	at org.testng.internal.invokers.TestInvoker.invokeTestMethod(TestInvoker.java:227)
	at org.testng.internal.invokers.MethodRunner.runInSequence(MethodRunner.java:50)
	at org.testng.internal.invokers.TestInvoker$MethodInvocationAgent.invoke(TestInvoker.java:957)
	at org.testng.internal.invokers.TestInvoker.invokeTestMethods(TestInvoker.java:200)
	at org.testng.internal.invokers.TestMethodWorker.invokeTestMethods(TestMethodWorker.java:148)
	at org.testng.internal.invokers.TestMethodWorker.run(TestMethodWorker.java:128)
	at java.base/java.util.ArrayList.forEach(ArrayList.java:1511)
	at org.testng.TestRunner.privateRun(TestRunner.java:848)
	at org.testng.TestRunner.run(TestRunner.java:621)
	at org.testng.SuiteRunner.runTest(SuiteRunner.java:443)
	at org.testng.SuiteRunner.runSequentially(SuiteRunner.java:437)
	at org.testng.SuiteRunner.privateRun(SuiteRunner.java:397)
	at org.testng.SuiteRunner.run(SuiteRunner.java:336)
	at org.testng.SuiteRunnerWorker.runSuite(SuiteRunnerWorker.java:52)
	at org.testng.SuiteRunnerWorker.run(SuiteRunnerWorker.java:95)
	at org.testng.TestNG.runSuitesSequentially(TestNG.java:1280)
	at org.testng.TestNG.runSuitesLocally(TestNG.java:1200)
	at org.testng.TestNG.runSuites(TestNG.java:1114)
	at org.testng.TestNG.run(TestNG.java:1082)
	at com.intellij.rt.testng.IDEARemoteTestNG.run(IDEARemoteTestNG.java:66)
	at com.intellij.rt.testng.RemoteTestNGStarter.main(RemoteTestNGStarter.java:109)
2024-12-22 22:04:15 INFO  WebDriverRun:39 - ChromeDriver has been launched.
2024-12-22 22:04:15 INFO  BaseTest:20 - Test verifyCourseCardsTest is started!
2024-12-22 22:04:15 INFO  BaseTest:25 - Tests automation is ended
2024-12-22 22:04:15 INFO  WebDriverRun:50 - WebDriver has been closed successfully.
2024-12-22 22:04:15 ERROR BaseTest:34 - Test verifyCourseCardsTest is FAILED
org.openqa.selenium.NoSuchSessionException: Session ID is null. Using WebDriver after calling quit()?
Build info: version: '4.27.0', revision: 'd6e718d134'
System info: os.name: 'Mac OS X', os.arch: 'aarch64', os.version: '13.1', java.version: '17.0.13'
Driver info: org.openqa.selenium.chrome.ChromeDriver
Command: [null, get {url=https://otus.ru/catalog/courses}]
Capabilities {acceptInsecureCerts: false, browserName: chrome, browserVersion: 117.0.5938.132, chrome: {chromedriverVersion: 117.0.5938.149 (e3344ddefa1..., userDataDir: /var/folders/jd/bk58j_5x68v...}, fedcm:accounts: true, goog:chromeOptions: {debuggerAddress: localhost:60398}, networkConnectionEnabled: false, pageLoadStrategy: normal, platformName: mac, proxy: Proxy(), se:cdp: ws://localhost:60398/devtoo..., se:cdpVersion: 117.0.5938.132, setWindowRect: true, strictFileInteractability: false, timeouts: {implicit: 0, pageLoad: 300000, script: 30000}, unhandledPromptBehavior: dismiss and notify, webauthn:extension:credBlob: true, webauthn:extension:largeBlob: true, webauthn:extension:minPinLength: true, webauthn:extension:prf: true, webauthn:virtualAuthenticators: true}
	at org.openqa.selenium.remote.HttpCommandExecutor.execute(HttpCommandExecutor.java:151)
	at org.openqa.selenium.remote.service.DriverCommandExecutor.invokeExecute(DriverCommandExecutor.java:216)
	at org.openqa.selenium.remote.service.DriverCommandExecutor.execute(DriverCommandExecutor.java:174)
	at org.openqa.selenium.remote.RemoteWebDriver.execute(RemoteWebDriver.java:545)
	at org.openqa.selenium.remote.RemoteWebDriver.get(RemoteWebDriver.java:313)
	at com.otus.testframework.framework.framework.pages.AbstractWebPage.navigateTo(AbstractWebPage.java:59)
	at com.otus.testframework.framework.framework.pages.CoursesPage.open(CoursesPage.java:42)
	at homework.FirstHomeWorkTest.verifyCourseCardsTest(FirstHomeWorkTest.java:39)
	at java.base/jdk.internal.reflect.NativeMethodAccessorImpl.invoke0(Native Method)
	at java.base/jdk.internal.reflect.NativeMethodAccessorImpl.invoke(NativeMethodAccessorImpl.java:77)
	at java.base/jdk.internal.reflect.DelegatingMethodAccessorImpl.invoke(DelegatingMethodAccessorImpl.java:43)
	at java.base/java.lang.reflect.Method.invoke(Method.java:569)
	at org.testng.internal.invokers.MethodInvocationHelper.invokeMethod(MethodInvocationHelper.java:139)
	at org.testng.internal.invokers.TestInvoker.invokeMethod(TestInvoker.java:664)
	at org.testng.internal.invokers.TestInvoker.invokeTestMethod(TestInvoker.java:227)
	at org.testng.internal.invokers.MethodRunner.runInSequence(MethodRunner.java:50)
	at org.testng.internal.invokers.TestInvoker$MethodInvocationAgent.invoke(TestInvoker.java:957)
	at org.testng.internal.invokers.TestInvoker.invokeTestMethods(TestInvoker.java:200)
	at org.testng.internal.invokers.TestMethodWorker.invokeTestMethods(TestMethodWorker.java:148)
	at org.testng.internal.invokers.TestMethodWorker.run(TestMethodWorker.java:128)
	at java.base/java.util.ArrayList.forEach(ArrayList.java:1511)
	at org.testng.TestRunner.privateRun(TestRunner.java:848)
	at org.testng.TestRunner.run(TestRunner.java:621)
	at org.testng.SuiteRunner.runTest(SuiteRunner.java:443)
	at org.testng.SuiteRunner.runSequentially(SuiteRunner.java:437)
	at org.testng.SuiteRunner.privateRun(SuiteRunner.java:397)
	at org.testng.SuiteRunner.run(SuiteRunner.java:336)
	at org.testng.SuiteRunnerWorker.runSuite(SuiteRunnerWorker.java:52)
	at org.testng.SuiteRunnerWorker.run(SuiteRunnerWorker.java:95)
	at org.testng.TestNG.runSuitesSequentially(TestNG.java:1280)
	at org.testng.TestNG.runSuitesLocally(TestNG.java:1200)
	at org.testng.TestNG.runSuites(TestNG.java:1114)
	at org.testng.TestNG.run(TestNG.java:1082)
	at com.intellij.rt.testng.IDEARemoteTestNG.run(IDEARemoteTestNG.java:66)
	at com.intellij.rt.testng.RemoteTestNGStarter.main(RemoteTestNGStarter.java:109)
2024-12-22 22:05:46 INFO  WebDriverRun:39 - ChromeDriver has been launched.
2024-12-22 22:05:46 INFO  BaseTest:20 - Test findAndVerifyCoursePageTest is started!
2024-12-22 22:06:00 INFO  BaseTest:25 - Tests automation is ended
2024-12-22 22:06:00 INFO  WebDriverRun:50 - WebDriver has been closed successfully.
2024-12-22 22:06:00 INFO  BaseTest:31 - Test findAndVerifyCoursePageTest is PASSED
2024-12-22 22:06:01 INFO  WebDriverRun:39 - ChromeDriver has been launched.
2024-12-22 22:06:01 INFO  BaseTest:20 - Test verifyCorrectCourseCatalogOpensForRandomCategory is started!
2024-12-22 22:06:07 INFO  BaseTest:25 - Tests automation is ended
2024-12-22 22:06:07 INFO  WebDriverRun:50 - WebDriver has been closed successfully.
2024-12-22 22:06:07 ERROR BaseTest:34 - Test verifyCorrectCourseCatalogOpensForRandomCategory is FAILED
org.openqa.selenium.NoSuchSessionException: Session ID is null. Using WebDriver after calling quit()?
Build info: version: '4.27.0', revision: 'd6e718d134'
System info: os.name: 'Mac OS X', os.arch: 'aarch64', os.version: '13.1', java.version: '17.0.13'
Driver info: org.openqa.selenium.chrome.ChromeDriver
Command: [null, findElement {value=//img[@alt='OTUS Logo'], using=xpath}]
Capabilities {acceptInsecureCerts: false, browserName: chrome, browserVersion: 117.0.5938.132, chrome: {chromedriverVersion: 117.0.5938.149 (e3344ddefa1..., userDataDir: /var/folders/jd/bk58j_5x68v...}, fedcm:accounts: true, goog:chromeOptions: {debuggerAddress: localhost:60555}, networkConnectionEnabled: false, pageLoadStrategy: normal, platformName: mac, proxy: Proxy(), se:cdp: ws://localhost:60555/devtoo..., se:cdpVersion: 117.0.5938.132, setWindowRect: true, strictFileInteractability: false, timeouts: {implicit: 0, pageLoad: 300000, script: 30000}, unhandledPromptBehavior: dismiss and notify, webauthn:extension:credBlob: true, webauthn:extension:largeBlob: true, webauthn:extension:minPinLength: true, webauthn:extension:prf: true, webauthn:virtualAuthenticators: true}
	at org.openqa.selenium.remote.HttpCommandExecutor.execute(HttpCommandExecutor.java:151)
	at org.openqa.selenium.remote.service.DriverCommandExecutor.invokeExecute(DriverCommandExecutor.java:216)
	at org.openqa.selenium.remote.service.DriverCommandExecutor.execute(DriverCommandExecutor.java:174)
	at org.openqa.selenium.remote.RemoteWebDriver.execute(RemoteWebDriver.java:545)
	at org.openqa.selenium.remote.ElementLocation$ElementFinder$2.findElement(ElementLocation.java:165)
	at org.openqa.selenium.remote.ElementLocation.findElement(ElementLocation.java:59)
	at org.openqa.selenium.remote.RemoteWebDriver.findElement(RemoteWebDriver.java:368)
	at org.openqa.selenium.remote.RemoteWebDriver.findElement(RemoteWebDriver.java:362)
	at org.openqa.selenium.support.pagefactory.DefaultElementLocator.findElement(DefaultElementLocator.java:68)
	at org.openqa.selenium.support.pagefactory.internal.LocatingElementHandler.invoke(LocatingElementHandler.java:38)
	at jdk.proxy2/jdk.proxy2.$Proxy18.isDisplayed(Unknown Source)
	at com.otus.testframework.framework.framework.pages.MainPage.lambda$open$0(MainPage.java:29)
	at com.otus.testframework.framework.framework.utils.AdditionalConditions.lambda$isTrue$0(AdditionalConditions.java:14)
	at org.openqa.selenium.support.ui.FluentWait.until(FluentWait.java:203)
	at com.otus.testframework.framework.framework.pages.AbstractWebPage.shortWaitUntil(AbstractWebPage.java:67)
	at com.otus.testframework.framework.framework.pages.MainPage.open(MainPage.java:29)
	at homework.FirstHomeWorkTest.verifyCorrectCourseCatalogOpensForRandomCategory(FirstHomeWorkTest.java:60)
	at java.base/jdk.internal.reflect.NativeMethodAccessorImpl.invoke0(Native Method)
	at java.base/jdk.internal.reflect.NativeMethodAccessorImpl.invoke(NativeMethodAccessorImpl.java:77)
	at java.base/jdk.internal.reflect.DelegatingMethodAccessorImpl.invoke(DelegatingMethodAccessorImpl.java:43)
	at java.base/java.lang.reflect.Method.invoke(Method.java:569)
	at org.testng.internal.invokers.MethodInvocationHelper.invokeMethod(MethodInvocationHelper.java:139)
	at org.testng.internal.invokers.TestInvoker.invokeMethod(TestInvoker.java:664)
	at org.testng.internal.invokers.TestInvoker.invokeTestMethod(TestInvoker.java:227)
	at org.testng.internal.invokers.MethodRunner.runInSequence(MethodRunner.java:50)
	at org.testng.internal.invokers.TestInvoker$MethodInvocationAgent.invoke(TestInvoker.java:957)
	at org.testng.internal.invokers.TestInvoker.invokeTestMethods(TestInvoker.java:200)
	at org.testng.internal.invokers.TestMethodWorker.invokeTestMethods(TestMethodWorker.java:148)
	at org.testng.internal.invokers.TestMethodWorker.run(TestMethodWorker.java:128)
	at java.base/java.util.ArrayList.forEach(ArrayList.java:1511)
	at org.testng.TestRunner.privateRun(TestRunner.java:848)
	at org.testng.TestRunner.run(TestRunner.java:621)
	at org.testng.SuiteRunner.runTest(SuiteRunner.java:443)
	at org.testng.SuiteRunner.runSequentially(SuiteRunner.java:437)
	at org.testng.SuiteRunner.privateRun(SuiteRunner.java:397)
	at org.testng.SuiteRunner.run(SuiteRunner.java:336)
	at org.testng.SuiteRunnerWorker.runSuite(SuiteRunnerWorker.java:52)
	at org.testng.SuiteRunnerWorker.run(SuiteRunnerWorker.java:95)
	at org.testng.TestNG.runSuitesSequentially(TestNG.java:1280)
	at org.testng.TestNG.runSuitesLocally(TestNG.java:1200)
	at org.testng.TestNG.runSuites(TestNG.java:1114)
	at org.testng.TestNG.run(TestNG.java:1082)
	at com.intellij.rt.testng.IDEARemoteTestNG.run(IDEARemoteTestNG.java:66)
	at com.intellij.rt.testng.RemoteTestNGStarter.main(RemoteTestNGStarter.java:109)
2024-12-22 22:06:08 INFO  WebDriverRun:39 - ChromeDriver has been launched.
2024-12-22 22:06:08 INFO  BaseTest:20 - Test verifyCourseCardsTest is started!
2024-12-22 22:06:10 INFO  BaseTest:25 - Tests automation is ended
2024-12-22 22:06:10 INFO  WebDriverRun:50 - WebDriver has been closed successfully.
2024-12-22 22:06:10 ERROR BaseTest:34 - Test verifyCourseCardsTest is FAILED
org.openqa.selenium.NoSuchSessionException: Session ID is null. Using WebDriver after calling quit()?
Build info: version: '4.27.0', revision: 'd6e718d134'
System info: os.name: 'Mac OS X', os.arch: 'aarch64', os.version: '13.1', java.version: '17.0.13'
Driver info: org.openqa.selenium.chrome.ChromeDriver
Command: [null, findElement {value=//div[contains(text(),'')], using=xpath}]
Capabilities {acceptInsecureCerts: false, browserName: chrome, browserVersion: 117.0.5938.132, chrome: {chromedriverVersion: 117.0.5938.149 (e3344ddefa1..., userDataDir: /var/folders/jd/bk58j_5x68v...}, fedcm:accounts: true, goog:chromeOptions: {debuggerAddress: localhost:60555}, networkConnectionEnabled: false, pageLoadStrategy: normal, platformName: mac, proxy: Proxy(), se:cdp: ws://localhost:60555/devtoo..., se:cdpVersion: 117.0.5938.132, setWindowRect: true, strictFileInteractability: false, timeouts: {implicit: 0, pageLoad: 300000, script: 30000}, unhandledPromptBehavior: dismiss and notify, webauthn:extension:credBlob: true, webauthn:extension:largeBlob: true, webauthn:extension:minPinLength: true, webauthn:extension:prf: true, webauthn:virtualAuthenticators: true}
	at org.openqa.selenium.remote.HttpCommandExecutor.execute(HttpCommandExecutor.java:151)
	at org.openqa.selenium.remote.service.DriverCommandExecutor.invokeExecute(DriverCommandExecutor.java:216)
	at org.openqa.selenium.remote.service.DriverCommandExecutor.execute(DriverCommandExecutor.java:174)
	at org.openqa.selenium.remote.RemoteWebDriver.execute(RemoteWebDriver.java:545)
	at org.openqa.selenium.remote.ElementLocation$ElementFinder$2.findElement(ElementLocation.java:165)
	at org.openqa.selenium.remote.ElementLocation.findElement(ElementLocation.java:59)
	at org.openqa.selenium.remote.RemoteWebDriver.findElement(RemoteWebDriver.java:368)
	at org.openqa.selenium.remote.RemoteWebDriver.findElement(RemoteWebDriver.java:362)
	at org.openqa.selenium.support.pagefactory.DefaultElementLocator.findElement(DefaultElementLocator.java:68)
	at org.openqa.selenium.support.pagefactory.internal.LocatingElementHandler.invoke(LocatingElementHandler.java:38)
	at jdk.proxy2/jdk.proxy2.$Proxy18.isDisplayed(Unknown Source)
	at com.otus.testframework.framework.framework.pages.CoursesPage.isPageLoaded(CoursesPage.java:48)
	at com.otus.testframework.framework.framework.pages.CoursesPage.lambda$open$0(CoursesPage.java:43)
	at com.otus.testframework.framework.framework.utils.AdditionalConditions.lambda$isTrue$0(AdditionalConditions.java:14)
	at org.openqa.selenium.support.ui.FluentWait.until(FluentWait.java:203)
	at com.otus.testframework.framework.framework.pages.AbstractWebPage.shortWaitUntil(AbstractWebPage.java:67)
	at com.otus.testframework.framework.framework.pages.CoursesPage.open(CoursesPage.java:43)
	at homework.FirstHomeWorkTest.verifyCourseCardsTest(FirstHomeWorkTest.java:39)
	at java.base/jdk.internal.reflect.NativeMethodAccessorImpl.invoke0(Native Method)
	at java.base/jdk.internal.reflect.NativeMethodAccessorImpl.invoke(NativeMethodAccessorImpl.java:77)
	at java.base/jdk.internal.reflect.DelegatingMethodAccessorImpl.invoke(DelegatingMethodAccessorImpl.java:43)
	at java.base/java.lang.reflect.Method.invoke(Method.java:569)
	at org.testng.internal.invokers.MethodInvocationHelper.invokeMethod(MethodInvocationHelper.java:139)
	at org.testng.internal.invokers.TestInvoker.invokeMethod(TestInvoker.java:664)
	at org.testng.internal.invokers.TestInvoker.invokeTestMethod(TestInvoker.java:227)
	at org.testng.internal.invokers.MethodRunner.runInSequence(MethodRunner.java:50)
	at org.testng.internal.invokers.TestInvoker$MethodInvocationAgent.invoke(TestInvoker.java:957)
	at org.testng.internal.invokers.TestInvoker.invokeTestMethods(TestInvoker.java:200)
	at org.testng.internal.invokers.TestMethodWorker.invokeTestMethods(TestMethodWorker.java:148)
	at org.testng.internal.invokers.TestMethodWorker.run(TestMethodWorker.java:128)
	at java.base/java.util.ArrayList.forEach(ArrayList.java:1511)
	at org.testng.TestRunner.privateRun(TestRunner.java:848)
	at org.testng.TestRunner.run(TestRunner.java:621)
	at org.testng.SuiteRunner.runTest(SuiteRunner.java:443)
	at org.testng.SuiteRunner.runSequentially(SuiteRunner.java:437)
	at org.testng.SuiteRunner.privateRun(SuiteRunner.java:397)
	at org.testng.SuiteRunner.run(SuiteRunner.java:336)
	at org.testng.SuiteRunnerWorker.runSuite(SuiteRunnerWorker.java:52)
	at org.testng.SuiteRunnerWorker.run(SuiteRunnerWorker.java:95)
	at org.testng.TestNG.runSuitesSequentially(TestNG.java:1280)
	at org.testng.TestNG.runSuitesLocally(TestNG.java:1200)
	at org.testng.TestNG.runSuites(TestNG.java:1114)
	at org.testng.TestNG.run(TestNG.java:1082)
	at com.intellij.rt.testng.IDEARemoteTestNG.run(IDEARemoteTestNG.java:66)
	at com.intellij.rt.testng.RemoteTestNGStarter.main(RemoteTestNGStarter.java:109)
2024-12-22 22:08:05 INFO  WebDriverRun:39 - ChromeDriver has been launched.
2024-12-22 22:09:08 INFO  BaseTest:20 - Test findAndVerifyCoursePageTest is started!
2024-12-22 22:09:23 INFO  BaseTest:25 - Tests automation is ended
2024-12-22 22:09:28 INFO  WebDriverRun:50 - WebDriver has been closed successfully.
2024-12-22 22:09:28 INFO  BaseTest:31 - Test findAndVerifyCoursePageTest is PASSED
2024-12-22 22:10:53 INFO  WebDriverRun:39 - ChromeDriver has been launched.
2024-12-22 22:11:11 INFO  BaseTest:20 - Test verifyCorrectCourseCatalogOpensForRandomCategory is started!
2024-12-22 22:12:46 INFO  BaseTest:25 - Tests automation is ended
2024-12-22 22:20:36 INFO  WebDriverRun:50 - WebDriver has been closed successfully.
2024-12-22 22:20:43 INFO  WebDriverRun:39 - ChromeDriver has been launched.
2024-12-22 22:20:43 INFO  BaseTest:20 - Test findAndVerifyCoursePageTest is started!
2024-12-22 22:20:58 INFO  BaseTest:25 - Tests automation is ended
2024-12-22 22:20:58 INFO  WebDriverRun:50 - WebDriver has been closed successfully.
2024-12-22 22:20:58 INFO  BaseTest:31 - Test findAndVerifyCoursePageTest is PASSED
2024-12-22 22:20:59 INFO  WebDriverRun:39 - ChromeDriver has been launched.
2024-12-22 22:20:59 INFO  BaseTest:20 - Test verifyCorrectCourseCatalogOpensForRandomCategory is started!
2024-12-22 22:20:59 INFO  BaseTest:25 - Tests automation is ended
2024-12-22 22:20:59 INFO  WebDriverRun:50 - WebDriver has been closed successfully.
2024-12-22 22:20:59 ERROR BaseTest:34 - Test verifyCorrectCourseCatalogOpensForRandomCategory is FAILED
org.openqa.selenium.NoSuchSessionException: Session ID is null. Using WebDriver after calling quit()?
Build info: version: '4.27.0', revision: 'd6e718d134'
System info: os.name: 'Mac OS X', os.arch: 'aarch64', os.version: '13.1', java.version: '17.0.13'
Driver info: org.openqa.selenium.chrome.ChromeDriver
Command: [null, get {url=https://otus.ru}]
Capabilities {acceptInsecureCerts: false, browserName: chrome, browserVersion: 117.0.5938.132, chrome: {chromedriverVersion: 117.0.5938.149 (e3344ddefa1..., userDataDir: /var/folders/jd/bk58j_5x68v...}, fedcm:accounts: true, goog:chromeOptions: {debuggerAddress: localhost:61670}, networkConnectionEnabled: false, pageLoadStrategy: normal, platformName: mac, proxy: Proxy(), se:cdp: ws://localhost:61670/devtoo..., se:cdpVersion: 117.0.5938.132, setWindowRect: true, strictFileInteractability: false, timeouts: {implicit: 0, pageLoad: 300000, script: 30000}, unhandledPromptBehavior: dismiss and notify, webauthn:extension:credBlob: true, webauthn:extension:largeBlob: true, webauthn:extension:minPinLength: true, webauthn:extension:prf: true, webauthn:virtualAuthenticators: true}
	at org.openqa.selenium.remote.HttpCommandExecutor.execute(HttpCommandExecutor.java:151)
	at org.openqa.selenium.remote.service.DriverCommandExecutor.invokeExecute(DriverCommandExecutor.java:216)
	at org.openqa.selenium.remote.service.DriverCommandExecutor.execute(DriverCommandExecutor.java:174)
	at org.openqa.selenium.remote.RemoteWebDriver.execute(RemoteWebDriver.java:545)
	at org.openqa.selenium.remote.RemoteWebDriver.get(RemoteWebDriver.java:313)
	at com.otus.testframework.framework.framework.pages.AbstractWebPage.navigateTo(AbstractWebPage.java:60)
	at com.otus.testframework.framework.framework.pages.MainPage.open(MainPage.java:28)
	at homework.FirstHomeWorkTest.verifyCorrectCourseCatalogOpensForRandomCategory(FirstHomeWorkTest.java:60)
	at java.base/jdk.internal.reflect.NativeMethodAccessorImpl.invoke0(Native Method)
	at java.base/jdk.internal.reflect.NativeMethodAccessorImpl.invoke(NativeMethodAccessorImpl.java:77)
	at java.base/jdk.internal.reflect.DelegatingMethodAccessorImpl.invoke(DelegatingMethodAccessorImpl.java:43)
	at java.base/java.lang.reflect.Method.invoke(Method.java:569)
	at org.testng.internal.invokers.MethodInvocationHelper.invokeMethod(MethodInvocationHelper.java:139)
	at org.testng.internal.invokers.TestInvoker.invokeMethod(TestInvoker.java:664)
	at org.testng.internal.invokers.TestInvoker.invokeTestMethod(TestInvoker.java:227)
	at org.testng.internal.invokers.MethodRunner.runInSequence(MethodRunner.java:50)
	at org.testng.internal.invokers.TestInvoker$MethodInvocationAgent.invoke(TestInvoker.java:957)
	at org.testng.internal.invokers.TestInvoker.invokeTestMethods(TestInvoker.java:200)
	at org.testng.internal.invokers.TestMethodWorker.invokeTestMethods(TestMethodWorker.java:148)
	at org.testng.internal.invokers.TestMethodWorker.run(TestMethodWorker.java:128)
	at java.base/java.util.ArrayList.forEach(ArrayList.java:1511)
	at org.testng.TestRunner.privateRun(TestRunner.java:848)
	at org.testng.TestRunner.run(TestRunner.java:621)
	at org.testng.SuiteRunner.runTest(SuiteRunner.java:443)
	at org.testng.SuiteRunner.runSequentially(SuiteRunner.java:437)
	at org.testng.SuiteRunner.privateRun(SuiteRunner.java:397)
	at org.testng.SuiteRunner.run(SuiteRunner.java:336)
	at org.testng.SuiteRunnerWorker.runSuite(SuiteRunnerWorker.java:52)
	at org.testng.SuiteRunnerWorker.run(SuiteRunnerWorker.java:95)
	at org.testng.TestNG.runSuitesSequentially(TestNG.java:1280)
	at org.testng.TestNG.runSuitesLocally(TestNG.java:1200)
	at org.testng.TestNG.runSuites(TestNG.java:1114)
	at org.testng.TestNG.run(TestNG.java:1082)
	at com.intellij.rt.testng.IDEARemoteTestNG.run(IDEARemoteTestNG.java:66)
	at com.intellij.rt.testng.RemoteTestNGStarter.main(RemoteTestNGStarter.java:109)
2024-12-22 22:21:00 INFO  WebDriverRun:39 - ChromeDriver has been launched.
2024-12-22 22:21:00 INFO  BaseTest:20 - Test verifyCourseCardsTest is started!
2024-12-22 22:21:00 INFO  BaseTest:25 - Tests automation is ended
2024-12-22 22:21:00 INFO  WebDriverRun:50 - WebDriver has been closed successfully.
2024-12-22 22:21:00 ERROR BaseTest:34 - Test verifyCourseCardsTest is FAILED
org.openqa.selenium.NoSuchSessionException: Session ID is null. Using WebDriver after calling quit()?
Build info: version: '4.27.0', revision: 'd6e718d134'
System info: os.name: 'Mac OS X', os.arch: 'aarch64', os.version: '13.1', java.version: '17.0.13'
Driver info: org.openqa.selenium.chrome.ChromeDriver
Command: [null, get {url=https://otus.ru/catalog/courses}]
Capabilities {acceptInsecureCerts: false, browserName: chrome, browserVersion: 117.0.5938.132, chrome: {chromedriverVersion: 117.0.5938.149 (e3344ddefa1..., userDataDir: /var/folders/jd/bk58j_5x68v...}, fedcm:accounts: true, goog:chromeOptions: {debuggerAddress: localhost:61670}, networkConnectionEnabled: false, pageLoadStrategy: normal, platformName: mac, proxy: Proxy(), se:cdp: ws://localhost:61670/devtoo..., se:cdpVersion: 117.0.5938.132, setWindowRect: true, strictFileInteractability: false, timeouts: {implicit: 0, pageLoad: 300000, script: 30000}, unhandledPromptBehavior: dismiss and notify, webauthn:extension:credBlob: true, webauthn:extension:largeBlob: true, webauthn:extension:minPinLength: true, webauthn:extension:prf: true, webauthn:virtualAuthenticators: true}
	at org.openqa.selenium.remote.HttpCommandExecutor.execute(HttpCommandExecutor.java:151)
	at org.openqa.selenium.remote.service.DriverCommandExecutor.invokeExecute(DriverCommandExecutor.java:216)
	at org.openqa.selenium.remote.service.DriverCommandExecutor.execute(DriverCommandExecutor.java:174)
	at org.openqa.selenium.remote.RemoteWebDriver.execute(RemoteWebDriver.java:545)
	at org.openqa.selenium.remote.RemoteWebDriver.get(RemoteWebDriver.java:313)
	at com.otus.testframework.framework.framework.pages.AbstractWebPage.navigateTo(AbstractWebPage.java:60)
	at com.otus.testframework.framework.framework.pages.CoursesPage.open(CoursesPage.java:42)
	at homework.FirstHomeWorkTest.verifyCourseCardsTest(FirstHomeWorkTest.java:39)
	at java.base/jdk.internal.reflect.NativeMethodAccessorImpl.invoke0(Native Method)
	at java.base/jdk.internal.reflect.NativeMethodAccessorImpl.invoke(NativeMethodAccessorImpl.java:77)
	at java.base/jdk.internal.reflect.DelegatingMethodAccessorImpl.invoke(DelegatingMethodAccessorImpl.java:43)
	at java.base/java.lang.reflect.Method.invoke(Method.java:569)
	at org.testng.internal.invokers.MethodInvocationHelper.invokeMethod(MethodInvocationHelper.java:139)
	at org.testng.internal.invokers.TestInvoker.invokeMethod(TestInvoker.java:664)
	at org.testng.internal.invokers.TestInvoker.invokeTestMethod(TestInvoker.java:227)
	at org.testng.internal.invokers.MethodRunner.runInSequence(MethodRunner.java:50)
	at org.testng.internal.invokers.TestInvoker$MethodInvocationAgent.invoke(TestInvoker.java:957)
	at org.testng.internal.invokers.TestInvoker.invokeTestMethods(TestInvoker.java:200)
	at org.testng.internal.invokers.TestMethodWorker.invokeTestMethods(TestMethodWorker.java:148)
	at org.testng.internal.invokers.TestMethodWorker.run(TestMethodWorker.java:128)
	at java.base/java.util.ArrayList.forEach(ArrayList.java:1511)
	at org.testng.TestRunner.privateRun(TestRunner.java:848)
	at org.testng.TestRunner.run(TestRunner.java:621)
	at org.testng.SuiteRunner.runTest(SuiteRunner.java:443)
	at org.testng.SuiteRunner.runSequentially(SuiteRunner.java:437)
	at org.testng.SuiteRunner.privateRun(SuiteRunner.java:397)
	at org.testng.SuiteRunner.run(SuiteRunner.java:336)
	at org.testng.SuiteRunnerWorker.runSuite(SuiteRunnerWorker.java:52)
	at org.testng.SuiteRunnerWorker.run(SuiteRunnerWorker.java:95)
	at org.testng.TestNG.runSuitesSequentially(TestNG.java:1280)
	at org.testng.TestNG.runSuitesLocally(TestNG.java:1200)
	at org.testng.TestNG.runSuites(TestNG.java:1114)
	at org.testng.TestNG.run(TestNG.java:1082)
	at com.intellij.rt.testng.IDEARemoteTestNG.run(IDEARemoteTestNG.java:66)
	at com.intellij.rt.testng.RemoteTestNGStarter.main(RemoteTestNGStarter.java:109)
2024-12-22 22:23:34 INFO  WebDriverRun:51 - ChromeDriver has been launched.
2024-12-22 22:23:34 INFO  BaseTest:20 - Test findAndVerifyCoursePageTest is started!
2024-12-22 22:23:47 INFO  BaseTest:25 - Tests automation is ended
2024-12-22 22:23:47 INFO  WebDriverRun:62 - WebDriver has been closed successfully.
2024-12-22 22:23:47 INFO  BaseTest:31 - Test findAndVerifyCoursePageTest is PASSED
2024-12-22 22:23:48 INFO  WebDriverRun:51 - ChromeDriver has been launched.
2024-12-22 22:23:48 INFO  BaseTest:20 - Test verifyCorrectCourseCatalogOpensForRandomCategory is started!
2024-12-22 22:23:48 INFO  BaseTest:25 - Tests automation is ended
2024-12-22 22:23:48 INFO  WebDriverRun:62 - WebDriver has been closed successfully.
2024-12-22 22:23:48 ERROR BaseTest:34 - Test verifyCorrectCourseCatalogOpensForRandomCategory is FAILED
org.openqa.selenium.NoSuchSessionException: Session ID is null. Using WebDriver after calling quit()?
Build info: version: '4.27.0', revision: 'd6e718d134'
System info: os.name: 'Mac OS X', os.arch: 'aarch64', os.version: '13.1', java.version: '17.0.13'
Driver info: org.openqa.selenium.chrome.ChromeDriver
Command: [null, get {url=https://otus.ru}]
Capabilities {acceptInsecureCerts: false, browserName: chrome, browserVersion: 117.0.5938.132, chrome: {chromedriverVersion: 117.0.5938.149 (e3344ddefa1..., userDataDir: /var/folders/jd/bk58j_5x68v...}, fedcm:accounts: true, goog:chromeOptions: {debuggerAddress: localhost:61867}, networkConnectionEnabled: false, pageLoadStrategy: normal, platformName: mac, proxy: Proxy(), se:cdp: ws://localhost:61867/devtoo..., se:cdpVersion: 117.0.5938.132, setWindowRect: true, strictFileInteractability: false, timeouts: {implicit: 0, pageLoad: 300000, script: 30000}, unhandledPromptBehavior: dismiss and notify, webauthn:extension:credBlob: true, webauthn:extension:largeBlob: true, webauthn:extension:minPinLength: true, webauthn:extension:prf: true, webauthn:virtualAuthenticators: true}
	at org.openqa.selenium.remote.HttpCommandExecutor.execute(HttpCommandExecutor.java:151)
	at org.openqa.selenium.remote.service.DriverCommandExecutor.invokeExecute(DriverCommandExecutor.java:216)
	at org.openqa.selenium.remote.service.DriverCommandExecutor.execute(DriverCommandExecutor.java:174)
	at org.openqa.selenium.remote.RemoteWebDriver.execute(RemoteWebDriver.java:545)
	at org.openqa.selenium.remote.RemoteWebDriver.get(RemoteWebDriver.java:313)
	at com.otus.testframework.framework.framework.pages.AbstractWebPage.navigateTo(AbstractWebPage.java:60)
	at com.otus.testframework.framework.framework.pages.MainPage.open(MainPage.java:28)
	at homework.FirstHomeWorkTest.verifyCorrectCourseCatalogOpensForRandomCategory(FirstHomeWorkTest.java:60)
	at java.base/jdk.internal.reflect.NativeMethodAccessorImpl.invoke0(Native Method)
	at java.base/jdk.internal.reflect.NativeMethodAccessorImpl.invoke(NativeMethodAccessorImpl.java:77)
	at java.base/jdk.internal.reflect.DelegatingMethodAccessorImpl.invoke(DelegatingMethodAccessorImpl.java:43)
	at java.base/java.lang.reflect.Method.invoke(Method.java:569)
	at org.testng.internal.invokers.MethodInvocationHelper.invokeMethod(MethodInvocationHelper.java:139)
	at org.testng.internal.invokers.TestInvoker.invokeMethod(TestInvoker.java:664)
	at org.testng.internal.invokers.TestInvoker.invokeTestMethod(TestInvoker.java:227)
	at org.testng.internal.invokers.MethodRunner.runInSequence(MethodRunner.java:50)
	at org.testng.internal.invokers.TestInvoker$MethodInvocationAgent.invoke(TestInvoker.java:957)
	at org.testng.internal.invokers.TestInvoker.invokeTestMethods(TestInvoker.java:200)
	at org.testng.internal.invokers.TestMethodWorker.invokeTestMethods(TestMethodWorker.java:148)
	at org.testng.internal.invokers.TestMethodWorker.run(TestMethodWorker.java:128)
	at java.base/java.util.ArrayList.forEach(ArrayList.java:1511)
	at org.testng.TestRunner.privateRun(TestRunner.java:848)
	at org.testng.TestRunner.run(TestRunner.java:621)
	at org.testng.SuiteRunner.runTest(SuiteRunner.java:443)
	at org.testng.SuiteRunner.runSequentially(SuiteRunner.java:437)
	at org.testng.SuiteRunner.privateRun(SuiteRunner.java:397)
	at org.testng.SuiteRunner.run(SuiteRunner.java:336)
	at org.testng.SuiteRunnerWorker.runSuite(SuiteRunnerWorker.java:52)
	at org.testng.SuiteRunnerWorker.run(SuiteRunnerWorker.java:95)
	at org.testng.TestNG.runSuitesSequentially(TestNG.java:1280)
	at org.testng.TestNG.runSuitesLocally(TestNG.java:1200)
	at org.testng.TestNG.runSuites(TestNG.java:1114)
	at org.testng.TestNG.run(TestNG.java:1082)
	at com.intellij.rt.testng.IDEARemoteTestNG.run(IDEARemoteTestNG.java:66)
	at com.intellij.rt.testng.RemoteTestNGStarter.main(RemoteTestNGStarter.java:109)
2024-12-22 22:23:50 INFO  WebDriverRun:51 - ChromeDriver has been launched.
2024-12-22 22:23:50 INFO  BaseTest:20 - Test verifyCourseCardsTest is started!
2024-12-22 22:23:50 INFO  BaseTest:25 - Tests automation is ended
2024-12-22 22:23:50 INFO  WebDriverRun:62 - WebDriver has been closed successfully.
2024-12-22 22:23:50 ERROR BaseTest:34 - Test verifyCourseCardsTest is FAILED
org.openqa.selenium.NoSuchSessionException: Session ID is null. Using WebDriver after calling quit()?
Build info: version: '4.27.0', revision: 'd6e718d134'
System info: os.name: 'Mac OS X', os.arch: 'aarch64', os.version: '13.1', java.version: '17.0.13'
Driver info: org.openqa.selenium.chrome.ChromeDriver
Command: [null, get {url=https://otus.ru/catalog/courses}]
Capabilities {acceptInsecureCerts: false, browserName: chrome, browserVersion: 117.0.5938.132, chrome: {chromedriverVersion: 117.0.5938.149 (e3344ddefa1..., userDataDir: /var/folders/jd/bk58j_5x68v...}, fedcm:accounts: true, goog:chromeOptions: {debuggerAddress: localhost:61867}, networkConnectionEnabled: false, pageLoadStrategy: normal, platformName: mac, proxy: Proxy(), se:cdp: ws://localhost:61867/devtoo..., se:cdpVersion: 117.0.5938.132, setWindowRect: true, strictFileInteractability: false, timeouts: {implicit: 0, pageLoad: 300000, script: 30000}, unhandledPromptBehavior: dismiss and notify, webauthn:extension:credBlob: true, webauthn:extension:largeBlob: true, webauthn:extension:minPinLength: true, webauthn:extension:prf: true, webauthn:virtualAuthenticators: true}
	at org.openqa.selenium.remote.HttpCommandExecutor.execute(HttpCommandExecutor.java:151)
	at org.openqa.selenium.remote.service.DriverCommandExecutor.invokeExecute(DriverCommandExecutor.java:216)
	at org.openqa.selenium.remote.service.DriverCommandExecutor.execute(DriverCommandExecutor.java:174)
	at org.openqa.selenium.remote.RemoteWebDriver.execute(RemoteWebDriver.java:545)
	at org.openqa.selenium.remote.RemoteWebDriver.get(RemoteWebDriver.java:313)
	at com.otus.testframework.framework.framework.pages.AbstractWebPage.navigateTo(AbstractWebPage.java:60)
	at com.otus.testframework.framework.framework.pages.CoursesPage.open(CoursesPage.java:42)
	at homework.FirstHomeWorkTest.verifyCourseCardsTest(FirstHomeWorkTest.java:39)
	at java.base/jdk.internal.reflect.NativeMethodAccessorImpl.invoke0(Native Method)
	at java.base/jdk.internal.reflect.NativeMethodAccessorImpl.invoke(NativeMethodAccessorImpl.java:77)
	at java.base/jdk.internal.reflect.DelegatingMethodAccessorImpl.invoke(DelegatingMethodAccessorImpl.java:43)
	at java.base/java.lang.reflect.Method.invoke(Method.java:569)
	at org.testng.internal.invokers.MethodInvocationHelper.invokeMethod(MethodInvocationHelper.java:139)
	at org.testng.internal.invokers.TestInvoker.invokeMethod(TestInvoker.java:664)
	at org.testng.internal.invokers.TestInvoker.invokeTestMethod(TestInvoker.java:227)
	at org.testng.internal.invokers.MethodRunner.runInSequence(MethodRunner.java:50)
	at org.testng.internal.invokers.TestInvoker$MethodInvocationAgent.invoke(TestInvoker.java:957)
	at org.testng.internal.invokers.TestInvoker.invokeTestMethods(TestInvoker.java:200)
	at org.testng.internal.invokers.TestMethodWorker.invokeTestMethods(TestMethodWorker.java:148)
	at org.testng.internal.invokers.TestMethodWorker.run(TestMethodWorker.java:128)
	at java.base/java.util.ArrayList.forEach(ArrayList.java:1511)
	at org.testng.TestRunner.privateRun(TestRunner.java:848)
	at org.testng.TestRunner.run(TestRunner.java:621)
	at org.testng.SuiteRunner.runTest(SuiteRunner.java:443)
	at org.testng.SuiteRunner.runSequentially(SuiteRunner.java:437)
	at org.testng.SuiteRunner.privateRun(SuiteRunner.java:397)
	at org.testng.SuiteRunner.run(SuiteRunner.java:336)
	at org.testng.SuiteRunnerWorker.runSuite(SuiteRunnerWorker.java:52)
	at org.testng.SuiteRunnerWorker.run(SuiteRunnerWorker.java:95)
	at org.testng.TestNG.runSuitesSequentially(TestNG.java:1280)
	at org.testng.TestNG.runSuitesLocally(TestNG.java:1200)
	at org.testng.TestNG.runSuites(TestNG.java:1114)
	at org.testng.TestNG.run(TestNG.java:1082)
	at com.intellij.rt.testng.IDEARemoteTestNG.run(IDEARemoteTestNG.java:66)
	at com.intellij.rt.testng.RemoteTestNGStarter.main(RemoteTestNGStarter.java:109)
2024-12-22 22:24:36 INFO  WebDriverRun:51 - ChromeDriver has been launched.
2024-12-22 22:24:36 INFO  BaseTest:21 - Test findAndVerifyCoursePageTest is started!
2024-12-22 22:24:50 INFO  BaseTest:21 - Test verifyCorrectCourseCatalogOpensForRandomCategory is started!
2024-12-22 22:24:58 INFO  BaseTest:21 - Test verifyCourseCardsTest is started!
2024-12-22 22:29:22 INFO  WebDriverRun:51 - ChromeDriver has been launched.
2024-12-22 22:29:22 INFO  BaseTest:21 - Test findAndVerifyCoursePageTest is started!
2024-12-22 22:29:22 INFO  BaseTest:26 - Tests automation is ended
2024-12-22 22:29:22 WARN  BaseTest:40 - Test findAndVerifyCoursePageTest has UNKNOWN status
2024-12-22 22:29:36 INFO  BaseTest:21 - Test verifyCorrectCourseCatalogOpensForRandomCategory is started!
2024-12-22 22:29:36 INFO  BaseTest:26 - Tests automation is ended
2024-12-22 22:29:36 WARN  BaseTest:40 - Test verifyCorrectCourseCatalogOpensForRandomCategory has UNKNOWN status
2024-12-22 22:29:40 INFO  BaseTest:21 - Test verifyCourseCardsTest is started!
2024-12-22 22:29:40 INFO  BaseTest:26 - Tests automation is ended
2024-12-22 22:29:40 WARN  BaseTest:40 - Test verifyCourseCardsTest has UNKNOWN status
2024-12-22 22:29:55 INFO  WebDriverRun:62 - WebDriver has been closed successfully.
2024-12-22 22:30:18 INFO  WebDriverRun:51 - ChromeDriver has been launched.
2024-12-22 22:30:18 INFO  BaseTest:20 - Test findAndVerifyCoursePageTest is started!
2024-12-22 22:30:18 INFO  BaseTest:25 - Tests automation is ended
2024-12-22 22:30:18 WARN  BaseTest:39 - Test findAndVerifyCoursePageTest has UNKNOWN status
2024-12-22 22:30:32 INFO  BaseTest:20 - Test verifyCorrectCourseCatalogOpensForRandomCategory is started!
2024-12-22 22:30:32 INFO  BaseTest:25 - Tests automation is ended
2024-12-22 22:30:32 WARN  BaseTest:39 - Test verifyCorrectCourseCatalogOpensForRandomCategory has UNKNOWN status
2024-12-22 22:30:38 INFO  BaseTest:20 - Test verifyCourseCardsTest is started!
2024-12-22 22:30:38 INFO  BaseTest:25 - Tests automation is ended
2024-12-22 22:30:38 WARN  BaseTest:39 - Test verifyCourseCardsTest has UNKNOWN status
2024-12-22 22:30:58 INFO  WebDriverRun:62 - WebDriver has been closed successfully.
2024-12-22 22:46:37 INFO  WebDriverRun:52 - ChromeDriver has been launched.
2024-12-22 22:46:37 INFO  BaseTest:20 - Test findAndVerifyCoursePageTest is started!
2024-12-22 22:46:37 INFO  BaseTest:25 - Tests automation is ended
2024-12-22 22:46:37 WARN  BaseTest:39 - Test findAndVerifyCoursePageTest has UNKNOWN status
2024-12-22 22:46:38 INFO  WebDriverRun:52 - ChromeDriver has been launched.
2024-12-22 22:46:38 INFO  BaseTest:20 - Test verifyCorrectCourseCatalogOpensForRandomCategory is started!
2024-12-22 22:46:38 INFO  BaseTest:25 - Tests automation is ended
2024-12-22 22:46:38 WARN  BaseTest:39 - Test verifyCorrectCourseCatalogOpensForRandomCategory has UNKNOWN status
2024-12-22 22:46:39 INFO  WebDriverRun:52 - ChromeDriver has been launched.
2024-12-22 22:46:39 INFO  BaseTest:20 - Test verifyCourseCardsTest is started!
2024-12-22 22:46:39 INFO  BaseTest:25 - Tests automation is ended
2024-12-22 22:46:39 WARN  BaseTest:39 - Test verifyCourseCardsTest has UNKNOWN status
2024-12-22 22:48:17 INFO  WebDriverRun:52 - ChromeDriver has been launched.
2024-12-22 22:48:17 INFO  BaseTest:21 - Test findAndVerifyCoursePageTest is started!
2024-12-22 22:48:32 INFO  BaseTest:26 - Tests automation is ended
2024-12-22 22:48:32 INFO  BaseTest:31 - Test findAndVerifyCoursePageTest is PASSED
2024-12-22 22:48:33 INFO  WebDriverRun:52 - ChromeDriver has been launched.
2024-12-22 22:48:33 INFO  BaseTest:21 - Test verifyCorrectCourseCatalogOpensForRandomCategory is started!
2024-12-22 22:48:33 INFO  BaseTest:26 - Tests automation is ended
2024-12-22 22:48:33 ERROR BaseTest:34 - Test verifyCorrectCourseCatalogOpensForRandomCategory is FAILED
org.openqa.selenium.NoSuchSessionException: Session ID is null. Using WebDriver after calling quit()?
Build info: version: '4.27.0', revision: 'd6e718d134'
System info: os.name: 'Mac OS X', os.arch: 'aarch64', os.version: '13.1', java.version: '17.0.13'
Driver info: org.openqa.selenium.chrome.ChromeDriver
Command: [null, get {url=https://otus.ru}]
Capabilities {acceptInsecureCerts: false, browserName: chrome, browserVersion: 117.0.5938.132, chrome: {chromedriverVersion: 117.0.5938.149 (e3344ddefa1..., userDataDir: /var/folders/jd/bk58j_5x68v...}, fedcm:accounts: true, goog:chromeOptions: {debuggerAddress: localhost:63543}, networkConnectionEnabled: false, pageLoadStrategy: normal, platformName: mac, proxy: Proxy(), se:cdp: ws://localhost:63543/devtoo..., se:cdpVersion: 117.0.5938.132, setWindowRect: true, strictFileInteractability: false, timeouts: {implicit: 0, pageLoad: 300000, script: 30000}, unhandledPromptBehavior: dismiss and notify, webauthn:extension:credBlob: true, webauthn:extension:largeBlob: true, webauthn:extension:minPinLength: true, webauthn:extension:prf: true, webauthn:virtualAuthenticators: true}
	at org.openqa.selenium.remote.HttpCommandExecutor.execute(HttpCommandExecutor.java:151)
	at org.openqa.selenium.remote.service.DriverCommandExecutor.invokeExecute(DriverCommandExecutor.java:216)
	at org.openqa.selenium.remote.service.DriverCommandExecutor.execute(DriverCommandExecutor.java:174)
	at org.openqa.selenium.remote.RemoteWebDriver.execute(RemoteWebDriver.java:545)
	at org.openqa.selenium.remote.RemoteWebDriver.get(RemoteWebDriver.java:313)
	at com.otus.testframework.framework.framework.pages.AbstractWebPage.navigateTo(AbstractWebPage.java:60)
	at com.otus.testframework.framework.framework.pages.MainPage.open(MainPage.java:28)
	at homework.FirstHomeWorkTest.verifyCorrectCourseCatalogOpensForRandomCategory(FirstHomeWorkTest.java:60)
	at java.base/jdk.internal.reflect.NativeMethodAccessorImpl.invoke0(Native Method)
	at java.base/jdk.internal.reflect.NativeMethodAccessorImpl.invoke(NativeMethodAccessorImpl.java:77)
	at java.base/jdk.internal.reflect.DelegatingMethodAccessorImpl.invoke(DelegatingMethodAccessorImpl.java:43)
	at java.base/java.lang.reflect.Method.invoke(Method.java:569)
	at org.testng.internal.invokers.MethodInvocationHelper.invokeMethod(MethodInvocationHelper.java:139)
	at org.testng.internal.invokers.TestInvoker.invokeMethod(TestInvoker.java:664)
	at org.testng.internal.invokers.TestInvoker.invokeTestMethod(TestInvoker.java:227)
	at org.testng.internal.invokers.MethodRunner.runInSequence(MethodRunner.java:50)
	at org.testng.internal.invokers.TestInvoker$MethodInvocationAgent.invoke(TestInvoker.java:957)
	at org.testng.internal.invokers.TestInvoker.invokeTestMethods(TestInvoker.java:200)
	at org.testng.internal.invokers.TestMethodWorker.invokeTestMethods(TestMethodWorker.java:148)
	at org.testng.internal.invokers.TestMethodWorker.run(TestMethodWorker.java:128)
	at java.base/java.util.ArrayList.forEach(ArrayList.java:1511)
	at org.testng.TestRunner.privateRun(TestRunner.java:848)
	at org.testng.TestRunner.run(TestRunner.java:621)
	at org.testng.SuiteRunner.runTest(SuiteRunner.java:443)
	at org.testng.SuiteRunner.runSequentially(SuiteRunner.java:437)
	at org.testng.SuiteRunner.privateRun(SuiteRunner.java:397)
	at org.testng.SuiteRunner.run(SuiteRunner.java:336)
	at org.testng.SuiteRunnerWorker.runSuite(SuiteRunnerWorker.java:52)
	at org.testng.SuiteRunnerWorker.run(SuiteRunnerWorker.java:95)
	at org.testng.TestNG.runSuitesSequentially(TestNG.java:1280)
	at org.testng.TestNG.runSuitesLocally(TestNG.java:1200)
	at org.testng.TestNG.runSuites(TestNG.java:1114)
	at org.testng.TestNG.run(TestNG.java:1082)
	at com.intellij.rt.testng.IDEARemoteTestNG.run(IDEARemoteTestNG.java:66)
	at com.intellij.rt.testng.RemoteTestNGStarter.main(RemoteTestNGStarter.java:109)
2024-12-22 22:48:34 INFO  WebDriverRun:52 - ChromeDriver has been launched.
2024-12-22 22:48:34 INFO  BaseTest:21 - Test verifyCourseCardsTest is started!
2024-12-22 22:48:34 INFO  BaseTest:26 - Tests automation is ended
2024-12-22 22:48:34 ERROR BaseTest:34 - Test verifyCourseCardsTest is FAILED
org.openqa.selenium.NoSuchSessionException: Session ID is null. Using WebDriver after calling quit()?
Build info: version: '4.27.0', revision: 'd6e718d134'
System info: os.name: 'Mac OS X', os.arch: 'aarch64', os.version: '13.1', java.version: '17.0.13'
Driver info: org.openqa.selenium.chrome.ChromeDriver
Command: [null, get {url=https://otus.ru/catalog/courses}]
Capabilities {acceptInsecureCerts: false, browserName: chrome, browserVersion: 117.0.5938.132, chrome: {chromedriverVersion: 117.0.5938.149 (e3344ddefa1..., userDataDir: /var/folders/jd/bk58j_5x68v...}, fedcm:accounts: true, goog:chromeOptions: {debuggerAddress: localhost:63543}, networkConnectionEnabled: false, pageLoadStrategy: normal, platformName: mac, proxy: Proxy(), se:cdp: ws://localhost:63543/devtoo..., se:cdpVersion: 117.0.5938.132, setWindowRect: true, strictFileInteractability: false, timeouts: {implicit: 0, pageLoad: 300000, script: 30000}, unhandledPromptBehavior: dismiss and notify, webauthn:extension:credBlob: true, webauthn:extension:largeBlob: true, webauthn:extension:minPinLength: true, webauthn:extension:prf: true, webauthn:virtualAuthenticators: true}
	at org.openqa.selenium.remote.HttpCommandExecutor.execute(HttpCommandExecutor.java:151)
	at org.openqa.selenium.remote.service.DriverCommandExecutor.invokeExecute(DriverCommandExecutor.java:216)
	at org.openqa.selenium.remote.service.DriverCommandExecutor.execute(DriverCommandExecutor.java:174)
	at org.openqa.selenium.remote.RemoteWebDriver.execute(RemoteWebDriver.java:545)
	at org.openqa.selenium.remote.RemoteWebDriver.get(RemoteWebDriver.java:313)
	at com.otus.testframework.framework.framework.pages.AbstractWebPage.navigateTo(AbstractWebPage.java:60)
	at com.otus.testframework.framework.framework.pages.CoursesPage.open(CoursesPage.java:42)
	at homework.FirstHomeWorkTest.verifyCourseCardsTest(FirstHomeWorkTest.java:39)
	at java.base/jdk.internal.reflect.NativeMethodAccessorImpl.invoke0(Native Method)
	at java.base/jdk.internal.reflect.NativeMethodAccessorImpl.invoke(NativeMethodAccessorImpl.java:77)
	at java.base/jdk.internal.reflect.DelegatingMethodAccessorImpl.invoke(DelegatingMethodAccessorImpl.java:43)
	at java.base/java.lang.reflect.Method.invoke(Method.java:569)
	at org.testng.internal.invokers.MethodInvocationHelper.invokeMethod(MethodInvocationHelper.java:139)
	at org.testng.internal.invokers.TestInvoker.invokeMethod(TestInvoker.java:664)
	at org.testng.internal.invokers.TestInvoker.invokeTestMethod(TestInvoker.java:227)
	at org.testng.internal.invokers.MethodRunner.runInSequence(MethodRunner.java:50)
	at org.testng.internal.invokers.TestInvoker$MethodInvocationAgent.invoke(TestInvoker.java:957)
	at org.testng.internal.invokers.TestInvoker.invokeTestMethods(TestInvoker.java:200)
	at org.testng.internal.invokers.TestMethodWorker.invokeTestMethods(TestMethodWorker.java:148)
	at org.testng.internal.invokers.TestMethodWorker.run(TestMethodWorker.java:128)
	at java.base/java.util.ArrayList.forEach(ArrayList.java:1511)
	at org.testng.TestRunner.privateRun(TestRunner.java:848)
	at org.testng.TestRunner.run(TestRunner.java:621)
	at org.testng.SuiteRunner.runTest(SuiteRunner.java:443)
	at org.testng.SuiteRunner.runSequentially(SuiteRunner.java:437)
	at org.testng.SuiteRunner.privateRun(SuiteRunner.java:397)
	at org.testng.SuiteRunner.run(SuiteRunner.java:336)
	at org.testng.SuiteRunnerWorker.runSuite(SuiteRunnerWorker.java:52)
	at org.testng.SuiteRunnerWorker.run(SuiteRunnerWorker.java:95)
	at org.testng.TestNG.runSuitesSequentially(TestNG.java:1280)
	at org.testng.TestNG.runSuitesLocally(TestNG.java:1200)
	at org.testng.TestNG.runSuites(TestNG.java:1114)
	at org.testng.TestNG.run(TestNG.java:1082)
	at com.intellij.rt.testng.IDEARemoteTestNG.run(IDEARemoteTestNG.java:66)
	at com.intellij.rt.testng.RemoteTestNGStarter.main(RemoteTestNGStarter.java:109)
2024-12-23 12:58:12 INFO  WebDriverRun:51 - ChromeDriver has been launched.
2024-12-23 12:58:12 INFO  BaseTest:21 - Test findAndVerifyCoursePageTest is started!
2024-12-23 12:58:26 INFO  BaseTest:26 - Tests automation is ended
2024-12-23 12:58:26 INFO  BaseTest:31 - Test findAndVerifyCoursePageTest is PASSED
2024-12-23 12:58:27 INFO  WebDriverRun:51 - ChromeDriver has been launched.
2024-12-23 12:58:27 INFO  BaseTest:21 - Test verifyCorrectCourseCatalogOpensForRandomCategory is started!
2024-12-23 12:58:27 INFO  BaseTest:26 - Tests automation is ended
2024-12-23 12:58:27 ERROR BaseTest:34 - Test verifyCorrectCourseCatalogOpensForRandomCategory is FAILED
org.openqa.selenium.NoSuchSessionException: Session ID is null. Using WebDriver after calling quit()?
Build info: version: '4.27.0', revision: 'd6e718d134'
System info: os.name: 'Mac OS X', os.arch: 'aarch64', os.version: '13.1', java.version: '17.0.13'
Driver info: org.openqa.selenium.chrome.ChromeDriver
Command: [null, get {url=https://otus.ru}]
Capabilities {acceptInsecureCerts: false, browserName: chrome, browserVersion: 117.0.5938.132, chrome: {chromedriverVersion: 117.0.5938.149 (e3344ddefa1..., userDataDir: /var/folders/jd/bk58j_5x68v...}, fedcm:accounts: true, goog:chromeOptions: {debuggerAddress: localhost:60956}, networkConnectionEnabled: false, pageLoadStrategy: normal, platformName: mac, proxy: Proxy(), se:cdp: ws://localhost:60956/devtoo..., se:cdpVersion: 117.0.5938.132, setWindowRect: true, strictFileInteractability: false, timeouts: {implicit: 0, pageLoad: 300000, script: 30000}, unhandledPromptBehavior: dismiss and notify, webauthn:extension:credBlob: true, webauthn:extension:largeBlob: true, webauthn:extension:minPinLength: true, webauthn:extension:prf: true, webauthn:virtualAuthenticators: true}
	at org.openqa.selenium.remote.HttpCommandExecutor.execute(HttpCommandExecutor.java:151)
	at org.openqa.selenium.remote.service.DriverCommandExecutor.invokeExecute(DriverCommandExecutor.java:216)
	at org.openqa.selenium.remote.service.DriverCommandExecutor.execute(DriverCommandExecutor.java:174)
	at org.openqa.selenium.remote.RemoteWebDriver.execute(RemoteWebDriver.java:545)
	at org.openqa.selenium.remote.RemoteWebDriver.get(RemoteWebDriver.java:313)
	at com.otus.testframework.framework.framework.pages.AbstractWebPage.navigateTo(AbstractWebPage.java:60)
	at com.otus.testframework.framework.framework.pages.MainPage.open(MainPage.java:28)
	at homework.FirstHomeWorkTest.verifyCorrectCourseCatalogOpensForRandomCategory(FirstHomeWorkTest.java:60)
	at java.base/jdk.internal.reflect.NativeMethodAccessorImpl.invoke0(Native Method)
	at java.base/jdk.internal.reflect.NativeMethodAccessorImpl.invoke(NativeMethodAccessorImpl.java:77)
	at java.base/jdk.internal.reflect.DelegatingMethodAccessorImpl.invoke(DelegatingMethodAccessorImpl.java:43)
	at java.base/java.lang.reflect.Method.invoke(Method.java:569)
	at org.testng.internal.invokers.MethodInvocationHelper.invokeMethod(MethodInvocationHelper.java:139)
	at org.testng.internal.invokers.TestInvoker.invokeMethod(TestInvoker.java:664)
	at org.testng.internal.invokers.TestInvoker.invokeTestMethod(TestInvoker.java:227)
	at org.testng.internal.invokers.MethodRunner.runInSequence(MethodRunner.java:50)
	at org.testng.internal.invokers.TestInvoker$MethodInvocationAgent.invoke(TestInvoker.java:957)
	at org.testng.internal.invokers.TestInvoker.invokeTestMethods(TestInvoker.java:200)
	at org.testng.internal.invokers.TestMethodWorker.invokeTestMethods(TestMethodWorker.java:148)
	at org.testng.internal.invokers.TestMethodWorker.run(TestMethodWorker.java:128)
	at java.base/java.util.ArrayList.forEach(ArrayList.java:1511)
	at org.testng.TestRunner.privateRun(TestRunner.java:848)
	at org.testng.TestRunner.run(TestRunner.java:621)
	at org.testng.SuiteRunner.runTest(SuiteRunner.java:443)
	at org.testng.SuiteRunner.runSequentially(SuiteRunner.java:437)
	at org.testng.SuiteRunner.privateRun(SuiteRunner.java:397)
	at org.testng.SuiteRunner.run(SuiteRunner.java:336)
	at org.testng.SuiteRunnerWorker.runSuite(SuiteRunnerWorker.java:52)
	at org.testng.SuiteRunnerWorker.run(SuiteRunnerWorker.java:95)
	at org.testng.TestNG.runSuitesSequentially(TestNG.java:1280)
	at org.testng.TestNG.runSuitesLocally(TestNG.java:1200)
	at org.testng.TestNG.runSuites(TestNG.java:1114)
	at org.testng.TestNG.run(TestNG.java:1082)
	at com.intellij.rt.testng.IDEARemoteTestNG.run(IDEARemoteTestNG.java:66)
	at com.intellij.rt.testng.RemoteTestNGStarter.main(RemoteTestNGStarter.java:109)
2024-12-23 12:58:28 INFO  WebDriverRun:51 - ChromeDriver has been launched.
2024-12-23 12:58:28 INFO  BaseTest:21 - Test verifyCourseCardsTest is started!
2024-12-23 12:58:28 INFO  BaseTest:26 - Tests automation is ended
2024-12-23 12:58:28 ERROR BaseTest:34 - Test verifyCourseCardsTest is FAILED
org.openqa.selenium.NoSuchSessionException: Session ID is null. Using WebDriver after calling quit()?
Build info: version: '4.27.0', revision: 'd6e718d134'
System info: os.name: 'Mac OS X', os.arch: 'aarch64', os.version: '13.1', java.version: '17.0.13'
Driver info: org.openqa.selenium.chrome.ChromeDriver
Command: [null, get {url=https://otus.ru/catalog/courses}]
Capabilities {acceptInsecureCerts: false, browserName: chrome, browserVersion: 117.0.5938.132, chrome: {chromedriverVersion: 117.0.5938.149 (e3344ddefa1..., userDataDir: /var/folders/jd/bk58j_5x68v...}, fedcm:accounts: true, goog:chromeOptions: {debuggerAddress: localhost:60956}, networkConnectionEnabled: false, pageLoadStrategy: normal, platformName: mac, proxy: Proxy(), se:cdp: ws://localhost:60956/devtoo..., se:cdpVersion: 117.0.5938.132, setWindowRect: true, strictFileInteractability: false, timeouts: {implicit: 0, pageLoad: 300000, script: 30000}, unhandledPromptBehavior: dismiss and notify, webauthn:extension:credBlob: true, webauthn:extension:largeBlob: true, webauthn:extension:minPinLength: true, webauthn:extension:prf: true, webauthn:virtualAuthenticators: true}
	at org.openqa.selenium.remote.HttpCommandExecutor.execute(HttpCommandExecutor.java:151)
	at org.openqa.selenium.remote.service.DriverCommandExecutor.invokeExecute(DriverCommandExecutor.java:216)
	at org.openqa.selenium.remote.service.DriverCommandExecutor.execute(DriverCommandExecutor.java:174)
	at org.openqa.selenium.remote.RemoteWebDriver.execute(RemoteWebDriver.java:545)
	at org.openqa.selenium.remote.RemoteWebDriver.get(RemoteWebDriver.java:313)
	at com.otus.testframework.framework.framework.pages.AbstractWebPage.navigateTo(AbstractWebPage.java:60)
	at com.otus.testframework.framework.framework.pages.CoursesPage.open(CoursesPage.java:42)
	at homework.FirstHomeWorkTest.verifyCourseCardsTest(FirstHomeWorkTest.java:39)
	at java.base/jdk.internal.reflect.NativeMethodAccessorImpl.invoke0(Native Method)
	at java.base/jdk.internal.reflect.NativeMethodAccessorImpl.invoke(NativeMethodAccessorImpl.java:77)
	at java.base/jdk.internal.reflect.DelegatingMethodAccessorImpl.invoke(DelegatingMethodAccessorImpl.java:43)
	at java.base/java.lang.reflect.Method.invoke(Method.java:569)
	at org.testng.internal.invokers.MethodInvocationHelper.invokeMethod(MethodInvocationHelper.java:139)
	at org.testng.internal.invokers.TestInvoker.invokeMethod(TestInvoker.java:664)
	at org.testng.internal.invokers.TestInvoker.invokeTestMethod(TestInvoker.java:227)
	at org.testng.internal.invokers.MethodRunner.runInSequence(MethodRunner.java:50)
	at org.testng.internal.invokers.TestInvoker$MethodInvocationAgent.invoke(TestInvoker.java:957)
	at org.testng.internal.invokers.TestInvoker.invokeTestMethods(TestInvoker.java:200)
	at org.testng.internal.invokers.TestMethodWorker.invokeTestMethods(TestMethodWorker.java:148)
	at org.testng.internal.invokers.TestMethodWorker.run(TestMethodWorker.java:128)
	at java.base/java.util.ArrayList.forEach(ArrayList.java:1511)
	at org.testng.TestRunner.privateRun(TestRunner.java:848)
	at org.testng.TestRunner.run(TestRunner.java:621)
	at org.testng.SuiteRunner.runTest(SuiteRunner.java:443)
	at org.testng.SuiteRunner.runSequentially(SuiteRunner.java:437)
	at org.testng.SuiteRunner.privateRun(SuiteRunner.java:397)
	at org.testng.SuiteRunner.run(SuiteRunner.java:336)
	at org.testng.SuiteRunnerWorker.runSuite(SuiteRunnerWorker.java:52)
	at org.testng.SuiteRunnerWorker.run(SuiteRunnerWorker.java:95)
	at org.testng.TestNG.runSuitesSequentially(TestNG.java:1280)
	at org.testng.TestNG.runSuitesLocally(TestNG.java:1200)
	at org.testng.TestNG.runSuites(TestNG.java:1114)
	at org.testng.TestNG.run(TestNG.java:1082)
	at com.intellij.rt.testng.IDEARemoteTestNG.run(IDEARemoteTestNG.java:66)
	at com.intellij.rt.testng.RemoteTestNGStarter.main(RemoteTestNGStarter.java:109)
2024-12-23 13:08:00 INFO  WebDriverRun:52 - ChromeDriver has been launched.
2024-12-23 13:08:00 INFO  BaseTest:21 - Test findAndVerifyCoursePageTest is started!
2024-12-23 13:08:15 INFO  BaseTest:26 - Tests automation is ended
2024-12-23 13:08:15 INFO  BaseTest:30 - Test findAndVerifyCoursePageTest is PASSED
2024-12-23 13:08:15 INFO  BaseTest:21 - Test verifyCorrectCourseCatalogOpensForRandomCategory is started!
2024-12-23 13:08:19 INFO  BaseTest:26 - Tests automation is ended
2024-12-23 13:08:19 INFO  BaseTest:30 - Test verifyCorrectCourseCatalogOpensForRandomCategory is PASSED
2024-12-23 13:08:19 INFO  BaseTest:21 - Test verifyCourseCardsTest is started!
2024-12-23 13:08:54 INFO  BaseTest:26 - Tests automation is ended
2024-12-23 13:08:54 INFO  BaseTest:30 - Test verifyCourseCardsTest is PASSED
